<?xml version="1.0" encoding="UTF-8"?>
<coverage generated="1537876116223" clover="3.2.0">
  <project timestamp="1537876116223" name="All files">
    <metrics statements="336" coveredstatements="329" conditionals="299" coveredconditionals="286" methods="9" coveredmethods="9" elements="644" coveredelements="624" complexity="0" loc="336" ncloc="336" packages="2" files="10" classes="10">
      <package name="src">
        <metrics statements="326" coveredstatements="319" conditionals="299" coveredconditionals="286" methods="9" coveredmethods="9"/>
        <file name="camelToDash.js" path="/home/tyler/Projects/styled-inline-additions/src/camelToDash.js">
          <metrics statements="4" coveredstatements="4" conditionals="6" coveredconditionals="6" methods="2" coveredmethods="2"/>
          <line num="3" count="1" type="stmt"/>
          <line num="4" count="174" type="cond" truecount="2" falsecount="0"/>
          <line num="6" count="174" type="stmt"/>
          <line num="8" count="78" type="cond" truecount="2" falsecount="0"/>
        </file>
        <file name="handleAdd.js" path="/home/tyler/Projects/styled-inline-additions/src/handleAdd.js">
          <metrics statements="225" coveredstatements="218" conditionals="205" coveredconditionals="193" methods="3" coveredmethods="3"/>
          <line num="7" count="1" type="stmt"/>
          <line num="8" count="37" type="stmt"/>
          <line num="9" count="37" type="stmt"/>
          <line num="10" count="37" type="stmt"/>
          <line num="11" count="37" type="stmt"/>
          <line num="12" count="37" type="stmt"/>
          <line num="13" count="37" type="stmt"/>
          <line num="14" count="37" type="stmt"/>
          <line num="15" count="37" type="stmt"/>
          <line num="24" count="37" type="stmt"/>
          <line num="28" count="37" type="stmt"/>
          <line num="29" count="37" type="cond" truecount="2" falsecount="0"/>
          <line num="30" count="37" type="stmt"/>
          <line num="32" count="37" type="cond" truecount="2" falsecount="0"/>
          <line num="33" count="25" type="stmt"/>
          <line num="34" count="12" type="cond" truecount="1" falsecount="1"/>
          <line num="36" count="12" type="stmt"/>
          <line num="39" count="37" type="stmt"/>
          <line num="44" count="101" type="stmt"/>
          <line num="45" count="101" type="cond" truecount="2" falsecount="0"/>
          <line num="46" count="73" type="stmt"/>
          <line num="47" count="73" type="stmt"/>
          <line num="50" count="73" type="cond" truecount="2" falsecount="0"/>
          <line num="52" count="13" type="stmt"/>
          <line num="55" count="60" type="stmt"/>
          <line num="57" count="28" type="stmt"/>
          <line num="62" count="395" type="stmt"/>
          <line num="64" count="37" type="stmt"/>
          <line num="71" count="37" type="stmt"/>
          <line num="72" count="224" type="stmt"/>
          <line num="73" count="224" type="stmt"/>
          <line num="74" count="224" type="stmt"/>
          <line num="75" count="224" type="stmt"/>
          <line num="76" count="224" type="stmt"/>
          <line num="77" count="224" type="stmt"/>
          <line num="78" count="224" type="stmt"/>
          <line num="79" count="224" type="stmt"/>
          <line num="80" count="224" type="stmt"/>
          <line num="82" count="224" type="cond" truecount="2" falsecount="0"/>
          <line num="83" count="122" type="cond" truecount="11" falsecount="1"/>
          <line num="85" count="45" type="stmt"/>
          <line num="86" count="45" type="stmt"/>
          <line num="87" count="45" type="stmt"/>
          <line num="88" count="45" type="stmt"/>
          <line num="90" count="45" type="cond" truecount="2" falsecount="0"/>
          <line num="91" count="10" type="cond" truecount="2" falsecount="0"/>
          <line num="93" count="10" type="stmt"/>
          <line num="96" count="10" type="stmt"/>
          <line num="97" count="35" type="cond" truecount="5" falsecount="0"/>
          <line num="98" count="25" type="cond" truecount="2" falsecount="0"/>
          <line num="99" count="9" type="stmt"/>
          <line num="102" count="25" type="stmt"/>
          <line num="103" count="10" type="cond" truecount="5" falsecount="0"/>
          <line num="104" count="9" type="cond" truecount="5" falsecount="0"/>
          <line num="105" count="1" type="stmt"/>
          <line num="108" count="9" type="stmt"/>
          <line num="110" count="1" type="stmt"/>
          <line num="112" count="45" type="stmt"/>
          <line num="115" count="23" type="stmt"/>
          <line num="116" count="23" type="stmt"/>
          <line num="118" count="23" type="cond" truecount="5" falsecount="0"/>
          <line num="119" count="22" type="cond" truecount="2" falsecount="0"/>
          <line num="120" count="8" type="stmt"/>
          <line num="123" count="22" type="stmt"/>
          <line num="125" count="1" type="stmt"/>
          <line num="127" count="23" type="stmt"/>
          <line num="130" count="5" type="stmt"/>
          <line num="131" count="5" type="stmt"/>
          <line num="133" count="5" type="cond" truecount="5" falsecount="0"/>
          <line num="134" count="4" type="cond" truecount="2" falsecount="0"/>
          <line num="135" count="1" type="stmt"/>
          <line num="138" count="4" type="stmt"/>
          <line num="140" count="1" type="stmt"/>
          <line num="142" count="5" type="stmt"/>
          <line num="145" count="3" type="stmt"/>
          <line num="146" count="3" type="stmt"/>
          <line num="148" count="3" type="cond" truecount="5" falsecount="0"/>
          <line num="149" count="2" type="cond" truecount="2" falsecount="0"/>
          <line num="150" count="1" type="stmt"/>
          <line num="153" count="2" type="stmt"/>
          <line num="155" count="1" type="stmt"/>
          <line num="157" count="3" type="stmt"/>
          <line num="160" count="2" type="stmt"/>
          <line num="161" count="2" type="stmt"/>
          <line num="163" count="2" type="cond" truecount="5" falsecount="0"/>
          <line num="164" count="1" type="cond" truecount="1" falsecount="1"/>
          <line num="165" count="1" type="stmt"/>
          <line num="168" count="1" type="stmt"/>
          <line num="170" count="1" type="stmt"/>
          <line num="172" count="2" type="stmt"/>
          <line num="175" count="10" type="stmt"/>
          <line num="176" count="10" type="stmt"/>
          <line num="178" count="10" type="cond" truecount="5" falsecount="0"/>
          <line num="179" count="9" type="cond" truecount="5" falsecount="0"/>
          <line num="180" count="2" type="stmt"/>
          <line num="183" count="9" type="stmt"/>
          <line num="185" count="1" type="stmt"/>
          <line num="187" count="10" type="stmt"/>
          <line num="190" count="2" type="stmt"/>
          <line num="191" count="2" type="stmt"/>
          <line num="193" count="2" type="cond" truecount="5" falsecount="0"/>
          <line num="194" count="1" type="cond" truecount="1" falsecount="1"/>
          <line num="195" count="1" type="stmt"/>
          <line num="198" count="1" type="stmt"/>
          <line num="200" count="1" type="stmt"/>
          <line num="202" count="2" type="stmt"/>
          <line num="205" count="6" type="stmt"/>
          <line num="206" count="6" type="stmt"/>
          <line num="208" count="6" type="cond" truecount="5" falsecount="0"/>
          <line num="209" count="5" type="cond" truecount="2" falsecount="0"/>
          <line num="210" count="1" type="stmt"/>
          <line num="213" count="5" type="stmt"/>
          <line num="215" count="1" type="stmt"/>
          <line num="217" count="6" type="stmt"/>
          <line num="220" count="6" type="stmt"/>
          <line num="221" count="6" type="stmt"/>
          <line num="223" count="6" type="cond" truecount="5" falsecount="0"/>
          <line num="224" count="5" type="cond" truecount="2" falsecount="0"/>
          <line num="225" count="1" type="stmt"/>
          <line num="228" count="5" type="stmt"/>
          <line num="230" count="1" type="stmt"/>
          <line num="232" count="6" type="stmt"/>
          <line num="235" count="7" type="stmt"/>
          <line num="236" count="7" type="stmt"/>
          <line num="237" count="7" type="stmt"/>
          <line num="238" count="7" type="stmt"/>
          <line num="239" count="7" type="stmt"/>
          <line num="241" count="7" type="cond" truecount="5" falsecount="0"/>
          <line num="242" count="6" type="cond" truecount="2" falsecount="0"/>
          <line num="243" count="4" type="stmt"/>
          <line num="248" count="4" type="cond" truecount="5" falsecount="0"/>
          <line num="249" count="3" type="stmt"/>
          <line num="251" count="1" type="stmt"/>
          <line num="254" count="4" type="cond" truecount="2" falsecount="0"/>
          <line num="258" count="1" type="cond" truecount="1" falsecount="1"/>
          <line num="259" count="1" type="stmt"/>
          <line num="260" count="1" type="stmt"/>
          <line num="262" count="0" type="stmt"/>
          <line num="263" count="0" type="stmt"/>
          <line num="267" count="4" type="stmt"/>
          <line num="269" count="2" type="stmt"/>
          <line num="271" count="2" type="cond" truecount="2" falsecount="3"/>
          <line num="272" count="2" type="stmt"/>
          <line num="274" count="0" type="stmt"/>
          <line num="277" count="2" type="cond" truecount="4" falsecount="0"/>
          <line num="278" count="1" type="cond" truecount="1" falsecount="1"/>
          <line num="279" count="0" type="stmt"/>
          <line num="280" count="0" type="stmt"/>
          <line num="282" count="1" type="stmt"/>
          <line num="283" count="1" type="stmt"/>
          <line num="287" count="2" type="stmt"/>
          <line num="290" count="1" type="stmt"/>
          <line num="292" count="7" type="stmt"/>
          <line num="295" count="13" type="cond" truecount="2" falsecount="0"/>
          <line num="300" count="12" type="cond" truecount="2" falsecount="0"/>
          <line num="301" count="3" type="cond" truecount="2" falsecount="0"/>
          <line num="302" count="3" type="stmt"/>
          <line num="304" count="9" type="cond" truecount="1" falsecount="1"/>
          <line num="305" count="9" type="stmt"/>
          <line num="309" count="12" type="stmt"/>
          <line num="311" count="1" type="stmt"/>
          <line num="313" count="13" type="stmt"/>
          <line num="316" count="0" type="stmt"/>
          <line num="317" count="0" type="stmt"/>
          <line num="321" count="102" type="cond" truecount="10" falsecount="0"/>
          <line num="323" count="59" type="stmt"/>
          <line num="324" count="59" type="stmt"/>
          <line num="330" count="2" type="stmt"/>
          <line num="331" count="2" type="stmt"/>
          <line num="332" count="2" type="stmt"/>
          <line num="333" count="2" type="stmt"/>
          <line num="335" count="2" type="cond" truecount="5" falsecount="0"/>
          <line num="336" count="1" type="stmt"/>
          <line num="338" count="1" type="stmt"/>
          <line num="340" count="2" type="stmt"/>
          <line num="344" count="11" type="stmt"/>
          <line num="345" count="11" type="stmt"/>
          <line num="346" count="11" type="stmt"/>
          <line num="347" count="11" type="stmt"/>
          <line num="349" count="11" type="cond" truecount="5" falsecount="0"/>
          <line num="350" count="5" type="stmt"/>
          <line num="352" count="6" type="stmt"/>
          <line num="356" count="11" type="cond" truecount="2" falsecount="0"/>
          <line num="359" count="1" type="stmt"/>
          <line num="360" count="1" type="stmt"/>
          <line num="365" count="10" type="stmt"/>
          <line num="366" count="10" type="stmt"/>
          <line num="368" count="11" type="stmt"/>
          <line num="371" count="11" type="stmt"/>
          <line num="372" count="11" type="stmt"/>
          <line num="375" count="14" type="stmt"/>
          <line num="376" count="14" type="stmt"/>
          <line num="377" count="14" type="stmt"/>
          <line num="378" count="14" type="stmt"/>
          <line num="379" count="14" type="stmt"/>
          <line num="380" count="14" type="stmt"/>
          <line num="381" count="14" type="stmt"/>
          <line num="383" count="14" type="cond" truecount="2" falsecount="0"/>
          <line num="387" count="10" type="stmt"/>
          <line num="389" count="10" type="stmt"/>
          <line num="391" count="10" type="stmt"/>
          <line num="392" count="4" type="cond" truecount="2" falsecount="0"/>
          <line num="400" count="1" type="stmt"/>
          <line num="405" count="1" type="stmt"/>
          <line num="407" count="1" type="stmt"/>
          <line num="408" count="3" type="cond" truecount="2" falsecount="0"/>
          <line num="415" count="1" type="stmt"/>
          <line num="420" count="1" type="stmt"/>
          <line num="422" count="1" type="stmt"/>
          <line num="424" count="2" type="stmt"/>
          <line num="426" count="14" type="stmt"/>
          <line num="429" count="5" type="stmt"/>
          <line num="430" count="5" type="stmt"/>
          <line num="436" count="224" type="cond" truecount="5" falsecount="0"/>
          <line num="438" count="23" type="cond" truecount="4" falsecount="0"/>
          <line num="439" count="10" type="stmt"/>
          <line num="441" count="10" type="stmt"/>
          <line num="444" count="13" type="cond" truecount="2" falsecount="0"/>
          <line num="445" count="11" type="stmt"/>
          <line num="452" count="23" type="cond" truecount="2" falsecount="0"/>
          <line num="453" count="2" type="stmt"/>
          <line num="454" count="2" type="stmt"/>
          <line num="456" count="21" type="stmt"/>
          <line num="459" count="23" type="stmt"/>
          <line num="463" count="37" type="stmt"/>
        </file>
        <file name="inlineAdditions.js" path="/home/tyler/Projects/styled-inline-additions/src/inlineAdditions.js">
          <metrics statements="14" coveredstatements="14" conditionals="12" coveredconditionals="12" methods="1" coveredmethods="1"/>
          <line num="5" count="1" type="stmt"/>
          <line num="6" count="4" type="stmt"/>
          <line num="8" count="4" type="cond" truecount="2" falsecount="0"/>
          <line num="9" count="2" type="cond" truecount="2" falsecount="0"/>
          <line num="10" count="1" type="stmt"/>
          <line num="12" count="1" type="stmt"/>
          <line num="16" count="4" type="cond" truecount="2" falsecount="0"/>
          <line num="17" count="3" type="cond" truecount="4" falsecount="0"/>
          <line num="18" count="2" type="stmt"/>
          <line num="19" count="2" type="stmt"/>
          <line num="21" count="2" type="cond" truecount="2" falsecount="0"/>
          <line num="24" count="1" type="stmt"/>
          <line num="30" count="1" type="stmt"/>
          <line num="36" count="4" type="stmt"/>
        </file>
        <file name="inlineConvert.js" path="/home/tyler/Projects/styled-inline-additions/src/inlineConvert.js">
          <metrics statements="75" coveredstatements="75" conditionals="68" coveredconditionals="67" methods="2" coveredmethods="2"/>
          <line num="10" count="1" type="stmt"/>
          <line num="11" count="66" type="stmt"/>
          <line num="12" count="66" type="stmt"/>
          <line num="13" count="66" type="stmt"/>
          <line num="14" count="66" type="stmt"/>
          <line num="15" count="66" type="stmt"/>
          <line num="17" count="66" type="cond" truecount="5" falsecount="0"/>
          <line num="18" count="64" type="stmt"/>
          <line num="19" count="191" type="stmt"/>
          <line num="20" count="191" type="stmt"/>
          <line num="21" count="191" type="stmt"/>
          <line num="23" count="191" type="cond" truecount="2" falsecount="0"/>
          <line num="26" count="133" type="cond" truecount="2" falsecount="0"/>
          <line num="29" count="25" type="stmt"/>
          <line num="34" count="25" type="cond" truecount="2" falsecount="0"/>
          <line num="35" count="16" type="stmt"/>
          <line num="37" count="25" type="cond" truecount="2" falsecount="0"/>
          <line num="38" count="5" type="stmt"/>
          <line num="40" count="25" type="cond" truecount="2" falsecount="0"/>
          <line num="41" count="6" type="stmt"/>
          <line num="43" count="25" type="cond" truecount="2" falsecount="0"/>
          <line num="44" count="5" type="stmt"/>
          <line num="47" count="108" type="stmt"/>
          <line num="48" count="108" type="stmt"/>
          <line num="50" count="108" type="stmt"/>
          <line num="52" count="58" type="cond" truecount="2" falsecount="0"/>
          <line num="64" count="56" type="cond" truecount="4" falsecount="0"/>
          <line num="65" count="43" type="cond" truecount="9" falsecount="0"/>
          <line num="67" count="20" type="stmt"/>
          <line num="69" count="20" type="cond" truecount="2" falsecount="0"/>
          <line num="70" count="19" type="stmt"/>
          <line num="74" count="1" type="stmt"/>
          <line num="76" count="20" type="cond" truecount="2" falsecount="0"/>
          <line num="77" count="4" type="stmt"/>
          <line num="79" count="20" type="stmt"/>
          <line num="85" count="5" type="stmt"/>
          <line num="86" count="5" type="stmt"/>
          <line num="88" count="5" type="cond" truecount="2" falsecount="0"/>
          <line num="89" count="2" type="stmt"/>
          <line num="93" count="3" type="stmt"/>
          <line num="95" count="5" type="cond" truecount="2" falsecount="0"/>
          <line num="96" count="2" type="stmt"/>
          <line num="98" count="5" type="stmt"/>
          <line num="104" count="10" type="stmt"/>
          <line num="108" count="10" type="stmt"/>
          <line num="110" count="10" type="cond" truecount="2" falsecount="0"/>
          <line num="111" count="7" type="stmt"/>
          <line num="113" count="10" type="cond" truecount="2" falsecount="0"/>
          <line num="114" count="5" type="stmt"/>
          <line num="120" count="5" type="stmt"/>
          <line num="122" count="10" type="cond" truecount="2" falsecount="0"/>
          <line num="123" count="3" type="stmt"/>
          <line num="125" count="10" type="stmt"/>
          <line num="128" count="7" type="stmt"/>
          <line num="130" count="7" type="cond" truecount="2" falsecount="0"/>
          <line num="131" count="6" type="stmt"/>
          <line num="133" count="6" type="stmt"/>
          <line num="135" count="7" type="cond" truecount="2" falsecount="0"/>
          <line num="136" count="2" type="stmt"/>
          <line num="138" count="7" type="stmt"/>
          <line num="141" count="1" type="stmt"/>
          <line num="142" count="1" type="stmt"/>
          <line num="147" count="13" type="cond" truecount="2" falsecount="0"/>
          <line num="150" count="12" type="stmt"/>
          <line num="155" count="12" type="cond" truecount="2" falsecount="0"/>
          <line num="156" count="10" type="stmt"/>
          <line num="158" count="12" type="cond" truecount="2" falsecount="0"/>
          <line num="159" count="2" type="stmt"/>
          <line num="161" count="12" type="cond" truecount="2" falsecount="0"/>
          <line num="162" count="1" type="stmt"/>
          <line num="164" count="12" type="cond" truecount="2" falsecount="0"/>
          <line num="165" count="4" type="stmt"/>
          <line num="168" count="1" type="stmt"/>
          <line num="171" count="2" type="stmt"/>
          <line num="176" count="66" type="stmt"/>
        </file>
        <file name="stringifyCategory.js" path="/home/tyler/Projects/styled-inline-additions/src/stringifyCategory.js">
          <metrics statements="8" coveredstatements="8" conditionals="8" coveredconditionals="8" methods="1" coveredmethods="1"/>
          <line num="2" count="1" type="stmt"/>
          <line num="3" count="174" type="cond" truecount="8" falsecount="0"/>
          <line num="5" count="8" type="stmt"/>
          <line num="8" count="27" type="stmt"/>
          <line num="11" count="5" type="stmt"/>
          <line num="16" count="2" type="stmt"/>
          <line num="18" count="6" type="stmt"/>
          <line num="20" count="126" type="stmt"/>
        </file>
      </package>
      <package name="src.Categories">
        <metrics statements="10" coveredstatements="10" conditionals="0" coveredconditionals="0" methods="0" coveredmethods="0"/>
        <file name="categories.js" path="/home/tyler/Projects/styled-inline-additions/src/Categories/categories.js">
          <metrics statements="1" coveredstatements="1" conditionals="0" coveredconditionals="0" methods="0" coveredmethods="0"/>
          <line num="6" count="1" type="stmt"/>
        </file>
        <file name="htmlElements.js" path="/home/tyler/Projects/styled-inline-additions/src/Categories/htmlElements.js">
          <metrics statements="1" coveredstatements="1" conditionals="0" coveredconditionals="0" methods="0" coveredmethods="0"/>
          <line num="1" count="1" type="stmt"/>
        </file>
        <file name="mediaTypesFeatures.js" path="/home/tyler/Projects/styled-inline-additions/src/Categories/mediaTypesFeatures.js">
          <metrics statements="3" coveredstatements="3" conditionals="0" coveredconditionals="0" methods="0" coveredmethods="0"/>
          <line num="1" count="1" type="stmt"/>
          <line num="11" count="1" type="stmt"/>
          <line num="49" count="1" type="stmt"/>
        </file>
        <file name="pseudoClasses.js" path="/home/tyler/Projects/styled-inline-additions/src/Categories/pseudoClasses.js">
          <metrics statements="2" coveredstatements="2" conditionals="0" coveredconditionals="0" methods="0" coveredmethods="0"/>
          <line num="1" count="1" type="stmt"/>
          <line num="43" count="1" type="stmt"/>
        </file>
        <file name="pseudoElements.js" path="/home/tyler/Projects/styled-inline-additions/src/Categories/pseudoElements.js">
          <metrics statements="3" coveredstatements="3" conditionals="0" coveredconditionals="0" methods="0" coveredmethods="0"/>
          <line num="1" count="1" type="stmt"/>
          <line num="16" count="1" type="stmt"/>
          <line num="21" count="1" type="stmt"/>
        </file>
      </package>
    </metrics>
  </project>
</coverage>
