<?xml version="1.0" encoding="UTF-8"?>
<coverage generated="1537284242089" clover="3.2.0">
  <project timestamp="1537284242089" name="All files">
    <metrics statements="346" coveredstatements="341" conditionals="306" coveredconditionals="294" methods="9" coveredmethods="9" elements="661" coveredelements="644" complexity="0" loc="346" ncloc="346" packages="2" files="11" classes="11">
      <package name="styled-inline-additions">
        <metrics statements="336" coveredstatements="331" conditionals="306" coveredconditionals="294" methods="9" coveredmethods="9"/>
        <file name="camelToDash.js" path="/home/tyler/Projects/styled-inline-additions/camelToDash.js">
          <metrics statements="4" coveredstatements="4" conditionals="6" coveredconditionals="6" methods="2" coveredmethods="2"/>
          <line num="1" count="1" type="stmt"/>
          <line num="2" count="172" type="cond" truecount="2" falsecount="0"/>
          <line num="4" count="172" type="stmt"/>
          <line num="6" count="78" type="cond" truecount="2" falsecount="0"/>
        </file>
        <file name="handleAdd.js" path="/home/tyler/Projects/styled-inline-additions/handleAdd.js">
          <metrics statements="234" coveredstatements="229" conditionals="212" coveredconditionals="201" methods="3" coveredmethods="3"/>
          <line num="7" count="1" type="stmt"/>
          <line num="8" count="36" type="stmt"/>
          <line num="9" count="36" type="stmt"/>
          <line num="10" count="36" type="stmt"/>
          <line num="11" count="36" type="stmt"/>
          <line num="12" count="36" type="stmt"/>
          <line num="13" count="36" type="stmt"/>
          <line num="14" count="36" type="stmt"/>
          <line num="15" count="36" type="stmt"/>
          <line num="24" count="36" type="stmt"/>
          <line num="25" count="36" type="cond" truecount="2" falsecount="0"/>
          <line num="26" count="36" type="cond" truecount="2" falsecount="0"/>
          <line num="27" count="36" type="stmt"/>
          <line num="29" count="36" type="cond" truecount="2" falsecount="0"/>
          <line num="30" count="24" type="stmt"/>
          <line num="31" count="12" type="cond" truecount="1" falsecount="1"/>
          <line num="32" count="12" type="stmt"/>
          <line num="35" count="36" type="stmt"/>
          <line num="38" count="101" type="stmt"/>
          <line num="39" count="101" type="cond" truecount="2" falsecount="0"/>
          <line num="40" count="73" type="stmt"/>
          <line num="41" count="73" type="stmt"/>
          <line num="43" count="73" type="cond" truecount="2" falsecount="0"/>
          <line num="44" count="13" type="cond" truecount="4" falsecount="0"/>
          <line num="45" count="1" type="stmt"/>
          <line num="47" count="12" type="stmt"/>
          <line num="49" count="60" type="stmt"/>
          <line num="51" count="28" type="stmt"/>
          <line num="54" count="394" type="stmt"/>
          <line num="56" count="36" type="stmt"/>
          <line num="57" count="36" type="stmt"/>
          <line num="59" count="36" type="stmt"/>
          <line num="60" count="223" type="stmt"/>
          <line num="61" count="223" type="stmt"/>
          <line num="62" count="223" type="stmt"/>
          <line num="63" count="223" type="stmt"/>
          <line num="64" count="223" type="stmt"/>
          <line num="65" count="223" type="stmt"/>
          <line num="66" count="223" type="stmt"/>
          <line num="67" count="223" type="stmt"/>
          <line num="68" count="223" type="stmt"/>
          <line num="70" count="223" type="cond" truecount="2" falsecount="0"/>
          <line num="71" count="121" type="cond" truecount="11" falsecount="0"/>
          <line num="73" count="45" type="stmt"/>
          <line num="74" count="45" type="stmt"/>
          <line num="75" count="45" type="stmt"/>
          <line num="76" count="45" type="stmt"/>
          <line num="78" count="45" type="cond" truecount="2" falsecount="0"/>
          <line num="79" count="10" type="cond" truecount="2" falsecount="0"/>
          <line num="80" count="10" type="stmt"/>
          <line num="82" count="10" type="stmt"/>
          <line num="83" count="35" type="cond" truecount="5" falsecount="0"/>
          <line num="84" count="25" type="cond" truecount="2" falsecount="0"/>
          <line num="85" count="9" type="stmt"/>
          <line num="88" count="25" type="stmt"/>
          <line num="89" count="10" type="cond" truecount="5" falsecount="0"/>
          <line num="90" count="9" type="cond" truecount="5" falsecount="0"/>
          <line num="91" count="1" type="stmt"/>
          <line num="94" count="9" type="stmt"/>
          <line num="96" count="1" type="stmt"/>
          <line num="98" count="45" type="stmt"/>
          <line num="101" count="23" type="stmt"/>
          <line num="102" count="23" type="stmt"/>
          <line num="104" count="23" type="cond" truecount="5" falsecount="0"/>
          <line num="105" count="22" type="cond" truecount="2" falsecount="0"/>
          <line num="106" count="8" type="stmt"/>
          <line num="109" count="22" type="stmt"/>
          <line num="111" count="1" type="stmt"/>
          <line num="113" count="23" type="stmt"/>
          <line num="116" count="5" type="stmt"/>
          <line num="117" count="5" type="stmt"/>
          <line num="119" count="5" type="cond" truecount="5" falsecount="0"/>
          <line num="120" count="4" type="cond" truecount="2" falsecount="0"/>
          <line num="121" count="1" type="stmt"/>
          <line num="124" count="4" type="stmt"/>
          <line num="126" count="1" type="stmt"/>
          <line num="128" count="5" type="stmt"/>
          <line num="131" count="3" type="stmt"/>
          <line num="132" count="3" type="stmt"/>
          <line num="134" count="3" type="cond" truecount="5" falsecount="0"/>
          <line num="135" count="2" type="cond" truecount="2" falsecount="0"/>
          <line num="136" count="1" type="stmt"/>
          <line num="139" count="2" type="stmt"/>
          <line num="141" count="1" type="stmt"/>
          <line num="143" count="3" type="stmt"/>
          <line num="146" count="2" type="stmt"/>
          <line num="147" count="2" type="stmt"/>
          <line num="149" count="2" type="cond" truecount="5" falsecount="0"/>
          <line num="150" count="1" type="cond" truecount="1" falsecount="1"/>
          <line num="151" count="1" type="stmt"/>
          <line num="154" count="1" type="stmt"/>
          <line num="156" count="1" type="stmt"/>
          <line num="158" count="2" type="stmt"/>
          <line num="161" count="10" type="stmt"/>
          <line num="162" count="10" type="stmt"/>
          <line num="164" count="10" type="cond" truecount="5" falsecount="0"/>
          <line num="165" count="9" type="cond" truecount="5" falsecount="0"/>
          <line num="166" count="3" type="stmt"/>
          <line num="169" count="9" type="stmt"/>
          <line num="171" count="1" type="stmt"/>
          <line num="173" count="10" type="stmt"/>
          <line num="176" count="2" type="stmt"/>
          <line num="177" count="2" type="stmt"/>
          <line num="179" count="2" type="cond" truecount="5" falsecount="0"/>
          <line num="180" count="1" type="cond" truecount="1" falsecount="1"/>
          <line num="181" count="1" type="stmt"/>
          <line num="184" count="1" type="stmt"/>
          <line num="186" count="1" type="stmt"/>
          <line num="188" count="2" type="stmt"/>
          <line num="191" count="6" type="stmt"/>
          <line num="192" count="6" type="stmt"/>
          <line num="194" count="6" type="cond" truecount="5" falsecount="0"/>
          <line num="195" count="5" type="cond" truecount="2" falsecount="0"/>
          <line num="196" count="1" type="stmt"/>
          <line num="199" count="5" type="stmt"/>
          <line num="201" count="1" type="stmt"/>
          <line num="203" count="6" type="stmt"/>
          <line num="206" count="6" type="stmt"/>
          <line num="207" count="6" type="stmt"/>
          <line num="209" count="6" type="cond" truecount="5" falsecount="0"/>
          <line num="210" count="5" type="cond" truecount="2" falsecount="0"/>
          <line num="211" count="1" type="stmt"/>
          <line num="214" count="5" type="stmt"/>
          <line num="216" count="1" type="stmt"/>
          <line num="218" count="6" type="stmt"/>
          <line num="221" count="7" type="stmt"/>
          <line num="222" count="7" type="stmt"/>
          <line num="223" count="7" type="stmt"/>
          <line num="224" count="7" type="stmt"/>
          <line num="225" count="7" type="stmt"/>
          <line num="227" count="7" type="cond" truecount="5" falsecount="0"/>
          <line num="228" count="6" type="cond" truecount="2" falsecount="0"/>
          <line num="229" count="4" type="stmt"/>
          <line num="234" count="4" type="cond" truecount="5" falsecount="0"/>
          <line num="235" count="3" type="stmt"/>
          <line num="237" count="1" type="stmt"/>
          <line num="240" count="4" type="cond" truecount="2" falsecount="0"/>
          <line num="244" count="1" type="cond" truecount="1" falsecount="1"/>
          <line num="245" count="1" type="stmt"/>
          <line num="246" count="1" type="stmt"/>
          <line num="248" count="0" type="stmt"/>
          <line num="249" count="0" type="stmt"/>
          <line num="253" count="4" type="stmt"/>
          <line num="255" count="2" type="stmt"/>
          <line num="257" count="2" type="cond" truecount="2" falsecount="3"/>
          <line num="258" count="2" type="stmt"/>
          <line num="260" count="0" type="stmt"/>
          <line num="263" count="2" type="cond" truecount="4" falsecount="0"/>
          <line num="264" count="1" type="cond" truecount="1" falsecount="1"/>
          <line num="265" count="0" type="stmt"/>
          <line num="266" count="0" type="stmt"/>
          <line num="268" count="1" type="stmt"/>
          <line num="269" count="1" type="stmt"/>
          <line num="273" count="2" type="stmt"/>
          <line num="275" count="2" type="stmt"/>
          <line num="278" count="1" type="stmt"/>
          <line num="280" count="7" type="stmt"/>
          <line num="283" count="12" type="cond" truecount="2" falsecount="0"/>
          <line num="288" count="11" type="stmt"/>
          <line num="290" count="11" type="cond" truecount="2" falsecount="0"/>
          <line num="291" count="3" type="cond" truecount="2" falsecount="0"/>
          <line num="292" count="3" type="stmt"/>
          <line num="294" count="8" type="cond" truecount="1" falsecount="1"/>
          <line num="295" count="8" type="stmt"/>
          <line num="298" count="11" type="stmt"/>
          <line num="300" count="1" type="stmt"/>
          <line num="303" count="12" type="stmt"/>
          <line num="304" count="12" type="stmt"/>
          <line num="308" count="102" type="cond" truecount="10" falsecount="0"/>
          <line num="310" count="59" type="stmt"/>
          <line num="311" count="59" type="stmt"/>
          <line num="317" count="2" type="stmt"/>
          <line num="318" count="2" type="stmt"/>
          <line num="319" count="2" type="stmt"/>
          <line num="320" count="2" type="stmt"/>
          <line num="322" count="2" type="cond" truecount="5" falsecount="0"/>
          <line num="323" count="1" type="stmt"/>
          <line num="325" count="1" type="stmt"/>
          <line num="327" count="2" type="stmt"/>
          <line num="331" count="11" type="stmt"/>
          <line num="332" count="11" type="stmt"/>
          <line num="333" count="11" type="stmt"/>
          <line num="334" count="11" type="stmt"/>
          <line num="336" count="11" type="cond" truecount="5" falsecount="0"/>
          <line num="337" count="5" type="stmt"/>
          <line num="339" count="6" type="stmt"/>
          <line num="342" count="11" type="stmt"/>
          <line num="344" count="11" type="cond" truecount="2" falsecount="0"/>
          <line num="345" count="1" type="stmt"/>
          <line num="346" count="1" type="stmt"/>
          <line num="348" count="10" type="stmt"/>
          <line num="349" count="10" type="stmt"/>
          <line num="351" count="11" type="stmt"/>
          <line num="354" count="11" type="stmt"/>
          <line num="355" count="11" type="stmt"/>
          <line num="358" count="14" type="stmt"/>
          <line num="359" count="14" type="stmt"/>
          <line num="360" count="14" type="stmt"/>
          <line num="361" count="14" type="stmt"/>
          <line num="362" count="14" type="stmt"/>
          <line num="363" count="14" type="stmt"/>
          <line num="364" count="14" type="stmt"/>
          <line num="366" count="14" type="cond" truecount="2" falsecount="0"/>
          <line num="370" count="10" type="stmt"/>
          <line num="372" count="10" type="stmt"/>
          <line num="374" count="10" type="stmt"/>
          <line num="375" count="4" type="cond" truecount="2" falsecount="0"/>
          <line num="382" count="1" type="stmt"/>
          <line num="387" count="1" type="stmt"/>
          <line num="389" count="1" type="stmt"/>
          <line num="390" count="3" type="cond" truecount="2" falsecount="0"/>
          <line num="397" count="1" type="stmt"/>
          <line num="402" count="1" type="stmt"/>
          <line num="404" count="1" type="stmt"/>
          <line num="406" count="2" type="stmt"/>
          <line num="408" count="14" type="stmt"/>
          <line num="411" count="5" type="stmt"/>
          <line num="412" count="5" type="stmt"/>
          <line num="417" count="223" type="cond" truecount="2" falsecount="0"/>
          <line num="418" count="190" type="stmt"/>
          <line num="421" count="223" type="cond" truecount="5" falsecount="0"/>
          <line num="422" count="22" type="stmt"/>
          <line num="424" count="22" type="cond" truecount="4" falsecount="0"/>
          <line num="425" count="9" type="stmt"/>
          <line num="427" count="9" type="stmt"/>
          <line num="428" count="13" type="cond" truecount="2" falsecount="0"/>
          <line num="429" count="11" type="stmt"/>
          <line num="435" count="22" type="stmt"/>
          <line num="436" count="22" type="cond" truecount="2" falsecount="0"/>
          <line num="437" count="2" type="stmt"/>
          <line num="438" count="2" type="stmt"/>
          <line num="440" count="20" type="stmt"/>
          <line num="445" count="36" type="stmt"/>
          <line num="447" count="36" type="stmt"/>
        </file>
        <file name="index.jsx" path="/home/tyler/Projects/styled-inline-additions/index.jsx">
          <metrics statements="14" coveredstatements="14" conditionals="12" coveredconditionals="12" methods="1" coveredmethods="1"/>
          <line num="3" count="1" type="stmt"/>
          <line num="4" count="4" type="stmt"/>
          <line num="6" count="4" type="cond" truecount="2" falsecount="0"/>
          <line num="7" count="2" type="cond" truecount="2" falsecount="0"/>
          <line num="8" count="1" type="stmt"/>
          <line num="10" count="1" type="stmt"/>
          <line num="14" count="4" type="cond" truecount="2" falsecount="0"/>
          <line num="15" count="3" type="cond" truecount="4" falsecount="0"/>
          <line num="16" count="2" type="stmt"/>
          <line num="17" count="2" type="stmt"/>
          <line num="19" count="2" type="cond" truecount="2" falsecount="0"/>
          <line num="20" count="1" type="stmt"/>
          <line num="26" count="1" type="stmt"/>
          <line num="32" count="4" type="stmt"/>
        </file>
        <file name="inlineConvert.js" path="/home/tyler/Projects/styled-inline-additions/inlineConvert.js">
          <metrics statements="75" coveredstatements="75" conditionals="68" coveredconditionals="67" methods="2" coveredmethods="2"/>
          <line num="7" count="1" type="stmt"/>
          <line num="8" count="65" type="stmt"/>
          <line num="9" count="65" type="stmt"/>
          <line num="10" count="65" type="stmt"/>
          <line num="11" count="65" type="stmt"/>
          <line num="12" count="65" type="stmt"/>
          <line num="14" count="65" type="cond" truecount="5" falsecount="0"/>
          <line num="15" count="63" type="stmt"/>
          <line num="16" count="188" type="stmt"/>
          <line num="17" count="188" type="stmt"/>
          <line num="18" count="188" type="stmt"/>
          <line num="20" count="188" type="cond" truecount="2" falsecount="0"/>
          <line num="21" count="131" type="cond" truecount="2" falsecount="0"/>
          <line num="22" count="24" type="stmt"/>
          <line num="27" count="24" type="cond" truecount="2" falsecount="0"/>
          <line num="28" count="16" type="stmt"/>
          <line num="30" count="24" type="cond" truecount="2" falsecount="0"/>
          <line num="31" count="5" type="stmt"/>
          <line num="33" count="24" type="cond" truecount="2" falsecount="0"/>
          <line num="34" count="5" type="stmt"/>
          <line num="36" count="24" type="cond" truecount="2" falsecount="0"/>
          <line num="37" count="5" type="stmt"/>
          <line num="40" count="107" type="stmt"/>
          <line num="41" count="107" type="stmt"/>
          <line num="43" count="107" type="stmt"/>
          <line num="45" count="57" type="cond" truecount="2" falsecount="0"/>
          <line num="46" count="55" type="cond" truecount="4" falsecount="0"/>
          <line num="47" count="42" type="cond" truecount="9" falsecount="0"/>
          <line num="49" count="20" type="stmt"/>
          <line num="51" count="20" type="cond" truecount="2" falsecount="0"/>
          <line num="52" count="19" type="stmt"/>
          <line num="56" count="1" type="stmt"/>
          <line num="58" count="20" type="cond" truecount="2" falsecount="0"/>
          <line num="59" count="4" type="stmt"/>
          <line num="61" count="20" type="stmt"/>
          <line num="67" count="5" type="stmt"/>
          <line num="68" count="5" type="stmt"/>
          <line num="70" count="5" type="cond" truecount="2" falsecount="0"/>
          <line num="71" count="2" type="stmt"/>
          <line num="75" count="3" type="stmt"/>
          <line num="77" count="5" type="cond" truecount="2" falsecount="0"/>
          <line num="78" count="2" type="stmt"/>
          <line num="80" count="5" type="stmt"/>
          <line num="84" count="9" type="stmt"/>
          <line num="88" count="9" type="stmt"/>
          <line num="90" count="9" type="cond" truecount="2" falsecount="0"/>
          <line num="91" count="6" type="stmt"/>
          <line num="93" count="9" type="cond" truecount="2" falsecount="0"/>
          <line num="94" count="5" type="stmt"/>
          <line num="100" count="4" type="stmt"/>
          <line num="102" count="9" type="cond" truecount="2" falsecount="0"/>
          <line num="103" count="3" type="stmt"/>
          <line num="105" count="9" type="stmt"/>
          <line num="108" count="7" type="stmt"/>
          <line num="110" count="7" type="cond" truecount="2" falsecount="0"/>
          <line num="111" count="6" type="stmt"/>
          <line num="113" count="6" type="stmt"/>
          <line num="115" count="7" type="cond" truecount="2" falsecount="0"/>
          <line num="116" count="2" type="stmt"/>
          <line num="118" count="7" type="stmt"/>
          <line num="121" count="1" type="stmt"/>
          <line num="122" count="1" type="stmt"/>
          <line num="124" count="13" type="cond" truecount="2" falsecount="0"/>
          <line num="125" count="12" type="stmt"/>
          <line num="130" count="12" type="cond" truecount="2" falsecount="0"/>
          <line num="131" count="10" type="stmt"/>
          <line num="133" count="12" type="cond" truecount="2" falsecount="0"/>
          <line num="134" count="2" type="stmt"/>
          <line num="136" count="12" type="cond" truecount="2" falsecount="0"/>
          <line num="137" count="1" type="stmt"/>
          <line num="139" count="12" type="cond" truecount="2" falsecount="0"/>
          <line num="140" count="4" type="stmt"/>
          <line num="143" count="1" type="stmt"/>
          <line num="146" count="2" type="stmt"/>
          <line num="151" count="65" type="stmt"/>
        </file>
        <file name="setupTests.js" path="/home/tyler/Projects/styled-inline-additions/setupTests.js">
          <metrics statements="1" coveredstatements="1" conditionals="0" coveredconditionals="0" methods="0" coveredmethods="0"/>
          <line num="4" count="2" type="stmt"/>
        </file>
        <file name="stringifyCategory.js" path="/home/tyler/Projects/styled-inline-additions/stringifyCategory.js">
          <metrics statements="8" coveredstatements="8" conditionals="8" coveredconditionals="8" methods="1" coveredmethods="1"/>
          <line num="1" count="1" type="stmt"/>
          <line num="2" count="172" type="cond" truecount="8" falsecount="0"/>
          <line num="4" count="8" type="stmt"/>
          <line num="7" count="26" type="stmt"/>
          <line num="10" count="5" type="stmt"/>
          <line num="14" count="2" type="stmt"/>
          <line num="16" count="6" type="stmt"/>
          <line num="18" count="125" type="stmt"/>
        </file>
      </package>
      <package name="styled-inline-additions.Categories">
        <metrics statements="10" coveredstatements="10" conditionals="0" coveredconditionals="0" methods="0" coveredmethods="0"/>
        <file name="categories.js" path="/home/tyler/Projects/styled-inline-additions/Categories/categories.js">
          <metrics statements="1" coveredstatements="1" conditionals="0" coveredconditionals="0" methods="0" coveredmethods="0"/>
          <line num="6" count="1" type="stmt"/>
        </file>
        <file name="htmlElements.js" path="/home/tyler/Projects/styled-inline-additions/Categories/htmlElements.js">
          <metrics statements="1" coveredstatements="1" conditionals="0" coveredconditionals="0" methods="0" coveredmethods="0"/>
          <line num="1" count="1" type="stmt"/>
        </file>
        <file name="mediaTypesFeatures.js" path="/home/tyler/Projects/styled-inline-additions/Categories/mediaTypesFeatures.js">
          <metrics statements="3" coveredstatements="3" conditionals="0" coveredconditionals="0" methods="0" coveredmethods="0"/>
          <line num="1" count="1" type="stmt"/>
          <line num="8" count="1" type="stmt"/>
          <line num="44" count="1" type="stmt"/>
        </file>
        <file name="pseudoClasses.js" path="/home/tyler/Projects/styled-inline-additions/Categories/pseudoClasses.js">
          <metrics statements="2" coveredstatements="2" conditionals="0" coveredconditionals="0" methods="0" coveredmethods="0"/>
          <line num="1" count="1" type="stmt"/>
          <line num="42" count="1" type="stmt"/>
        </file>
        <file name="pseudoElements.js" path="/home/tyler/Projects/styled-inline-additions/Categories/pseudoElements.js">
          <metrics statements="3" coveredstatements="3" conditionals="0" coveredconditionals="0" methods="0" coveredmethods="0"/>
          <line num="1" count="1" type="stmt"/>
          <line num="15" count="1" type="stmt"/>
          <line num="19" count="1" type="stmt"/>
        </file>
      </package>
    </metrics>
  </project>
</coverage>
