{"/home/tyler/Projects/styled-inline-additions/src/camelToDash.js": {"path":"/home/tyler/Projects/styled-inline-additions/src/camelToDash.js","statementMap":{"0":{"start":{"line":1,"column":20},"end":{"line":8,"column":1}},"1":{"start":{"line":2,"column":20},"end":{"line":2,"column":85}},"2":{"start":{"line":4,"column":2},"end":{"line":7,"column":4}},"3":{"start":{"line":6,"column":54},"end":{"line":6,"column":99}}},"fnMap":{"0":{"name":"(anonymous_0)","decl":{"start":{"line":1,"column":20},"end":{"line":1,"column":21}},"loc":{"start":{"line":1,"column":32},"end":{"line":8,"column":1}},"line":1},"1":{"name":"(anonymous_1)","decl":{"start":{"line":6,"column":35},"end":{"line":6,"column":36}},"loc":{"start":{"line":6,"column":54},"end":{"line":6,"column":99}},"line":6}},"branchMap":{"0":{"loc":{"start":{"line":2,"column":20},"end":{"line":2,"column":85}},"type":"cond-expr","locations":[{"start":{"line":2,"column":49},"end":{"line":2,"column":76}},{"start":{"line":2,"column":79},"end":{"line":2,"column":85}}],"line":2},"1":{"loc":{"start":{"line":5,"column":4},"end":{"line":6,"column":100}},"type":"binary-expr","locations":[{"start":{"line":5,"column":4},"end":{"line":5,"column":13}},{"start":{"line":6,"column":7},"end":{"line":6,"column":100}}],"line":5},"2":{"loc":{"start":{"line":6,"column":55},"end":{"line":6,"column":76}},"type":"cond-expr","locations":[{"start":{"line":6,"column":68},"end":{"line":6,"column":71}},{"start":{"line":6,"column":74},"end":{"line":6,"column":76}}],"line":6}},"s":{"0":1,"1":174,"2":174,"3":78},"f":{"0":174,"1":78},"b":{"0":[8,166],"1":[174,174],"2":[70,8]},"_coverageSchema":"332fd63041d2c1bcb487cc26dd0d5f7d97098a6c","hash":"51b68418a7889508850ad69bbed0dce45e9989a6"}
,"/home/tyler/Projects/styled-inline-additions/src/handleAdd.js": {"path":"/home/tyler/Projects/styled-inline-additions/src/handleAdd.js","statementMap":{"0":{"start":{"line":7,"column":18},"end":{"line":448,"column":1}},"1":{"start":{"line":8,"column":20},"end":{"line":8,"column":24}},"2":{"start":{"line":9,"column":25},"end":{"line":9,"column":27}},"3":{"start":{"line":10,"column":20},"end":{"line":10,"column":22}},"4":{"start":{"line":11,"column":20},"end":{"line":11,"column":22}},"5":{"start":{"line":12,"column":26},"end":{"line":12,"column":28}},"6":{"start":{"line":13,"column":23},"end":{"line":13,"column":25}},"7":{"start":{"line":14,"column":21},"end":{"line":14,"column":23}},"8":{"start":{"line":15,"column":31},"end":{"line":23,"column":3}},"9":{"start":{"line":24,"column":26},"end":{"line":24,"column":55}},"10":{"start":{"line":25,"column":20},"end":{"line":25,"column":32}},"11":{"start":{"line":26,"column":19},"end":{"line":26,"column":39}},"12":{"start":{"line":27,"column":23},"end":{"line":27,"column":25}},"13":{"start":{"line":29,"column":2},"end":{"line":33,"column":3}},"14":{"start":{"line":30,"column":4},"end":{"line":30,"column":26}},"15":{"start":{"line":31,"column":9},"end":{"line":33,"column":3}},"16":{"start":{"line":32,"column":4},"end":{"line":32,"column":42}},"17":{"start":{"line":35,"column":2},"end":{"line":54,"column":28}},"18":{"start":{"line":38,"column":27},"end":{"line":38,"column":62}},"19":{"start":{"line":39,"column":6},"end":{"line":50,"column":7}},"20":{"start":{"line":40,"column":22},"end":{"line":40,"column":37}},"21":{"start":{"line":41,"column":21},"end":{"line":41,"column":43}},"22":{"start":{"line":43,"column":8},"end":{"line":48,"column":9}},"23":{"start":{"line":44,"column":10},"end":{"line":46,"column":11}},"24":{"start":{"line":45,"column":12},"end":{"line":45,"column":38}},"25":{"start":{"line":47,"column":10},"end":{"line":47,"column":23}},"26":{"start":{"line":49,"column":8},"end":{"line":49,"column":33}},"27":{"start":{"line":51,"column":6},"end":{"line":51,"column":26}},"28":{"start":{"line":54,"column":21},"end":{"line":54,"column":26}},"29":{"start":{"line":56,"column":2},"end":{"line":56,"column":36}},"30":{"start":{"line":58,"column":25},"end":{"line":58,"column":47}},"31":{"start":{"line":60,"column":2},"end":{"line":438,"column":3}},"32":{"start":{"line":61,"column":18},"end":{"line":61,"column":32}},"33":{"start":{"line":62,"column":22},"end":{"line":62,"column":40}},"34":{"start":{"line":63,"column":26},"end":{"line":63,"column":44}},"35":{"start":{"line":64,"column":21},"end":{"line":64,"column":41}},"36":{"start":{"line":65,"column":25},"end":{"line":65,"column":49}},"37":{"start":{"line":66,"column":29},"end":{"line":66,"column":57}},"38":{"start":{"line":67,"column":21},"end":{"line":67,"column":49}},"39":{"start":{"line":68,"column":25},"end":{"line":68,"column":57}},"40":{"start":{"line":69,"column":22},"end":{"line":69,"column":27}},"41":{"start":{"line":71,"column":4},"end":{"line":413,"column":5}},"42":{"start":{"line":72,"column":6},"end":{"line":306,"column":7}},"43":{"start":{"line":74,"column":33},"end":{"line":74,"column":80}},"44":{"start":{"line":75,"column":37},"end":{"line":75,"column":88}},"45":{"start":{"line":76,"column":28},"end":{"line":76,"column":70}},"46":{"start":{"line":77,"column":32},"end":{"line":77,"column":78}},"47":{"start":{"line":79,"column":10},"end":{"line":99,"column":11}},"48":{"start":{"line":80,"column":12},"end":{"line":80,"column":72}},"49":{"start":{"line":82,"column":12},"end":{"line":82,"column":19}},"50":{"start":{"line":84,"column":12},"end":{"line":84,"column":31}},"51":{"start":{"line":85,"column":17},"end":{"line":99,"column":11}},"52":{"start":{"line":86,"column":12},"end":{"line":88,"column":13}},"53":{"start":{"line":87,"column":14},"end":{"line":87,"column":21}},"54":{"start":{"line":90,"column":12},"end":{"line":90,"column":37}},"55":{"start":{"line":91,"column":17},"end":{"line":99,"column":11}},"56":{"start":{"line":92,"column":12},"end":{"line":94,"column":13}},"57":{"start":{"line":93,"column":14},"end":{"line":93,"column":21}},"58":{"start":{"line":96,"column":12},"end":{"line":96,"column":32}},"59":{"start":{"line":98,"column":12},"end":{"line":98,"column":37}},"60":{"start":{"line":100,"column":10},"end":{"line":100,"column":16}},"61":{"start":{"line":103,"column":33},"end":{"line":103,"column":80}},"62":{"start":{"line":104,"column":37},"end":{"line":104,"column":88}},"63":{"start":{"line":106,"column":10},"end":{"line":114,"column":11}},"64":{"start":{"line":107,"column":12},"end":{"line":109,"column":13}},"65":{"start":{"line":108,"column":14},"end":{"line":108,"column":21}},"66":{"start":{"line":111,"column":12},"end":{"line":111,"column":38}},"67":{"start":{"line":113,"column":12},"end":{"line":113,"column":37}},"68":{"start":{"line":115,"column":10},"end":{"line":115,"column":16}},"69":{"start":{"line":118,"column":33},"end":{"line":118,"column":80}},"70":{"start":{"line":119,"column":37},"end":{"line":119,"column":88}},"71":{"start":{"line":121,"column":10},"end":{"line":129,"column":11}},"72":{"start":{"line":122,"column":12},"end":{"line":124,"column":13}},"73":{"start":{"line":123,"column":14},"end":{"line":123,"column":21}},"74":{"start":{"line":126,"column":12},"end":{"line":126,"column":36}},"75":{"start":{"line":128,"column":12},"end":{"line":128,"column":37}},"76":{"start":{"line":130,"column":10},"end":{"line":130,"column":16}},"77":{"start":{"line":133,"column":33},"end":{"line":133,"column":80}},"78":{"start":{"line":134,"column":37},"end":{"line":134,"column":88}},"79":{"start":{"line":136,"column":10},"end":{"line":144,"column":11}},"80":{"start":{"line":137,"column":12},"end":{"line":139,"column":13}},"81":{"start":{"line":138,"column":14},"end":{"line":138,"column":21}},"82":{"start":{"line":141,"column":12},"end":{"line":141,"column":38}},"83":{"start":{"line":143,"column":12},"end":{"line":143,"column":37}},"84":{"start":{"line":145,"column":10},"end":{"line":145,"column":16}},"85":{"start":{"line":148,"column":33},"end":{"line":148,"column":80}},"86":{"start":{"line":149,"column":37},"end":{"line":149,"column":88}},"87":{"start":{"line":151,"column":10},"end":{"line":159,"column":11}},"88":{"start":{"line":152,"column":12},"end":{"line":154,"column":13}},"89":{"start":{"line":153,"column":14},"end":{"line":153,"column":21}},"90":{"start":{"line":156,"column":12},"end":{"line":156,"column":38}},"91":{"start":{"line":158,"column":12},"end":{"line":158,"column":37}},"92":{"start":{"line":160,"column":10},"end":{"line":160,"column":16}},"93":{"start":{"line":163,"column":28},"end":{"line":163,"column":70}},"94":{"start":{"line":164,"column":32},"end":{"line":164,"column":78}},"95":{"start":{"line":166,"column":10},"end":{"line":174,"column":11}},"96":{"start":{"line":167,"column":12},"end":{"line":169,"column":13}},"97":{"start":{"line":168,"column":14},"end":{"line":168,"column":21}},"98":{"start":{"line":171,"column":12},"end":{"line":171,"column":35}},"99":{"start":{"line":173,"column":12},"end":{"line":173,"column":37}},"100":{"start":{"line":175,"column":10},"end":{"line":175,"column":16}},"101":{"start":{"line":178,"column":28},"end":{"line":178,"column":70}},"102":{"start":{"line":179,"column":32},"end":{"line":179,"column":78}},"103":{"start":{"line":181,"column":10},"end":{"line":189,"column":11}},"104":{"start":{"line":182,"column":12},"end":{"line":184,"column":13}},"105":{"start":{"line":183,"column":14},"end":{"line":183,"column":21}},"106":{"start":{"line":186,"column":12},"end":{"line":186,"column":32}},"107":{"start":{"line":188,"column":12},"end":{"line":188,"column":37}},"108":{"start":{"line":190,"column":10},"end":{"line":190,"column":16}},"109":{"start":{"line":193,"column":28},"end":{"line":193,"column":70}},"110":{"start":{"line":194,"column":32},"end":{"line":194,"column":78}},"111":{"start":{"line":196,"column":10},"end":{"line":204,"column":11}},"112":{"start":{"line":197,"column":12},"end":{"line":199,"column":13}},"113":{"start":{"line":198,"column":14},"end":{"line":198,"column":21}},"114":{"start":{"line":201,"column":12},"end":{"line":201,"column":34}},"115":{"start":{"line":203,"column":12},"end":{"line":203,"column":37}},"116":{"start":{"line":205,"column":10},"end":{"line":205,"column":16}},"117":{"start":{"line":208,"column":28},"end":{"line":208,"column":70}},"118":{"start":{"line":209,"column":32},"end":{"line":209,"column":78}},"119":{"start":{"line":211,"column":10},"end":{"line":219,"column":11}},"120":{"start":{"line":212,"column":12},"end":{"line":214,"column":13}},"121":{"start":{"line":213,"column":14},"end":{"line":213,"column":21}},"122":{"start":{"line":216,"column":12},"end":{"line":216,"column":35}},"123":{"start":{"line":218,"column":12},"end":{"line":218,"column":37}},"124":{"start":{"line":220,"column":10},"end":{"line":220,"column":16}},"125":{"start":{"line":223,"column":28},"end":{"line":223,"column":46}},"126":{"start":{"line":224,"column":31},"end":{"line":224,"column":55}},"127":{"start":{"line":225,"column":33},"end":{"line":225,"column":80}},"128":{"start":{"line":226,"column":33},"end":{"line":226,"column":80}},"129":{"start":{"line":227,"column":37},"end":{"line":227,"column":88}},"130":{"start":{"line":229,"column":10},"end":{"line":279,"column":11}},"131":{"start":{"line":230,"column":12},"end":{"line":276,"column":13}},"132":{"start":{"line":231,"column":45},"end":{"line":234,"column":15}},"133":{"start":{"line":236,"column":14},"end":{"line":240,"column":15}},"134":{"start":{"line":237,"column":16},"end":{"line":237,"column":59}},"135":{"start":{"line":239,"column":16},"end":{"line":239,"column":65}},"136":{"start":{"line":242,"column":14},"end":{"line":253,"column":15}},"137":{"start":{"line":246,"column":16},"end":{"line":252,"column":17}},"138":{"start":{"line":247,"column":18},"end":{"line":247,"column":38}},"139":{"start":{"line":248,"column":18},"end":{"line":248,"column":59}},"140":{"start":{"line":250,"column":18},"end":{"line":250,"column":37}},"141":{"start":{"line":251,"column":18},"end":{"line":251,"column":55}},"142":{"start":{"line":255,"column":14},"end":{"line":255,"column":21}},"143":{"start":{"line":257,"column":41},"end":{"line":257,"column":96}},"144":{"start":{"line":259,"column":14},"end":{"line":263,"column":15}},"145":{"start":{"line":260,"column":16},"end":{"line":260,"column":55}},"146":{"start":{"line":262,"column":16},"end":{"line":262,"column":61}},"147":{"start":{"line":265,"column":14},"end":{"line":273,"column":15}},"148":{"start":{"line":266,"column":16},"end":{"line":272,"column":17}},"149":{"start":{"line":267,"column":18},"end":{"line":267,"column":38}},"150":{"start":{"line":268,"column":18},"end":{"line":268,"column":59}},"151":{"start":{"line":270,"column":18},"end":{"line":270,"column":37}},"152":{"start":{"line":271,"column":18},"end":{"line":271,"column":55}},"153":{"start":{"line":275,"column":14},"end":{"line":275,"column":21}},"154":{"start":{"line":278,"column":12},"end":{"line":278,"column":37}},"155":{"start":{"line":280,"column":10},"end":{"line":280,"column":16}},"156":{"start":{"line":283,"column":10},"end":{"line":297,"column":11}},"157":{"start":{"line":288,"column":12},"end":{"line":294,"column":13}},"158":{"start":{"line":289,"column":14},"end":{"line":289,"column":74}},"159":{"start":{"line":290,"column":14},"end":{"line":290,"column":21}},"160":{"start":{"line":292,"column":14},"end":{"line":292,"column":70}},"161":{"start":{"line":293,"column":14},"end":{"line":293,"column":21}},"162":{"start":{"line":296,"column":12},"end":{"line":296,"column":37}},"163":{"start":{"line":299,"column":10},"end":{"line":299,"column":29}},"164":{"start":{"line":300,"column":10},"end":{"line":300,"column":16}},"165":{"start":{"line":303,"column":10},"end":{"line":303,"column":35}},"166":{"start":{"line":304,"column":10},"end":{"line":304,"column":16}},"167":{"start":{"line":308,"column":6},"end":{"line":412,"column":7}},"168":{"start":{"line":310,"column":10},"end":{"line":310,"column":36}},"169":{"start":{"line":311,"column":10},"end":{"line":311,"column":16}},"170":{"start":{"line":317,"column":28},"end":{"line":317,"column":46}},"171":{"start":{"line":318,"column":31},"end":{"line":318,"column":55}},"172":{"start":{"line":319,"column":33},"end":{"line":319,"column":80}},"173":{"start":{"line":320,"column":33},"end":{"line":320,"column":80}},"174":{"start":{"line":322,"column":10},"end":{"line":326,"column":11}},"175":{"start":{"line":323,"column":12},"end":{"line":323,"column":47}},"176":{"start":{"line":325,"column":12},"end":{"line":325,"column":53}},"177":{"start":{"line":327,"column":10},"end":{"line":327,"column":16}},"178":{"start":{"line":331,"column":28},"end":{"line":331,"column":46}},"179":{"start":{"line":332,"column":31},"end":{"line":332,"column":55}},"180":{"start":{"line":333,"column":33},"end":{"line":333,"column":80}},"181":{"start":{"line":334,"column":33},"end":{"line":334,"column":80}},"182":{"start":{"line":336,"column":10},"end":{"line":340,"column":11}},"183":{"start":{"line":337,"column":12},"end":{"line":337,"column":47}},"184":{"start":{"line":339,"column":12},"end":{"line":339,"column":53}},"185":{"start":{"line":342,"column":10},"end":{"line":348,"column":11}},"186":{"start":{"line":343,"column":12},"end":{"line":343,"column":32}},"187":{"start":{"line":344,"column":12},"end":{"line":344,"column":53}},"188":{"start":{"line":346,"column":12},"end":{"line":346,"column":31}},"189":{"start":{"line":347,"column":12},"end":{"line":347,"column":49}},"190":{"start":{"line":349,"column":10},"end":{"line":349,"column":16}},"191":{"start":{"line":352,"column":10},"end":{"line":352,"column":31}},"192":{"start":{"line":353,"column":10},"end":{"line":353,"column":16}},"193":{"start":{"line":356,"column":36},"end":{"line":356,"column":54}},"194":{"start":{"line":357,"column":33},"end":{"line":357,"column":80}},"195":{"start":{"line":358,"column":35},"end":{"line":358,"column":67}},"196":{"start":{"line":359,"column":39},"end":{"line":359,"column":75}},"197":{"start":{"line":360,"column":39},"end":{"line":360,"column":71}},"198":{"start":{"line":361,"column":36},"end":{"line":361,"column":74}},"199":{"start":{"line":362,"column":40},"end":{"line":362,"column":82}},"200":{"start":{"line":364,"column":10},"end":{"line":405,"column":11}},"201":{"start":{"line":368,"column":43},"end":{"line":368,"column":98}},"202":{"start":{"line":370,"column":12},"end":{"line":370,"column":76}},"203":{"start":{"line":372,"column":12},"end":{"line":372,"column":19}},"204":{"start":{"line":373,"column":17},"end":{"line":405,"column":11}},"205":{"start":{"line":380,"column":47},"end":{"line":383,"column":13}},"206":{"start":{"line":385,"column":12},"end":{"line":385,"column":80}},"207":{"start":{"line":387,"column":12},"end":{"line":387,"column":19}},"208":{"start":{"line":388,"column":17},"end":{"line":405,"column":11}},"209":{"start":{"line":395,"column":47},"end":{"line":398,"column":13}},"210":{"start":{"line":400,"column":12},"end":{"line":400,"column":80}},"211":{"start":{"line":402,"column":12},"end":{"line":402,"column":19}},"212":{"start":{"line":404,"column":12},"end":{"line":404,"column":49}},"213":{"start":{"line":406,"column":10},"end":{"line":406,"column":16}},"214":{"start":{"line":409,"column":10},"end":{"line":409,"column":35}},"215":{"start":{"line":410,"column":10},"end":{"line":410,"column":16}},"216":{"start":{"line":415,"column":4},"end":{"line":437,"column":5}},"217":{"start":{"line":416,"column":6},"end":{"line":416,"column":95}},"218":{"start":{"line":418,"column":6},"end":{"line":427,"column":7}},"219":{"start":{"line":419,"column":8},"end":{"line":419,"column":40}},"220":{"start":{"line":421,"column":8},"end":{"line":421,"column":27}},"221":{"start":{"line":422,"column":13},"end":{"line":427,"column":7}},"222":{"start":{"line":423,"column":8},"end":{"line":426,"column":65}},"223":{"start":{"line":429,"column":6},"end":{"line":434,"column":7}},"224":{"start":{"line":430,"column":8},"end":{"line":430,"column":36}},"225":{"start":{"line":431,"column":8},"end":{"line":431,"column":28}},"226":{"start":{"line":433,"column":8},"end":{"line":433,"column":24}},"227":{"start":{"line":436,"column":6},"end":{"line":436,"column":23}},"228":{"start":{"line":440,"column":2},"end":{"line":440,"column":81}},"229":{"start":{"line":442,"column":2},"end":{"line":447,"column":4}}},"fnMap":{"0":{"name":"(anonymous_0)","decl":{"start":{"line":7,"column":18},"end":{"line":7,"column":19}},"loc":{"start":{"line":7,"column":43},"end":{"line":448,"column":1}},"line":7},"1":{"name":"(anonymous_1)","decl":{"start":{"line":37,"column":57},"end":{"line":37,"column":58}},"loc":{"start":{"line":37,"column":68},"end":{"line":52,"column":5}},"line":37},"2":{"name":"(anonymous_2)","decl":{"start":{"line":54,"column":12},"end":{"line":54,"column":13}},"loc":{"start":{"line":54,"column":21},"end":{"line":54,"column":26}},"line":54}},"branchMap":{"0":{"loc":{"start":{"line":26,"column":19},"end":{"line":26,"column":39}},"type":"cond-expr","locations":[{"start":{"line":26,"column":33},"end":{"line":26,"column":34}},{"start":{"line":26,"column":37},"end":{"line":26,"column":39}}],"line":26},"1":{"loc":{"start":{"line":29,"column":2},"end":{"line":33,"column":3}},"type":"if","locations":[{"start":{"line":29,"column":2},"end":{"line":33,"column":3}},{"start":{"line":29,"column":2},"end":{"line":33,"column":3}}],"line":29},"2":{"loc":{"start":{"line":31,"column":9},"end":{"line":33,"column":3}},"type":"if","locations":[{"start":{"line":31,"column":9},"end":{"line":33,"column":3}},{"start":{"line":31,"column":9},"end":{"line":33,"column":3}}],"line":31},"3":{"loc":{"start":{"line":39,"column":6},"end":{"line":50,"column":7}},"type":"if","locations":[{"start":{"line":39,"column":6},"end":{"line":50,"column":7}},{"start":{"line":39,"column":6},"end":{"line":50,"column":7}}],"line":39},"4":{"loc":{"start":{"line":43,"column":8},"end":{"line":48,"column":9}},"type":"if","locations":[{"start":{"line":43,"column":8},"end":{"line":48,"column":9}},{"start":{"line":43,"column":8},"end":{"line":48,"column":9}}],"line":43},"5":{"loc":{"start":{"line":44,"column":10},"end":{"line":46,"column":11}},"type":"if","locations":[{"start":{"line":44,"column":10},"end":{"line":46,"column":11}},{"start":{"line":44,"column":10},"end":{"line":46,"column":11}}],"line":44},"6":{"loc":{"start":{"line":44,"column":14},"end":{"line":44,"column":44}},"type":"binary-expr","locations":[{"start":{"line":44,"column":14},"end":{"line":44,"column":27}},{"start":{"line":44,"column":31},"end":{"line":44,"column":44}}],"line":44},"7":{"loc":{"start":{"line":71,"column":4},"end":{"line":413,"column":5}},"type":"if","locations":[{"start":{"line":71,"column":4},"end":{"line":413,"column":5}},{"start":{"line":71,"column":4},"end":{"line":413,"column":5}}],"line":71},"8":{"loc":{"start":{"line":72,"column":6},"end":{"line":306,"column":7}},"type":"switch","locations":[{"start":{"line":73,"column":8},"end":{"line":101,"column":9}},{"start":{"line":102,"column":8},"end":{"line":116,"column":9}},{"start":{"line":117,"column":8},"end":{"line":131,"column":9}},{"start":{"line":132,"column":8},"end":{"line":146,"column":9}},{"start":{"line":147,"column":8},"end":{"line":161,"column":9}},{"start":{"line":162,"column":8},"end":{"line":176,"column":9}},{"start":{"line":177,"column":8},"end":{"line":191,"column":9}},{"start":{"line":192,"column":8},"end":{"line":206,"column":9}},{"start":{"line":207,"column":8},"end":{"line":221,"column":9}},{"start":{"line":222,"column":8},"end":{"line":281,"column":9}},{"start":{"line":282,"column":8},"end":{"line":301,"column":9}},{"start":{"line":302,"column":8},"end":{"line":305,"column":9}}],"line":72},"9":{"loc":{"start":{"line":79,"column":10},"end":{"line":99,"column":11}},"type":"if","locations":[{"start":{"line":79,"column":10},"end":{"line":99,"column":11}},{"start":{"line":79,"column":10},"end":{"line":99,"column":11}}],"line":79},"10":{"loc":{"start":{"line":80,"column":30},"end":{"line":80,"column":53}},"type":"cond-expr","locations":[{"start":{"line":80,"column":44},"end":{"line":80,"column":48}},{"start":{"line":80,"column":51},"end":{"line":80,"column":53}}],"line":80},"11":{"loc":{"start":{"line":85,"column":17},"end":{"line":99,"column":11}},"type":"if","locations":[{"start":{"line":85,"column":17},"end":{"line":99,"column":11}},{"start":{"line":85,"column":17},"end":{"line":99,"column":11}}],"line":85},"12":{"loc":{"start":{"line":85,"column":21},"end":{"line":85,"column":75}},"type":"binary-expr","locations":[{"start":{"line":85,"column":21},"end":{"line":85,"column":35}},{"start":{"line":85,"column":40},"end":{"line":85,"column":52}},{"start":{"line":85,"column":56},"end":{"line":85,"column":74}}],"line":85},"13":{"loc":{"start":{"line":86,"column":12},"end":{"line":88,"column":13}},"type":"if","locations":[{"start":{"line":86,"column":12},"end":{"line":88,"column":13}},{"start":{"line":86,"column":12},"end":{"line":88,"column":13}}],"line":86},"14":{"loc":{"start":{"line":91,"column":17},"end":{"line":99,"column":11}},"type":"if","locations":[{"start":{"line":91,"column":17},"end":{"line":99,"column":11}},{"start":{"line":91,"column":17},"end":{"line":99,"column":11}}],"line":91},"15":{"loc":{"start":{"line":91,"column":21},"end":{"line":91,"column":65}},"type":"binary-expr","locations":[{"start":{"line":91,"column":21},"end":{"line":91,"column":30}},{"start":{"line":91,"column":35},"end":{"line":91,"column":47}},{"start":{"line":91,"column":51},"end":{"line":91,"column":64}}],"line":91},"16":{"loc":{"start":{"line":92,"column":12},"end":{"line":94,"column":13}},"type":"if","locations":[{"start":{"line":92,"column":12},"end":{"line":94,"column":13}},{"start":{"line":92,"column":12},"end":{"line":94,"column":13}}],"line":92},"17":{"loc":{"start":{"line":92,"column":16},"end":{"line":92,"column":70}},"type":"binary-expr","locations":[{"start":{"line":92,"column":16},"end":{"line":92,"column":28}},{"start":{"line":92,"column":32},"end":{"line":92,"column":49}},{"start":{"line":92,"column":53},"end":{"line":92,"column":70}}],"line":92},"18":{"loc":{"start":{"line":106,"column":10},"end":{"line":114,"column":11}},"type":"if","locations":[{"start":{"line":106,"column":10},"end":{"line":114,"column":11}},{"start":{"line":106,"column":10},"end":{"line":114,"column":11}}],"line":106},"19":{"loc":{"start":{"line":106,"column":14},"end":{"line":106,"column":68}},"type":"binary-expr","locations":[{"start":{"line":106,"column":14},"end":{"line":106,"column":28}},{"start":{"line":106,"column":33},"end":{"line":106,"column":45}},{"start":{"line":106,"column":49},"end":{"line":106,"column":67}}],"line":106},"20":{"loc":{"start":{"line":107,"column":12},"end":{"line":109,"column":13}},"type":"if","locations":[{"start":{"line":107,"column":12},"end":{"line":109,"column":13}},{"start":{"line":107,"column":12},"end":{"line":109,"column":13}}],"line":107},"21":{"loc":{"start":{"line":121,"column":10},"end":{"line":129,"column":11}},"type":"if","locations":[{"start":{"line":121,"column":10},"end":{"line":129,"column":11}},{"start":{"line":121,"column":10},"end":{"line":129,"column":11}}],"line":121},"22":{"loc":{"start":{"line":121,"column":14},"end":{"line":121,"column":68}},"type":"binary-expr","locations":[{"start":{"line":121,"column":14},"end":{"line":121,"column":28}},{"start":{"line":121,"column":33},"end":{"line":121,"column":45}},{"start":{"line":121,"column":49},"end":{"line":121,"column":67}}],"line":121},"23":{"loc":{"start":{"line":122,"column":12},"end":{"line":124,"column":13}},"type":"if","locations":[{"start":{"line":122,"column":12},"end":{"line":124,"column":13}},{"start":{"line":122,"column":12},"end":{"line":124,"column":13}}],"line":122},"24":{"loc":{"start":{"line":136,"column":10},"end":{"line":144,"column":11}},"type":"if","locations":[{"start":{"line":136,"column":10},"end":{"line":144,"column":11}},{"start":{"line":136,"column":10},"end":{"line":144,"column":11}}],"line":136},"25":{"loc":{"start":{"line":136,"column":14},"end":{"line":136,"column":68}},"type":"binary-expr","locations":[{"start":{"line":136,"column":14},"end":{"line":136,"column":28}},{"start":{"line":136,"column":33},"end":{"line":136,"column":45}},{"start":{"line":136,"column":49},"end":{"line":136,"column":67}}],"line":136},"26":{"loc":{"start":{"line":137,"column":12},"end":{"line":139,"column":13}},"type":"if","locations":[{"start":{"line":137,"column":12},"end":{"line":139,"column":13}},{"start":{"line":137,"column":12},"end":{"line":139,"column":13}}],"line":137},"27":{"loc":{"start":{"line":151,"column":10},"end":{"line":159,"column":11}},"type":"if","locations":[{"start":{"line":151,"column":10},"end":{"line":159,"column":11}},{"start":{"line":151,"column":10},"end":{"line":159,"column":11}}],"line":151},"28":{"loc":{"start":{"line":151,"column":14},"end":{"line":151,"column":68}},"type":"binary-expr","locations":[{"start":{"line":151,"column":14},"end":{"line":151,"column":28}},{"start":{"line":151,"column":33},"end":{"line":151,"column":45}},{"start":{"line":151,"column":49},"end":{"line":151,"column":67}}],"line":151},"29":{"loc":{"start":{"line":152,"column":12},"end":{"line":154,"column":13}},"type":"if","locations":[{"start":{"line":152,"column":12},"end":{"line":154,"column":13}},{"start":{"line":152,"column":12},"end":{"line":154,"column":13}}],"line":152},"30":{"loc":{"start":{"line":166,"column":10},"end":{"line":174,"column":11}},"type":"if","locations":[{"start":{"line":166,"column":10},"end":{"line":174,"column":11}},{"start":{"line":166,"column":10},"end":{"line":174,"column":11}}],"line":166},"31":{"loc":{"start":{"line":166,"column":14},"end":{"line":166,"column":58}},"type":"binary-expr","locations":[{"start":{"line":166,"column":14},"end":{"line":166,"column":23}},{"start":{"line":166,"column":28},"end":{"line":166,"column":40}},{"start":{"line":166,"column":44},"end":{"line":166,"column":57}}],"line":166},"32":{"loc":{"start":{"line":167,"column":12},"end":{"line":169,"column":13}},"type":"if","locations":[{"start":{"line":167,"column":12},"end":{"line":169,"column":13}},{"start":{"line":167,"column":12},"end":{"line":169,"column":13}}],"line":167},"33":{"loc":{"start":{"line":167,"column":16},"end":{"line":167,"column":70}},"type":"binary-expr","locations":[{"start":{"line":167,"column":16},"end":{"line":167,"column":28}},{"start":{"line":167,"column":32},"end":{"line":167,"column":49}},{"start":{"line":167,"column":53},"end":{"line":167,"column":70}}],"line":167},"34":{"loc":{"start":{"line":181,"column":10},"end":{"line":189,"column":11}},"type":"if","locations":[{"start":{"line":181,"column":10},"end":{"line":189,"column":11}},{"start":{"line":181,"column":10},"end":{"line":189,"column":11}}],"line":181},"35":{"loc":{"start":{"line":181,"column":14},"end":{"line":181,"column":58}},"type":"binary-expr","locations":[{"start":{"line":181,"column":14},"end":{"line":181,"column":23}},{"start":{"line":181,"column":28},"end":{"line":181,"column":40}},{"start":{"line":181,"column":44},"end":{"line":181,"column":57}}],"line":181},"36":{"loc":{"start":{"line":182,"column":12},"end":{"line":184,"column":13}},"type":"if","locations":[{"start":{"line":182,"column":12},"end":{"line":184,"column":13}},{"start":{"line":182,"column":12},"end":{"line":184,"column":13}}],"line":182},"37":{"loc":{"start":{"line":196,"column":10},"end":{"line":204,"column":11}},"type":"if","locations":[{"start":{"line":196,"column":10},"end":{"line":204,"column":11}},{"start":{"line":196,"column":10},"end":{"line":204,"column":11}}],"line":196},"38":{"loc":{"start":{"line":196,"column":14},"end":{"line":196,"column":58}},"type":"binary-expr","locations":[{"start":{"line":196,"column":14},"end":{"line":196,"column":23}},{"start":{"line":196,"column":28},"end":{"line":196,"column":40}},{"start":{"line":196,"column":44},"end":{"line":196,"column":57}}],"line":196},"39":{"loc":{"start":{"line":197,"column":12},"end":{"line":199,"column":13}},"type":"if","locations":[{"start":{"line":197,"column":12},"end":{"line":199,"column":13}},{"start":{"line":197,"column":12},"end":{"line":199,"column":13}}],"line":197},"40":{"loc":{"start":{"line":211,"column":10},"end":{"line":219,"column":11}},"type":"if","locations":[{"start":{"line":211,"column":10},"end":{"line":219,"column":11}},{"start":{"line":211,"column":10},"end":{"line":219,"column":11}}],"line":211},"41":{"loc":{"start":{"line":211,"column":14},"end":{"line":211,"column":58}},"type":"binary-expr","locations":[{"start":{"line":211,"column":14},"end":{"line":211,"column":23}},{"start":{"line":211,"column":28},"end":{"line":211,"column":40}},{"start":{"line":211,"column":44},"end":{"line":211,"column":57}}],"line":211},"42":{"loc":{"start":{"line":212,"column":12},"end":{"line":214,"column":13}},"type":"if","locations":[{"start":{"line":212,"column":12},"end":{"line":214,"column":13}},{"start":{"line":212,"column":12},"end":{"line":214,"column":13}}],"line":212},"43":{"loc":{"start":{"line":229,"column":10},"end":{"line":279,"column":11}},"type":"if","locations":[{"start":{"line":229,"column":10},"end":{"line":279,"column":11}},{"start":{"line":229,"column":10},"end":{"line":279,"column":11}}],"line":229},"44":{"loc":{"start":{"line":229,"column":14},"end":{"line":229,"column":68}},"type":"binary-expr","locations":[{"start":{"line":229,"column":14},"end":{"line":229,"column":28}},{"start":{"line":229,"column":33},"end":{"line":229,"column":45}},{"start":{"line":229,"column":49},"end":{"line":229,"column":67}}],"line":229},"45":{"loc":{"start":{"line":230,"column":12},"end":{"line":276,"column":13}},"type":"if","locations":[{"start":{"line":230,"column":12},"end":{"line":276,"column":13}},{"start":{"line":230,"column":12},"end":{"line":276,"column":13}}],"line":230},"46":{"loc":{"start":{"line":236,"column":14},"end":{"line":240,"column":15}},"type":"if","locations":[{"start":{"line":236,"column":14},"end":{"line":240,"column":15}},{"start":{"line":236,"column":14},"end":{"line":240,"column":15}}],"line":236},"47":{"loc":{"start":{"line":236,"column":18},"end":{"line":236,"column":71}},"type":"binary-expr","locations":[{"start":{"line":236,"column":18},"end":{"line":236,"column":32}},{"start":{"line":236,"column":37},"end":{"line":236,"column":54}},{"start":{"line":236,"column":58},"end":{"line":236,"column":70}}],"line":236},"48":{"loc":{"start":{"line":242,"column":14},"end":{"line":253,"column":15}},"type":"if","locations":[{"start":{"line":242,"column":14},"end":{"line":253,"column":15}},{"start":{"line":242,"column":14},"end":{"line":253,"column":15}}],"line":242},"49":{"loc":{"start":{"line":243,"column":16},"end":{"line":244,"column":60}},"type":"binary-expr","locations":[{"start":{"line":243,"column":16},"end":{"line":243,"column":55}},{"start":{"line":244,"column":19},"end":{"line":244,"column":60}}],"line":243},"50":{"loc":{"start":{"line":246,"column":16},"end":{"line":252,"column":17}},"type":"if","locations":[{"start":{"line":246,"column":16},"end":{"line":252,"column":17}},{"start":{"line":246,"column":16},"end":{"line":252,"column":17}}],"line":246},"51":{"loc":{"start":{"line":259,"column":14},"end":{"line":263,"column":15}},"type":"if","locations":[{"start":{"line":259,"column":14},"end":{"line":263,"column":15}},{"start":{"line":259,"column":14},"end":{"line":263,"column":15}}],"line":259},"52":{"loc":{"start":{"line":259,"column":18},"end":{"line":259,"column":71}},"type":"binary-expr","locations":[{"start":{"line":259,"column":18},"end":{"line":259,"column":32}},{"start":{"line":259,"column":37},"end":{"line":259,"column":54}},{"start":{"line":259,"column":58},"end":{"line":259,"column":70}}],"line":259},"53":{"loc":{"start":{"line":265,"column":14},"end":{"line":273,"column":15}},"type":"if","locations":[{"start":{"line":265,"column":14},"end":{"line":273,"column":15}},{"start":{"line":265,"column":14},"end":{"line":273,"column":15}}],"line":265},"54":{"loc":{"start":{"line":265,"column":18},"end":{"line":265,"column":94}},"type":"binary-expr","locations":[{"start":{"line":265,"column":18},"end":{"line":265,"column":53}},{"start":{"line":265,"column":57},"end":{"line":265,"column":94}}],"line":265},"55":{"loc":{"start":{"line":266,"column":16},"end":{"line":272,"column":17}},"type":"if","locations":[{"start":{"line":266,"column":16},"end":{"line":272,"column":17}},{"start":{"line":266,"column":16},"end":{"line":272,"column":17}}],"line":266},"56":{"loc":{"start":{"line":283,"column":10},"end":{"line":297,"column":11}},"type":"if","locations":[{"start":{"line":283,"column":10},"end":{"line":297,"column":11}},{"start":{"line":283,"column":10},"end":{"line":297,"column":11}}],"line":283},"57":{"loc":{"start":{"line":284,"column":12},"end":{"line":286,"column":90}},"type":"binary-expr","locations":[{"start":{"line":284,"column":13},"end":{"line":284,"column":26}},{"start":{"line":284,"column":30},"end":{"line":284,"column":43}},{"start":{"line":285,"column":15},"end":{"line":285,"column":45}},{"start":{"line":286,"column":16},"end":{"line":286,"column":28}},{"start":{"line":286,"column":33},"end":{"line":286,"column":50}},{"start":{"line":286,"column":54},"end":{"line":286,"column":88}}],"line":284},"58":{"loc":{"start":{"line":288,"column":12},"end":{"line":294,"column":13}},"type":"if","locations":[{"start":{"line":288,"column":12},"end":{"line":294,"column":13}},{"start":{"line":288,"column":12},"end":{"line":294,"column":13}}],"line":288},"59":{"loc":{"start":{"line":289,"column":32},"end":{"line":289,"column":55}},"type":"cond-expr","locations":[{"start":{"line":289,"column":46},"end":{"line":289,"column":50}},{"start":{"line":289,"column":53},"end":{"line":289,"column":55}}],"line":289},"60":{"loc":{"start":{"line":292,"column":32},"end":{"line":292,"column":55}},"type":"cond-expr","locations":[{"start":{"line":292,"column":46},"end":{"line":292,"column":50}},{"start":{"line":292,"column":53},"end":{"line":292,"column":55}}],"line":292},"61":{"loc":{"start":{"line":308,"column":6},"end":{"line":412,"column":7}},"type":"switch","locations":[{"start":{"line":309,"column":8},"end":{"line":312,"column":9}},{"start":{"line":313,"column":8},"end":{"line":313,"column":27}},{"start":{"line":314,"column":8},"end":{"line":314,"column":29}},{"start":{"line":315,"column":8},"end":{"line":315,"column":31}},{"start":{"line":316,"column":8},"end":{"line":328,"column":9}},{"start":{"line":329,"column":8},"end":{"line":329,"column":32}},{"start":{"line":330,"column":8},"end":{"line":350,"column":9}},{"start":{"line":351,"column":8},"end":{"line":354,"column":9}},{"start":{"line":355,"column":8},"end":{"line":407,"column":9}},{"start":{"line":408,"column":8},"end":{"line":411,"column":9}}],"line":308},"62":{"loc":{"start":{"line":322,"column":10},"end":{"line":326,"column":11}},"type":"if","locations":[{"start":{"line":322,"column":10},"end":{"line":326,"column":11}},{"start":{"line":322,"column":10},"end":{"line":326,"column":11}}],"line":322},"63":{"loc":{"start":{"line":322,"column":14},"end":{"line":322,"column":67}},"type":"binary-expr","locations":[{"start":{"line":322,"column":14},"end":{"line":322,"column":28}},{"start":{"line":322,"column":33},"end":{"line":322,"column":50}},{"start":{"line":322,"column":54},"end":{"line":322,"column":66}}],"line":322},"64":{"loc":{"start":{"line":336,"column":10},"end":{"line":340,"column":11}},"type":"if","locations":[{"start":{"line":336,"column":10},"end":{"line":340,"column":11}},{"start":{"line":336,"column":10},"end":{"line":340,"column":11}}],"line":336},"65":{"loc":{"start":{"line":336,"column":14},"end":{"line":336,"column":67}},"type":"binary-expr","locations":[{"start":{"line":336,"column":14},"end":{"line":336,"column":28}},{"start":{"line":336,"column":33},"end":{"line":336,"column":50}},{"start":{"line":336,"column":54},"end":{"line":336,"column":66}}],"line":336},"66":{"loc":{"start":{"line":342,"column":10},"end":{"line":348,"column":11}},"type":"if","locations":[{"start":{"line":342,"column":10},"end":{"line":348,"column":11}},{"start":{"line":342,"column":10},"end":{"line":348,"column":11}}],"line":342},"67":{"loc":{"start":{"line":364,"column":10},"end":{"line":405,"column":11}},"type":"if","locations":[{"start":{"line":364,"column":10},"end":{"line":405,"column":11}},{"start":{"line":364,"column":10},"end":{"line":405,"column":11}}],"line":364},"68":{"loc":{"start":{"line":365,"column":12},"end":{"line":366,"column":95}},"type":"binary-expr","locations":[{"start":{"line":365,"column":12},"end":{"line":365,"column":29}},{"start":{"line":366,"column":16},"end":{"line":366,"column":29}},{"start":{"line":366,"column":33},"end":{"line":366,"column":50}},{"start":{"line":366,"column":55},"end":{"line":366,"column":72}},{"start":{"line":366,"column":76},"end":{"line":366,"column":93}}],"line":365},"69":{"loc":{"start":{"line":373,"column":17},"end":{"line":405,"column":11}},"type":"if","locations":[{"start":{"line":373,"column":17},"end":{"line":405,"column":11}},{"start":{"line":373,"column":17},"end":{"line":405,"column":11}}],"line":373},"70":{"loc":{"start":{"line":374,"column":12},"end":{"line":378,"column":66}},"type":"binary-expr","locations":[{"start":{"line":374,"column":12},"end":{"line":374,"column":29}},{"start":{"line":375,"column":15},"end":{"line":375,"column":31}},{"start":{"line":376,"column":16},"end":{"line":376,"column":33}},{"start":{"line":377,"column":17},"end":{"line":377,"column":38}},{"start":{"line":378,"column":18},"end":{"line":378,"column":39}},{"start":{"line":378,"column":43},"end":{"line":378,"column":64}}],"line":374},"71":{"loc":{"start":{"line":388,"column":17},"end":{"line":405,"column":11}},"type":"if","locations":[{"start":{"line":388,"column":17},"end":{"line":405,"column":11}},{"start":{"line":388,"column":17},"end":{"line":405,"column":11}}],"line":388},"72":{"loc":{"start":{"line":389,"column":12},"end":{"line":393,"column":66}},"type":"binary-expr","locations":[{"start":{"line":389,"column":12},"end":{"line":389,"column":33}},{"start":{"line":390,"column":15},"end":{"line":390,"column":27}},{"start":{"line":391,"column":16},"end":{"line":391,"column":33}},{"start":{"line":392,"column":17},"end":{"line":392,"column":38}},{"start":{"line":393,"column":18},"end":{"line":393,"column":39}},{"start":{"line":393,"column":43},"end":{"line":393,"column":64}}],"line":389},"73":{"loc":{"start":{"line":415,"column":4},"end":{"line":437,"column":5}},"type":"if","locations":[{"start":{"line":415,"column":4},"end":{"line":437,"column":5}},{"start":{"line":415,"column":4},"end":{"line":437,"column":5}}],"line":415},"74":{"loc":{"start":{"line":415,"column":8},"end":{"line":415,"column":65}},"type":"binary-expr","locations":[{"start":{"line":415,"column":8},"end":{"line":415,"column":23}},{"start":{"line":415,"column":28},"end":{"line":415,"column":40}},{"start":{"line":415,"column":44},"end":{"line":415,"column":64}}],"line":415},"75":{"loc":{"start":{"line":418,"column":6},"end":{"line":427,"column":7}},"type":"if","locations":[{"start":{"line":418,"column":6},"end":{"line":427,"column":7}},{"start":{"line":418,"column":6},"end":{"line":427,"column":7}}],"line":418},"76":{"loc":{"start":{"line":418,"column":10},"end":{"line":418,"column":37}},"type":"binary-expr","locations":[{"start":{"line":418,"column":10},"end":{"line":418,"column":21}},{"start":{"line":418,"column":25},"end":{"line":418,"column":37}}],"line":418},"77":{"loc":{"start":{"line":422,"column":13},"end":{"line":427,"column":7}},"type":"if","locations":[{"start":{"line":422,"column":13},"end":{"line":427,"column":7}},{"start":{"line":422,"column":13},"end":{"line":427,"column":7}}],"line":422},"78":{"loc":{"start":{"line":429,"column":6},"end":{"line":434,"column":7}},"type":"if","locations":[{"start":{"line":429,"column":6},"end":{"line":434,"column":7}},{"start":{"line":429,"column":6},"end":{"line":434,"column":7}}],"line":429}},"s":{"0":1,"1":37,"2":37,"3":37,"4":37,"5":37,"6":37,"7":37,"8":37,"9":37,"10":37,"11":37,"12":37,"13":37,"14":25,"15":12,"16":12,"17":37,"18":101,"19":101,"20":73,"21":73,"22":73,"23":13,"24":1,"25":12,"26":60,"27":28,"28":397,"29":37,"30":37,"31":37,"32":224,"33":224,"34":224,"35":224,"36":224,"37":224,"38":224,"39":224,"40":224,"41":224,"42":122,"43":45,"44":45,"45":45,"46":45,"47":45,"48":10,"49":10,"50":10,"51":35,"52":25,"53":9,"54":25,"55":10,"56":9,"57":1,"58":9,"59":1,"60":45,"61":23,"62":23,"63":23,"64":22,"65":8,"66":22,"67":1,"68":23,"69":5,"70":5,"71":5,"72":4,"73":1,"74":4,"75":1,"76":5,"77":3,"78":3,"79":3,"80":2,"81":1,"82":2,"83":1,"84":3,"85":2,"86":2,"87":2,"88":1,"89":1,"90":1,"91":1,"92":2,"93":10,"94":10,"95":10,"96":9,"97":3,"98":9,"99":1,"100":10,"101":2,"102":2,"103":2,"104":1,"105":1,"106":1,"107":1,"108":2,"109":6,"110":6,"111":6,"112":5,"113":1,"114":5,"115":1,"116":6,"117":6,"118":6,"119":6,"120":5,"121":1,"122":5,"123":1,"124":6,"125":7,"126":7,"127":7,"128":7,"129":7,"130":7,"131":6,"132":4,"133":4,"134":3,"135":1,"136":4,"137":1,"138":1,"139":1,"140":0,"141":0,"142":4,"143":2,"144":2,"145":2,"146":0,"147":2,"148":1,"149":0,"150":0,"151":1,"152":1,"153":2,"154":1,"155":7,"156":13,"157":12,"158":3,"159":3,"160":9,"161":9,"162":1,"163":13,"164":13,"165":0,"166":0,"167":102,"168":59,"169":59,"170":2,"171":2,"172":2,"173":2,"174":2,"175":1,"176":1,"177":2,"178":11,"179":11,"180":11,"181":11,"182":11,"183":5,"184":6,"185":11,"186":1,"187":1,"188":10,"189":10,"190":11,"191":11,"192":11,"193":14,"194":14,"195":14,"196":14,"197":14,"198":14,"199":14,"200":14,"201":10,"202":10,"203":10,"204":4,"205":1,"206":1,"207":1,"208":3,"209":1,"210":1,"211":1,"212":2,"213":14,"214":5,"215":5,"216":224,"217":23,"218":23,"219":10,"220":10,"221":13,"222":11,"223":23,"224":2,"225":2,"226":21,"227":23,"228":37,"229":37},"f":{"0":37,"1":101,"2":397},"b":{"0":[10,27],"1":[25,12],"2":[12,0],"3":[73,28],"4":[13,60],"5":[1,12],"6":[13,12],"7":[122,102],"8":[45,23,5,3,2,10,2,6,6,7,13,0],"9":[10,35],"10":[3,7],"11":[25,10],"12":[35,19,15],"13":[9,16],"14":[9,1],"15":[10,7,6],"16":[1,8],"17":[9,6,5],"18":[22,1],"19":[23,9,9],"20":[8,14],"21":[4,1],"22":[5,2,1],"23":[1,3],"24":[2,1],"25":[3,2,2],"26":[1,1],"27":[1,1],"28":[2,2,2],"29":[1,0],"30":[9,1],"31":[10,7,6],"32":[3,6],"33":[9,6,3],"34":[1,1],"35":[2,2,2],"36":[1,0],"37":[5,1],"38":[6,2,1],"39":[1,4],"40":[5,1],"41":[6,2,2],"42":[1,4],"43":[6,1],"44":[7,5,4],"45":[4,2],"46":[3,1],"47":[4,1,1],"48":[1,3],"49":[4,3],"50":[1,0],"51":[2,0],"52":[2,0,0],"53":[1,1],"54":[2,1],"55":[0,1],"56":[12,1],"57":[13,9,4,4,4,3],"58":[3,9],"59":[1,2],"60":[0,9],"61":[59,1,2,2,2,11,11,11,14,5],"62":[1,1],"63":[2,2,1],"64":[5,6],"65":[11,11,5],"66":[1,10],"67":[10,4],"68":[14,12,11,10,3],"69":[1,3],"70":[4,2,1,1,1,0],"71":[1,2],"72":[3,1,1,1,1,0],"73":[23,201],"74":[224,49,34],"75":[10,13],"76":[23,14],"77":[11,2],"78":[2,21]},"_coverageSchema":"332fd63041d2c1bcb487cc26dd0d5f7d97098a6c","hash":"6e3a55512a001f79afadeece93003fce486e4c3e"}
,"/home/tyler/Projects/styled-inline-additions/src/inlineAdditions.jsx": {"path":"/home/tyler/Projects/styled-inline-additions/src/inlineAdditions.jsx","statementMap":{"0":{"start":{"line":3,"column":24},"end":{"line":33,"column":1}},"1":{"start":{"line":4,"column":25},"end":{"line":4,"column":27}},"2":{"start":{"line":6,"column":2},"end":{"line":12,"column":3}},"3":{"start":{"line":7,"column":4},"end":{"line":11,"column":5}},"4":{"start":{"line":8,"column":6},"end":{"line":8,"column":45}},"5":{"start":{"line":10,"column":6},"end":{"line":10,"column":86}},"6":{"start":{"line":14,"column":2},"end":{"line":30,"column":3}},"7":{"start":{"line":15,"column":4},"end":{"line":29,"column":5}},"8":{"start":{"line":16,"column":44},"end":{"line":16,"column":68}},"9":{"start":{"line":17,"column":6},"end":{"line":17,"column":47}},"10":{"start":{"line":19,"column":6},"end":{"line":24,"column":7}},"11":{"start":{"line":20,"column":8},"end":{"line":23,"column":10}},"12":{"start":{"line":26,"column":6},"end":{"line":28,"column":8}},"13":{"start":{"line":32,"column":2},"end":{"line":32,"column":26}}},"fnMap":{"0":{"name":"(anonymous_0)","decl":{"start":{"line":3,"column":24},"end":{"line":3,"column":25}},"loc":{"start":{"line":3,"column":54},"end":{"line":33,"column":1}},"line":3}},"branchMap":{"0":{"loc":{"start":{"line":6,"column":2},"end":{"line":12,"column":3}},"type":"if","locations":[{"start":{"line":6,"column":2},"end":{"line":12,"column":3}},{"start":{"line":6,"column":2},"end":{"line":12,"column":3}}],"line":6},"1":{"loc":{"start":{"line":7,"column":4},"end":{"line":11,"column":5}},"type":"if","locations":[{"start":{"line":7,"column":4},"end":{"line":11,"column":5}},{"start":{"line":7,"column":4},"end":{"line":11,"column":5}}],"line":7},"2":{"loc":{"start":{"line":14,"column":2},"end":{"line":30,"column":3}},"type":"if","locations":[{"start":{"line":14,"column":2},"end":{"line":30,"column":3}},{"start":{"line":14,"column":2},"end":{"line":30,"column":3}}],"line":14},"3":{"loc":{"start":{"line":15,"column":4},"end":{"line":29,"column":5}},"type":"if","locations":[{"start":{"line":15,"column":4},"end":{"line":29,"column":5}},{"start":{"line":15,"column":4},"end":{"line":29,"column":5}}],"line":15},"4":{"loc":{"start":{"line":15,"column":8},"end":{"line":15,"column":72}},"type":"binary-expr","locations":[{"start":{"line":15,"column":8},"end":{"line":15,"column":37}},{"start":{"line":15,"column":41},"end":{"line":15,"column":72}}],"line":15},"5":{"loc":{"start":{"line":19,"column":6},"end":{"line":24,"column":7}},"type":"if","locations":[{"start":{"line":19,"column":6},"end":{"line":24,"column":7}},{"start":{"line":19,"column":6},"end":{"line":24,"column":7}}],"line":19}},"s":{"0":1,"1":4,"2":4,"3":2,"4":1,"5":1,"6":4,"7":3,"8":2,"9":2,"10":2,"11":1,"12":1,"13":4},"f":{"0":4},"b":{"0":[2,2],"1":[1,1],"2":[3,1],"3":[2,1],"4":[3,3],"5":[1,1]},"_coverageSchema":"332fd63041d2c1bcb487cc26dd0d5f7d97098a6c","hash":"0c269059d85be8e0208aef93dbf67e032f22e8f6"}
,"/home/tyler/Projects/styled-inline-additions/src/inlineConvert.js": {"path":"/home/tyler/Projects/styled-inline-additions/src/inlineConvert.js","statementMap":{"0":{"start":{"line":7,"column":22},"end":{"line":164,"column":1}},"1":{"start":{"line":8,"column":26},"end":{"line":8,"column":28}},"2":{"start":{"line":9,"column":31},"end":{"line":9,"column":33}},"3":{"start":{"line":10,"column":26},"end":{"line":10,"column":28}},"4":{"start":{"line":11,"column":27},"end":{"line":11,"column":29}},"5":{"start":{"line":12,"column":27},"end":{"line":12,"column":29}},"6":{"start":{"line":14,"column":2},"end":{"line":155,"column":3}},"7":{"start":{"line":15,"column":4},"end":{"line":154,"column":7}},"8":{"start":{"line":16,"column":20},"end":{"line":16,"column":31}},"9":{"start":{"line":17,"column":25},"end":{"line":17,"column":57}},"10":{"start":{"line":18,"column":23},"end":{"line":18,"column":48}},"11":{"start":{"line":20,"column":6},"end":{"line":153,"column":7}},"12":{"start":{"line":21,"column":8},"end":{"line":46,"column":9}},"13":{"start":{"line":24,"column":14},"end":{"line":27,"column":11}},"14":{"start":{"line":29,"column":10},"end":{"line":31,"column":11}},"15":{"start":{"line":30,"column":12},"end":{"line":30,"column":54}},"16":{"start":{"line":32,"column":10},"end":{"line":34,"column":11}},"17":{"start":{"line":33,"column":12},"end":{"line":33,"column":44}},"18":{"start":{"line":35,"column":10},"end":{"line":37,"column":11}},"19":{"start":{"line":36,"column":12},"end":{"line":36,"column":45}},"20":{"start":{"line":38,"column":10},"end":{"line":40,"column":11}},"21":{"start":{"line":39,"column":12},"end":{"line":39,"column":74}},"22":{"start":{"line":42,"column":31},"end":{"line":42,"column":83}},"23":{"start":{"line":43,"column":31},"end":{"line":43,"column":67}},"24":{"start":{"line":45,"column":10},"end":{"line":45,"column":69}},"25":{"start":{"line":47,"column":13},"end":{"line":153,"column":7}},"26":{"start":{"line":48,"column":8},"end":{"line":150,"column":9}},"27":{"start":{"line":49,"column":10},"end":{"line":127,"column":11}},"28":{"start":{"line":51,"column":70},"end":{"line":51,"column":90}},"29":{"start":{"line":53,"column":14},"end":{"line":59,"column":15}},"30":{"start":{"line":54,"column":16},"end":{"line":56,"column":59}},"31":{"start":{"line":58,"column":16},"end":{"line":58,"column":74}},"32":{"start":{"line":60,"column":14},"end":{"line":62,"column":15}},"33":{"start":{"line":61,"column":16},"end":{"line":61,"column":78}},"34":{"start":{"line":63,"column":14},"end":{"line":63,"column":20}},"35":{"start":{"line":69,"column":70},"end":{"line":69,"column":90}},"36":{"start":{"line":70,"column":35},"end":{"line":70,"column":87}},"37":{"start":{"line":72,"column":14},"end":{"line":78,"column":15}},"38":{"start":{"line":73,"column":16},"end":{"line":75,"column":59}},"39":{"start":{"line":77,"column":16},"end":{"line":77,"column":77}},"40":{"start":{"line":79,"column":14},"end":{"line":81,"column":15}},"41":{"start":{"line":80,"column":16},"end":{"line":80,"column":78}},"42":{"start":{"line":82,"column":14},"end":{"line":82,"column":20}},"43":{"start":{"line":88,"column":18},"end":{"line":91,"column":15}},"44":{"start":{"line":92,"column":33},"end":{"line":92,"column":85}},"45":{"start":{"line":94,"column":14},"end":{"line":96,"column":15}},"46":{"start":{"line":95,"column":16},"end":{"line":95,"column":51}},"47":{"start":{"line":97,"column":14},"end":{"line":105,"column":15}},"48":{"start":{"line":98,"column":16},"end":{"line":102,"column":40}},"49":{"start":{"line":104,"column":16},"end":{"line":104,"column":77}},"50":{"start":{"line":106,"column":14},"end":{"line":108,"column":15}},"51":{"start":{"line":107,"column":16},"end":{"line":107,"column":78}},"52":{"start":{"line":109,"column":14},"end":{"line":109,"column":20}},"53":{"start":{"line":112,"column":65},"end":{"line":112,"column":85}},"54":{"start":{"line":114,"column":14},"end":{"line":118,"column":15}},"55":{"start":{"line":115,"column":37},"end":{"line":115,"column":89}},"56":{"start":{"line":117,"column":16},"end":{"line":117,"column":91}},"57":{"start":{"line":119,"column":14},"end":{"line":121,"column":15}},"58":{"start":{"line":120,"column":16},"end":{"line":120,"column":78}},"59":{"start":{"line":122,"column":14},"end":{"line":122,"column":20}},"60":{"start":{"line":125,"column":14},"end":{"line":125,"column":50}},"61":{"start":{"line":126,"column":14},"end":{"line":126,"column":20}},"62":{"start":{"line":128,"column":15},"end":{"line":150,"column":9}},"63":{"start":{"line":131,"column":14},"end":{"line":134,"column":11}},"64":{"start":{"line":136,"column":10},"end":{"line":138,"column":11}},"65":{"start":{"line":137,"column":12},"end":{"line":137,"column":54}},"66":{"start":{"line":139,"column":10},"end":{"line":141,"column":11}},"67":{"start":{"line":140,"column":12},"end":{"line":140,"column":44}},"68":{"start":{"line":142,"column":10},"end":{"line":144,"column":11}},"69":{"start":{"line":143,"column":12},"end":{"line":143,"column":45}},"70":{"start":{"line":145,"column":10},"end":{"line":147,"column":11}},"71":{"start":{"line":146,"column":12},"end":{"line":146,"column":74}},"72":{"start":{"line":149,"column":10},"end":{"line":149,"column":46}},"73":{"start":{"line":152,"column":8},"end":{"line":152,"column":44}},"74":{"start":{"line":157,"column":2},"end":{"line":163,"column":4}}},"fnMap":{"0":{"name":"(anonymous_0)","decl":{"start":{"line":7,"column":22},"end":{"line":7,"column":23}},"loc":{"start":{"line":7,"column":47},"end":{"line":164,"column":1}},"line":7},"1":{"name":"(anonymous_1)","decl":{"start":{"line":15,"column":32},"end":{"line":15,"column":33}},"loc":{"start":{"line":15,"column":41},"end":{"line":154,"column":5}},"line":15}},"branchMap":{"0":{"loc":{"start":{"line":14,"column":2},"end":{"line":155,"column":3}},"type":"if","locations":[{"start":{"line":14,"column":2},"end":{"line":155,"column":3}},{"start":{"line":14,"column":2},"end":{"line":155,"column":3}}],"line":14},"1":{"loc":{"start":{"line":14,"column":6},"end":{"line":14,"column":74}},"type":"binary-expr","locations":[{"start":{"line":14,"column":6},"end":{"line":14,"column":12}},{"start":{"line":14,"column":16},"end":{"line":14,"column":42}},{"start":{"line":14,"column":46},"end":{"line":14,"column":74}}],"line":14},"2":{"loc":{"start":{"line":20,"column":6},"end":{"line":153,"column":7}},"type":"if","locations":[{"start":{"line":20,"column":6},"end":{"line":153,"column":7}},{"start":{"line":20,"column":6},"end":{"line":153,"column":7}}],"line":20},"3":{"loc":{"start":{"line":21,"column":8},"end":{"line":46,"column":9}},"type":"if","locations":[{"start":{"line":21,"column":8},"end":{"line":46,"column":9}},{"start":{"line":21,"column":8},"end":{"line":46,"column":9}}],"line":21},"4":{"loc":{"start":{"line":29,"column":10},"end":{"line":31,"column":11}},"type":"if","locations":[{"start":{"line":29,"column":10},"end":{"line":31,"column":11}},{"start":{"line":29,"column":10},"end":{"line":31,"column":11}}],"line":29},"5":{"loc":{"start":{"line":32,"column":10},"end":{"line":34,"column":11}},"type":"if","locations":[{"start":{"line":32,"column":10},"end":{"line":34,"column":11}},{"start":{"line":32,"column":10},"end":{"line":34,"column":11}}],"line":32},"6":{"loc":{"start":{"line":35,"column":10},"end":{"line":37,"column":11}},"type":"if","locations":[{"start":{"line":35,"column":10},"end":{"line":37,"column":11}},{"start":{"line":35,"column":10},"end":{"line":37,"column":11}}],"line":35},"7":{"loc":{"start":{"line":38,"column":10},"end":{"line":40,"column":11}},"type":"if","locations":[{"start":{"line":38,"column":10},"end":{"line":40,"column":11}},{"start":{"line":38,"column":10},"end":{"line":40,"column":11}}],"line":38},"8":{"loc":{"start":{"line":47,"column":13},"end":{"line":153,"column":7}},"type":"if","locations":[{"start":{"line":47,"column":13},"end":{"line":153,"column":7}},{"start":{"line":47,"column":13},"end":{"line":153,"column":7}}],"line":47},"9":{"loc":{"start":{"line":48,"column":8},"end":{"line":150,"column":9}},"type":"if","locations":[{"start":{"line":48,"column":8},"end":{"line":150,"column":9}},{"start":{"line":48,"column":8},"end":{"line":150,"column":9}}],"line":48},"10":{"loc":{"start":{"line":48,"column":12},"end":{"line":48,"column":48}},"type":"binary-expr","locations":[{"start":{"line":48,"column":12},"end":{"line":48,"column":17}},{"start":{"line":48,"column":21},"end":{"line":48,"column":48}}],"line":48},"11":{"loc":{"start":{"line":49,"column":10},"end":{"line":127,"column":11}},"type":"switch","locations":[{"start":{"line":50,"column":12},"end":{"line":64,"column":13}},{"start":{"line":65,"column":12},"end":{"line":65,"column":31}},{"start":{"line":66,"column":12},"end":{"line":66,"column":33}},{"start":{"line":67,"column":12},"end":{"line":67,"column":35}},{"start":{"line":68,"column":12},"end":{"line":83,"column":13}},{"start":{"line":84,"column":12},"end":{"line":84,"column":36}},{"start":{"line":85,"column":12},"end":{"line":110,"column":13}},{"start":{"line":111,"column":12},"end":{"line":123,"column":13}},{"start":{"line":124,"column":12},"end":{"line":126,"column":20}}],"line":49},"12":{"loc":{"start":{"line":53,"column":14},"end":{"line":59,"column":15}},"type":"if","locations":[{"start":{"line":53,"column":14},"end":{"line":59,"column":15}},{"start":{"line":53,"column":14},"end":{"line":59,"column":15}}],"line":53},"13":{"loc":{"start":{"line":55,"column":18},"end":{"line":55,"column":71}},"type":"cond-expr","locations":[{"start":{"line":55,"column":62},"end":{"line":55,"column":66}},{"start":{"line":55,"column":69},"end":{"line":55,"column":71}}],"line":55},"14":{"loc":{"start":{"line":60,"column":14},"end":{"line":62,"column":15}},"type":"if","locations":[{"start":{"line":60,"column":14},"end":{"line":62,"column":15}},{"start":{"line":60,"column":14},"end":{"line":62,"column":15}}],"line":60},"15":{"loc":{"start":{"line":72,"column":14},"end":{"line":78,"column":15}},"type":"if","locations":[{"start":{"line":72,"column":14},"end":{"line":78,"column":15}},{"start":{"line":72,"column":14},"end":{"line":78,"column":15}}],"line":72},"16":{"loc":{"start":{"line":74,"column":18},"end":{"line":74,"column":71}},"type":"cond-expr","locations":[{"start":{"line":74,"column":62},"end":{"line":74,"column":66}},{"start":{"line":74,"column":69},"end":{"line":74,"column":71}}],"line":74},"17":{"loc":{"start":{"line":79,"column":14},"end":{"line":81,"column":15}},"type":"if","locations":[{"start":{"line":79,"column":14},"end":{"line":81,"column":15}},{"start":{"line":79,"column":14},"end":{"line":81,"column":15}}],"line":79},"18":{"loc":{"start":{"line":94,"column":14},"end":{"line":96,"column":15}},"type":"if","locations":[{"start":{"line":94,"column":14},"end":{"line":96,"column":15}},{"start":{"line":94,"column":14},"end":{"line":96,"column":15}}],"line":94},"19":{"loc":{"start":{"line":97,"column":14},"end":{"line":105,"column":15}},"type":"if","locations":[{"start":{"line":97,"column":14},"end":{"line":105,"column":15}},{"start":{"line":97,"column":14},"end":{"line":105,"column":15}}],"line":97},"20":{"loc":{"start":{"line":99,"column":18},"end":{"line":99,"column":71}},"type":"cond-expr","locations":[{"start":{"line":99,"column":62},"end":{"line":99,"column":66}},{"start":{"line":99,"column":69},"end":{"line":99,"column":71}}],"line":99},"21":{"loc":{"start":{"line":101,"column":18},"end":{"line":101,"column":91}},"type":"cond-expr","locations":[{"start":{"line":101,"column":48},"end":{"line":101,"column":72}},{"start":{"line":101,"column":75},"end":{"line":101,"column":91}}],"line":101},"22":{"loc":{"start":{"line":106,"column":14},"end":{"line":108,"column":15}},"type":"if","locations":[{"start":{"line":106,"column":14},"end":{"line":108,"column":15}},{"start":{"line":106,"column":14},"end":{"line":108,"column":15}}],"line":106},"23":{"loc":{"start":{"line":114,"column":14},"end":{"line":118,"column":15}},"type":"if","locations":[{"start":{"line":114,"column":14},"end":{"line":118,"column":15}},{"start":{"line":114,"column":14},"end":{"line":118,"column":15}}],"line":114},"24":{"loc":{"start":{"line":119,"column":14},"end":{"line":121,"column":15}},"type":"if","locations":[{"start":{"line":119,"column":14},"end":{"line":121,"column":15}},{"start":{"line":119,"column":14},"end":{"line":121,"column":15}}],"line":119},"25":{"loc":{"start":{"line":128,"column":15},"end":{"line":150,"column":9}},"type":"if","locations":[{"start":{"line":128,"column":15},"end":{"line":150,"column":9}},{"start":{"line":128,"column":15},"end":{"line":150,"column":9}}],"line":128},"26":{"loc":{"start":{"line":136,"column":10},"end":{"line":138,"column":11}},"type":"if","locations":[{"start":{"line":136,"column":10},"end":{"line":138,"column":11}},{"start":{"line":136,"column":10},"end":{"line":138,"column":11}}],"line":136},"27":{"loc":{"start":{"line":139,"column":10},"end":{"line":141,"column":11}},"type":"if","locations":[{"start":{"line":139,"column":10},"end":{"line":141,"column":11}},{"start":{"line":139,"column":10},"end":{"line":141,"column":11}}],"line":139},"28":{"loc":{"start":{"line":142,"column":10},"end":{"line":144,"column":11}},"type":"if","locations":[{"start":{"line":142,"column":10},"end":{"line":144,"column":11}},{"start":{"line":142,"column":10},"end":{"line":144,"column":11}}],"line":142},"29":{"loc":{"start":{"line":145,"column":10},"end":{"line":147,"column":11}},"type":"if","locations":[{"start":{"line":145,"column":10},"end":{"line":147,"column":11}},{"start":{"line":145,"column":10},"end":{"line":147,"column":11}}],"line":145}},"s":{"0":1,"1":66,"2":66,"3":66,"4":66,"5":66,"6":66,"7":64,"8":191,"9":191,"10":191,"11":191,"12":133,"13":25,"14":25,"15":16,"16":25,"17":5,"18":25,"19":6,"20":25,"21":5,"22":108,"23":108,"24":108,"25":58,"26":56,"27":43,"28":20,"29":20,"30":19,"31":1,"32":20,"33":4,"34":20,"35":5,"36":5,"37":5,"38":2,"39":3,"40":5,"41":2,"42":5,"43":10,"44":10,"45":10,"46":7,"47":10,"48":5,"49":5,"50":10,"51":3,"52":10,"53":7,"54":7,"55":6,"56":6,"57":7,"58":2,"59":7,"60":1,"61":1,"62":13,"63":12,"64":12,"65":10,"66":12,"67":2,"68":12,"69":1,"70":12,"71":4,"72":1,"73":2,"74":66},"f":{"0":66,"1":191},"b":{"0":[64,2],"1":[66,65,65],"2":[133,58],"3":[25,108],"4":[16,9],"5":[5,20],"6":[6,19],"7":[5,20],"8":[56,2],"9":[43,13],"10":[56,55],"11":[20,2,3,3,5,9,10,7,1],"12":[19,1],"13":[11,8],"14":[4,16],"15":[2,3],"16":[0,2],"17":[2,3],"18":[7,3],"19":[5,5],"20":[2,3],"21":[1,4],"22":[3,7],"23":[6,1],"24":[2,5],"25":[12,1],"26":[10,2],"27":[2,10],"28":[1,11],"29":[4,8]},"_coverageSchema":"332fd63041d2c1bcb487cc26dd0d5f7d97098a6c","hash":"10f9f7c3154d38dad7e3bcd7d9e654f7786d8e41"}
,"/home/tyler/Projects/styled-inline-additions/src/stringifyCategory.js": {"path":"/home/tyler/Projects/styled-inline-additions/src/stringifyCategory.js","statementMap":{"0":{"start":{"line":1,"column":26},"end":{"line":20,"column":1}},"1":{"start":{"line":2,"column":2},"end":{"line":19,"column":3}},"2":{"start":{"line":4,"column":6},"end":{"line":4,"column":17}},"3":{"start":{"line":7,"column":6},"end":{"line":7,"column":23}},"4":{"start":{"line":10,"column":6},"end":{"line":10,"column":24}},"5":{"start":{"line":14,"column":6},"end":{"line":14,"column":25}},"6":{"start":{"line":16,"column":6},"end":{"line":16,"column":23}},"7":{"start":{"line":18,"column":6},"end":{"line":18,"column":17}}},"fnMap":{"0":{"name":"(anonymous_0)","decl":{"start":{"line":1,"column":26},"end":{"line":1,"column":27}},"loc":{"start":{"line":1,"column":41},"end":{"line":20,"column":1}},"line":1}},"branchMap":{"0":{"loc":{"start":{"line":2,"column":2},"end":{"line":19,"column":3}},"type":"switch","locations":[{"start":{"line":3,"column":4},"end":{"line":4,"column":17}},{"start":{"line":5,"column":4},"end":{"line":5,"column":23}},{"start":{"line":6,"column":4},"end":{"line":7,"column":23}},{"start":{"line":8,"column":4},"end":{"line":8,"column":25}},{"start":{"line":9,"column":4},"end":{"line":10,"column":24}},{"start":{"line":13,"column":4},"end":{"line":14,"column":25}},{"start":{"line":15,"column":4},"end":{"line":16,"column":23}},{"start":{"line":17,"column":4},"end":{"line":18,"column":17}}],"line":2}},"s":{"0":1,"1":174,"2":8,"3":27,"4":5,"5":2,"6":6,"7":126},"f":{"0":174},"b":{"0":[8,5,27,4,5,2,6,126]},"_coverageSchema":"332fd63041d2c1bcb487cc26dd0d5f7d97098a6c","hash":"3185a84541b8b7c75b42db8056b46f9b511ba03c"}
,"/home/tyler/Projects/styled-inline-additions/src/Categories/categories.js": {"path":"/home/tyler/Projects/styled-inline-additions/src/Categories/categories.js","statementMap":{"0":{"start":{"line":6,"column":22},"end":{"line":16,"column":1}}},"fnMap":{},"branchMap":{},"s":{"0":1},"f":{},"b":{},"_coverageSchema":"332fd63041d2c1bcb487cc26dd0d5f7d97098a6c","hash":"25a7054c3a1eda1a5508e1cfa2272813bba67f51"}
,"/home/tyler/Projects/styled-inline-additions/src/Categories/htmlElements.js": {"path":"/home/tyler/Projects/styled-inline-additions/src/Categories/htmlElements.js","statementMap":{"0":{"start":{"line":1,"column":21},"end":{"line":142,"column":1}}},"fnMap":{},"branchMap":{},"s":{"0":1},"f":{},"b":{},"_coverageSchema":"332fd63041d2c1bcb487cc26dd0d5f7d97098a6c","hash":"0fb318db95ecb04e173da6835128ad154c37f28d"}
,"/home/tyler/Projects/styled-inline-additions/src/Categories/mediaTypesFeatures.js": {"path":"/home/tyler/Projects/styled-inline-additions/src/Categories/mediaTypesFeatures.js","statementMap":{"0":{"start":{"line":1,"column":26},"end":{"line":6,"column":1}},"1":{"start":{"line":8,"column":29},"end":{"line":42,"column":1}},"2":{"start":{"line":44,"column":39},"end":{"line":46,"column":1}}},"fnMap":{},"branchMap":{},"s":{"0":1,"1":1,"2":1},"f":{},"b":{},"_coverageSchema":"332fd63041d2c1bcb487cc26dd0d5f7d97098a6c","hash":"0cc82472cac8cdea76a708019be89a517afd964c"}
,"/home/tyler/Projects/styled-inline-additions/src/Categories/pseudoClasses.js": {"path":"/home/tyler/Projects/styled-inline-additions/src/Categories/pseudoClasses.js","statementMap":{"0":{"start":{"line":1,"column":29},"end":{"line":40,"column":1}},"1":{"start":{"line":42,"column":34},"end":{"line":52,"column":1}}},"fnMap":{},"branchMap":{},"s":{"0":1,"1":1},"f":{},"b":{},"_coverageSchema":"332fd63041d2c1bcb487cc26dd0d5f7d97098a6c","hash":"95e0dedd858553c2fbfa47ab564542eddae9e6e6"}
,"/home/tyler/Projects/styled-inline-additions/src/Categories/pseudoElements.js": {"path":"/home/tyler/Projects/styled-inline-additions/src/Categories/pseudoElements.js","statementMap":{"0":{"start":{"line":1,"column":30},"end":{"line":13,"column":1}},"1":{"start":{"line":15,"column":35},"end":{"line":17,"column":1}},"2":{"start":{"line":19,"column":34},"end":{"line":42,"column":1}}},"fnMap":{},"branchMap":{},"s":{"0":1,"1":1,"2":1},"f":{},"b":{},"_coverageSchema":"332fd63041d2c1bcb487cc26dd0d5f7d97098a6c","hash":"f948ca56fd8e6577140b538f1bae8d890b2c754a"}
}
