{"/home/tyler/Projects/styled-inline-additions/camelToDash.js": {"path":"/home/tyler/Projects/styled-inline-additions/camelToDash.js","statementMap":{"0":{"start":{"line":1,"column":20},"end":{"line":8,"column":1}},"1":{"start":{"line":2,"column":20},"end":{"line":2,"column":85}},"2":{"start":{"line":4,"column":2},"end":{"line":7,"column":4}},"3":{"start":{"line":6,"column":54},"end":{"line":6,"column":99}}},"fnMap":{"0":{"name":"(anonymous_0)","decl":{"start":{"line":1,"column":20},"end":{"line":1,"column":21}},"loc":{"start":{"line":1,"column":32},"end":{"line":8,"column":1}},"line":1},"1":{"name":"(anonymous_1)","decl":{"start":{"line":6,"column":35},"end":{"line":6,"column":36}},"loc":{"start":{"line":6,"column":54},"end":{"line":6,"column":99}},"line":6}},"branchMap":{"0":{"loc":{"start":{"line":2,"column":20},"end":{"line":2,"column":85}},"type":"cond-expr","locations":[{"start":{"line":2,"column":49},"end":{"line":2,"column":76}},{"start":{"line":2,"column":79},"end":{"line":2,"column":85}}],"line":2},"1":{"loc":{"start":{"line":5,"column":4},"end":{"line":6,"column":100}},"type":"binary-expr","locations":[{"start":{"line":5,"column":4},"end":{"line":5,"column":13}},{"start":{"line":6,"column":7},"end":{"line":6,"column":100}}],"line":5},"2":{"loc":{"start":{"line":6,"column":55},"end":{"line":6,"column":76}},"type":"cond-expr","locations":[{"start":{"line":6,"column":68},"end":{"line":6,"column":71}},{"start":{"line":6,"column":74},"end":{"line":6,"column":76}}],"line":6}},"s":{"0":1,"1":172,"2":172,"3":78},"f":{"0":172,"1":78},"b":{"0":[8,164],"1":[172,172],"2":[70,8]},"_coverageSchema":"332fd63041d2c1bcb487cc26dd0d5f7d97098a6c","hash":"27567f7de13bb65a4982beaad0721a5df785c83f"}
,"/home/tyler/Projects/styled-inline-additions/handleAdd.js": {"path":"/home/tyler/Projects/styled-inline-additions/handleAdd.js","statementMap":{"0":{"start":{"line":7,"column":18},"end":{"line":453,"column":1}},"1":{"start":{"line":8,"column":20},"end":{"line":8,"column":24}},"2":{"start":{"line":9,"column":25},"end":{"line":9,"column":27}},"3":{"start":{"line":10,"column":20},"end":{"line":10,"column":22}},"4":{"start":{"line":11,"column":20},"end":{"line":11,"column":22}},"5":{"start":{"line":12,"column":26},"end":{"line":12,"column":28}},"6":{"start":{"line":13,"column":23},"end":{"line":13,"column":25}},"7":{"start":{"line":14,"column":21},"end":{"line":14,"column":23}},"8":{"start":{"line":15,"column":31},"end":{"line":23,"column":3}},"9":{"start":{"line":24,"column":26},"end":{"line":24,"column":55}},"10":{"start":{"line":25,"column":20},"end":{"line":25,"column":46}},"11":{"start":{"line":26,"column":19},"end":{"line":26,"column":39}},"12":{"start":{"line":27,"column":23},"end":{"line":27,"column":25}},"13":{"start":{"line":29,"column":2},"end":{"line":33,"column":3}},"14":{"start":{"line":30,"column":4},"end":{"line":30,"column":26}},"15":{"start":{"line":31,"column":9},"end":{"line":33,"column":3}},"16":{"start":{"line":32,"column":4},"end":{"line":32,"column":42}},"17":{"start":{"line":35,"column":2},"end":{"line":54,"column":28}},"18":{"start":{"line":38,"column":27},"end":{"line":38,"column":62}},"19":{"start":{"line":39,"column":6},"end":{"line":50,"column":7}},"20":{"start":{"line":40,"column":22},"end":{"line":40,"column":37}},"21":{"start":{"line":41,"column":21},"end":{"line":41,"column":43}},"22":{"start":{"line":43,"column":8},"end":{"line":48,"column":9}},"23":{"start":{"line":44,"column":10},"end":{"line":46,"column":11}},"24":{"start":{"line":45,"column":12},"end":{"line":45,"column":38}},"25":{"start":{"line":47,"column":10},"end":{"line":47,"column":23}},"26":{"start":{"line":49,"column":8},"end":{"line":49,"column":33}},"27":{"start":{"line":51,"column":6},"end":{"line":51,"column":26}},"28":{"start":{"line":54,"column":21},"end":{"line":54,"column":26}},"29":{"start":{"line":56,"column":2},"end":{"line":56,"column":45}},"30":{"start":{"line":57,"column":25},"end":{"line":57,"column":47}},"31":{"start":{"line":59,"column":2},"end":{"line":443,"column":3}},"32":{"start":{"line":60,"column":18},"end":{"line":60,"column":32}},"33":{"start":{"line":61,"column":22},"end":{"line":61,"column":40}},"34":{"start":{"line":62,"column":26},"end":{"line":62,"column":44}},"35":{"start":{"line":63,"column":21},"end":{"line":63,"column":41}},"36":{"start":{"line":64,"column":25},"end":{"line":64,"column":49}},"37":{"start":{"line":65,"column":29},"end":{"line":65,"column":57}},"38":{"start":{"line":66,"column":21},"end":{"line":66,"column":49}},"39":{"start":{"line":67,"column":25},"end":{"line":67,"column":57}},"40":{"start":{"line":68,"column":22},"end":{"line":68,"column":27}},"41":{"start":{"line":70,"column":4},"end":{"line":415,"column":5}},"42":{"start":{"line":71,"column":6},"end":{"line":306,"column":7}},"43":{"start":{"line":73,"column":33},"end":{"line":73,"column":80}},"44":{"start":{"line":74,"column":37},"end":{"line":74,"column":88}},"45":{"start":{"line":75,"column":28},"end":{"line":75,"column":70}},"46":{"start":{"line":76,"column":32},"end":{"line":76,"column":78}},"47":{"start":{"line":78,"column":10},"end":{"line":97,"column":11}},"48":{"start":{"line":79,"column":12},"end":{"line":79,"column":72}},"49":{"start":{"line":80,"column":12},"end":{"line":80,"column":19}},"50":{"start":{"line":82,"column":12},"end":{"line":82,"column":31}},"51":{"start":{"line":83,"column":17},"end":{"line":97,"column":11}},"52":{"start":{"line":84,"column":12},"end":{"line":86,"column":13}},"53":{"start":{"line":85,"column":14},"end":{"line":85,"column":21}},"54":{"start":{"line":88,"column":12},"end":{"line":88,"column":37}},"55":{"start":{"line":89,"column":17},"end":{"line":97,"column":11}},"56":{"start":{"line":90,"column":12},"end":{"line":92,"column":13}},"57":{"start":{"line":91,"column":14},"end":{"line":91,"column":21}},"58":{"start":{"line":94,"column":12},"end":{"line":94,"column":32}},"59":{"start":{"line":96,"column":12},"end":{"line":96,"column":37}},"60":{"start":{"line":98,"column":10},"end":{"line":98,"column":16}},"61":{"start":{"line":101,"column":33},"end":{"line":101,"column":80}},"62":{"start":{"line":102,"column":37},"end":{"line":102,"column":88}},"63":{"start":{"line":104,"column":10},"end":{"line":112,"column":11}},"64":{"start":{"line":105,"column":12},"end":{"line":107,"column":13}},"65":{"start":{"line":106,"column":14},"end":{"line":106,"column":21}},"66":{"start":{"line":109,"column":12},"end":{"line":109,"column":38}},"67":{"start":{"line":111,"column":12},"end":{"line":111,"column":37}},"68":{"start":{"line":113,"column":10},"end":{"line":113,"column":16}},"69":{"start":{"line":116,"column":33},"end":{"line":116,"column":80}},"70":{"start":{"line":117,"column":37},"end":{"line":117,"column":88}},"71":{"start":{"line":119,"column":10},"end":{"line":127,"column":11}},"72":{"start":{"line":120,"column":12},"end":{"line":122,"column":13}},"73":{"start":{"line":121,"column":14},"end":{"line":121,"column":21}},"74":{"start":{"line":124,"column":12},"end":{"line":124,"column":36}},"75":{"start":{"line":126,"column":12},"end":{"line":126,"column":37}},"76":{"start":{"line":128,"column":10},"end":{"line":128,"column":16}},"77":{"start":{"line":131,"column":33},"end":{"line":131,"column":80}},"78":{"start":{"line":132,"column":37},"end":{"line":132,"column":88}},"79":{"start":{"line":134,"column":10},"end":{"line":142,"column":11}},"80":{"start":{"line":135,"column":12},"end":{"line":137,"column":13}},"81":{"start":{"line":136,"column":14},"end":{"line":136,"column":21}},"82":{"start":{"line":139,"column":12},"end":{"line":139,"column":38}},"83":{"start":{"line":141,"column":12},"end":{"line":141,"column":37}},"84":{"start":{"line":143,"column":10},"end":{"line":143,"column":16}},"85":{"start":{"line":146,"column":33},"end":{"line":146,"column":80}},"86":{"start":{"line":147,"column":37},"end":{"line":147,"column":88}},"87":{"start":{"line":149,"column":10},"end":{"line":157,"column":11}},"88":{"start":{"line":150,"column":12},"end":{"line":152,"column":13}},"89":{"start":{"line":151,"column":14},"end":{"line":151,"column":21}},"90":{"start":{"line":154,"column":12},"end":{"line":154,"column":38}},"91":{"start":{"line":156,"column":12},"end":{"line":156,"column":37}},"92":{"start":{"line":158,"column":10},"end":{"line":158,"column":16}},"93":{"start":{"line":161,"column":28},"end":{"line":161,"column":70}},"94":{"start":{"line":162,"column":32},"end":{"line":162,"column":78}},"95":{"start":{"line":164,"column":10},"end":{"line":172,"column":11}},"96":{"start":{"line":165,"column":12},"end":{"line":167,"column":13}},"97":{"start":{"line":166,"column":14},"end":{"line":166,"column":21}},"98":{"start":{"line":169,"column":12},"end":{"line":169,"column":35}},"99":{"start":{"line":171,"column":12},"end":{"line":171,"column":37}},"100":{"start":{"line":173,"column":10},"end":{"line":173,"column":16}},"101":{"start":{"line":176,"column":28},"end":{"line":176,"column":70}},"102":{"start":{"line":177,"column":32},"end":{"line":177,"column":78}},"103":{"start":{"line":179,"column":10},"end":{"line":187,"column":11}},"104":{"start":{"line":180,"column":12},"end":{"line":182,"column":13}},"105":{"start":{"line":181,"column":14},"end":{"line":181,"column":21}},"106":{"start":{"line":184,"column":12},"end":{"line":184,"column":32}},"107":{"start":{"line":186,"column":12},"end":{"line":186,"column":37}},"108":{"start":{"line":188,"column":10},"end":{"line":188,"column":16}},"109":{"start":{"line":191,"column":28},"end":{"line":191,"column":70}},"110":{"start":{"line":192,"column":32},"end":{"line":192,"column":78}},"111":{"start":{"line":194,"column":10},"end":{"line":202,"column":11}},"112":{"start":{"line":195,"column":12},"end":{"line":197,"column":13}},"113":{"start":{"line":196,"column":14},"end":{"line":196,"column":21}},"114":{"start":{"line":199,"column":12},"end":{"line":199,"column":34}},"115":{"start":{"line":201,"column":12},"end":{"line":201,"column":37}},"116":{"start":{"line":203,"column":10},"end":{"line":203,"column":16}},"117":{"start":{"line":206,"column":28},"end":{"line":206,"column":70}},"118":{"start":{"line":207,"column":32},"end":{"line":207,"column":78}},"119":{"start":{"line":209,"column":10},"end":{"line":217,"column":11}},"120":{"start":{"line":210,"column":12},"end":{"line":212,"column":13}},"121":{"start":{"line":211,"column":14},"end":{"line":211,"column":21}},"122":{"start":{"line":214,"column":12},"end":{"line":214,"column":35}},"123":{"start":{"line":216,"column":12},"end":{"line":216,"column":37}},"124":{"start":{"line":218,"column":10},"end":{"line":218,"column":16}},"125":{"start":{"line":221,"column":28},"end":{"line":221,"column":46}},"126":{"start":{"line":222,"column":31},"end":{"line":222,"column":55}},"127":{"start":{"line":223,"column":33},"end":{"line":223,"column":80}},"128":{"start":{"line":224,"column":33},"end":{"line":224,"column":80}},"129":{"start":{"line":225,"column":37},"end":{"line":225,"column":88}},"130":{"start":{"line":227,"column":10},"end":{"line":279,"column":11}},"131":{"start":{"line":228,"column":12},"end":{"line":276,"column":13}},"132":{"start":{"line":229,"column":45},"end":{"line":232,"column":15}},"133":{"start":{"line":234,"column":14},"end":{"line":238,"column":15}},"134":{"start":{"line":235,"column":16},"end":{"line":235,"column":59}},"135":{"start":{"line":237,"column":16},"end":{"line":237,"column":65}},"136":{"start":{"line":240,"column":14},"end":{"line":251,"column":15}},"137":{"start":{"line":244,"column":16},"end":{"line":250,"column":17}},"138":{"start":{"line":245,"column":18},"end":{"line":245,"column":38}},"139":{"start":{"line":246,"column":18},"end":{"line":246,"column":59}},"140":{"start":{"line":248,"column":18},"end":{"line":248,"column":37}},"141":{"start":{"line":249,"column":18},"end":{"line":249,"column":55}},"142":{"start":{"line":253,"column":14},"end":{"line":253,"column":21}},"143":{"start":{"line":255,"column":41},"end":{"line":255,"column":96}},"144":{"start":{"line":257,"column":14},"end":{"line":261,"column":15}},"145":{"start":{"line":258,"column":16},"end":{"line":258,"column":55}},"146":{"start":{"line":260,"column":16},"end":{"line":260,"column":61}},"147":{"start":{"line":263,"column":14},"end":{"line":271,"column":15}},"148":{"start":{"line":264,"column":16},"end":{"line":270,"column":17}},"149":{"start":{"line":265,"column":18},"end":{"line":265,"column":38}},"150":{"start":{"line":266,"column":18},"end":{"line":266,"column":59}},"151":{"start":{"line":268,"column":18},"end":{"line":268,"column":37}},"152":{"start":{"line":269,"column":18},"end":{"line":269,"column":55}},"153":{"start":{"line":273,"column":14},"end":{"line":273,"column":64}},"154":{"start":{"line":275,"column":14},"end":{"line":275,"column":21}},"155":{"start":{"line":278,"column":12},"end":{"line":278,"column":37}},"156":{"start":{"line":280,"column":10},"end":{"line":280,"column":16}},"157":{"start":{"line":283,"column":10},"end":{"line":301,"column":11}},"158":{"start":{"line":288,"column":12},"end":{"line":288,"column":59}},"159":{"start":{"line":290,"column":12},"end":{"line":296,"column":13}},"160":{"start":{"line":291,"column":14},"end":{"line":291,"column":74}},"161":{"start":{"line":292,"column":14},"end":{"line":292,"column":21}},"162":{"start":{"line":294,"column":14},"end":{"line":294,"column":70}},"163":{"start":{"line":295,"column":14},"end":{"line":295,"column":21}},"164":{"start":{"line":298,"column":12},"end":{"line":298,"column":37}},"165":{"start":{"line":300,"column":12},"end":{"line":300,"column":37}},"166":{"start":{"line":303,"column":10},"end":{"line":303,"column":29}},"167":{"start":{"line":304,"column":10},"end":{"line":304,"column":16}},"168":{"start":{"line":308,"column":6},"end":{"line":414,"column":7}},"169":{"start":{"line":310,"column":10},"end":{"line":310,"column":36}},"170":{"start":{"line":311,"column":10},"end":{"line":311,"column":16}},"171":{"start":{"line":317,"column":28},"end":{"line":317,"column":46}},"172":{"start":{"line":318,"column":31},"end":{"line":318,"column":55}},"173":{"start":{"line":319,"column":33},"end":{"line":319,"column":80}},"174":{"start":{"line":320,"column":33},"end":{"line":320,"column":80}},"175":{"start":{"line":322,"column":10},"end":{"line":326,"column":11}},"176":{"start":{"line":323,"column":12},"end":{"line":323,"column":47}},"177":{"start":{"line":325,"column":12},"end":{"line":325,"column":53}},"178":{"start":{"line":327,"column":10},"end":{"line":327,"column":16}},"179":{"start":{"line":331,"column":28},"end":{"line":331,"column":46}},"180":{"start":{"line":332,"column":31},"end":{"line":332,"column":55}},"181":{"start":{"line":333,"column":33},"end":{"line":333,"column":80}},"182":{"start":{"line":334,"column":33},"end":{"line":334,"column":80}},"183":{"start":{"line":336,"column":10},"end":{"line":340,"column":11}},"184":{"start":{"line":337,"column":12},"end":{"line":337,"column":47}},"185":{"start":{"line":339,"column":12},"end":{"line":339,"column":53}},"186":{"start":{"line":342,"column":10},"end":{"line":342,"column":62}},"187":{"start":{"line":344,"column":10},"end":{"line":350,"column":11}},"188":{"start":{"line":345,"column":12},"end":{"line":345,"column":32}},"189":{"start":{"line":346,"column":12},"end":{"line":346,"column":53}},"190":{"start":{"line":348,"column":12},"end":{"line":348,"column":31}},"191":{"start":{"line":349,"column":12},"end":{"line":349,"column":49}},"192":{"start":{"line":351,"column":10},"end":{"line":351,"column":16}},"193":{"start":{"line":354,"column":10},"end":{"line":354,"column":31}},"194":{"start":{"line":355,"column":10},"end":{"line":355,"column":16}},"195":{"start":{"line":358,"column":36},"end":{"line":358,"column":54}},"196":{"start":{"line":359,"column":33},"end":{"line":359,"column":80}},"197":{"start":{"line":360,"column":35},"end":{"line":360,"column":67}},"198":{"start":{"line":361,"column":39},"end":{"line":361,"column":75}},"199":{"start":{"line":362,"column":39},"end":{"line":362,"column":71}},"200":{"start":{"line":363,"column":36},"end":{"line":363,"column":74}},"201":{"start":{"line":364,"column":40},"end":{"line":364,"column":82}},"202":{"start":{"line":366,"column":10},"end":{"line":407,"column":11}},"203":{"start":{"line":370,"column":43},"end":{"line":370,"column":98}},"204":{"start":{"line":372,"column":12},"end":{"line":372,"column":76}},"205":{"start":{"line":374,"column":12},"end":{"line":374,"column":19}},"206":{"start":{"line":375,"column":17},"end":{"line":407,"column":11}},"207":{"start":{"line":382,"column":47},"end":{"line":385,"column":13}},"208":{"start":{"line":387,"column":12},"end":{"line":387,"column":80}},"209":{"start":{"line":389,"column":12},"end":{"line":389,"column":19}},"210":{"start":{"line":390,"column":17},"end":{"line":407,"column":11}},"211":{"start":{"line":397,"column":47},"end":{"line":400,"column":13}},"212":{"start":{"line":402,"column":12},"end":{"line":402,"column":80}},"213":{"start":{"line":404,"column":12},"end":{"line":404,"column":19}},"214":{"start":{"line":406,"column":12},"end":{"line":406,"column":49}},"215":{"start":{"line":408,"column":10},"end":{"line":408,"column":16}},"216":{"start":{"line":411,"column":10},"end":{"line":411,"column":35}},"217":{"start":{"line":412,"column":10},"end":{"line":412,"column":16}},"218":{"start":{"line":417,"column":4},"end":{"line":419,"column":5}},"219":{"start":{"line":418,"column":6},"end":{"line":418,"column":56}},"220":{"start":{"line":421,"column":4},"end":{"line":442,"column":5}},"221":{"start":{"line":422,"column":6},"end":{"line":422,"column":65}},"222":{"start":{"line":424,"column":6},"end":{"line":433,"column":7}},"223":{"start":{"line":425,"column":8},"end":{"line":425,"column":40}},"224":{"start":{"line":427,"column":8},"end":{"line":427,"column":27}},"225":{"start":{"line":428,"column":13},"end":{"line":433,"column":7}},"226":{"start":{"line":429,"column":8},"end":{"line":432,"column":65}},"227":{"start":{"line":435,"column":6},"end":{"line":435,"column":23}},"228":{"start":{"line":436,"column":6},"end":{"line":441,"column":7}},"229":{"start":{"line":437,"column":8},"end":{"line":437,"column":36}},"230":{"start":{"line":438,"column":8},"end":{"line":438,"column":28}},"231":{"start":{"line":440,"column":8},"end":{"line":440,"column":24}},"232":{"start":{"line":445,"column":2},"end":{"line":445,"column":67}},"233":{"start":{"line":447,"column":2},"end":{"line":452,"column":4}}},"fnMap":{"0":{"name":"(anonymous_0)","decl":{"start":{"line":7,"column":18},"end":{"line":7,"column":19}},"loc":{"start":{"line":7,"column":43},"end":{"line":453,"column":1}},"line":7},"1":{"name":"(anonymous_1)","decl":{"start":{"line":37,"column":57},"end":{"line":37,"column":58}},"loc":{"start":{"line":37,"column":66},"end":{"line":52,"column":5}},"line":37},"2":{"name":"(anonymous_2)","decl":{"start":{"line":54,"column":12},"end":{"line":54,"column":13}},"loc":{"start":{"line":54,"column":21},"end":{"line":54,"column":26}},"line":54}},"branchMap":{"0":{"loc":{"start":{"line":25,"column":20},"end":{"line":25,"column":46}},"type":"cond-expr","locations":[{"start":{"line":25,"column":34},"end":{"line":25,"column":39}},{"start":{"line":25,"column":42},"end":{"line":25,"column":46}}],"line":25},"1":{"loc":{"start":{"line":26,"column":19},"end":{"line":26,"column":39}},"type":"cond-expr","locations":[{"start":{"line":26,"column":33},"end":{"line":26,"column":34}},{"start":{"line":26,"column":37},"end":{"line":26,"column":39}}],"line":26},"2":{"loc":{"start":{"line":29,"column":2},"end":{"line":33,"column":3}},"type":"if","locations":[{"start":{"line":29,"column":2},"end":{"line":33,"column":3}},{"start":{"line":29,"column":2},"end":{"line":33,"column":3}}],"line":29},"3":{"loc":{"start":{"line":31,"column":9},"end":{"line":33,"column":3}},"type":"if","locations":[{"start":{"line":31,"column":9},"end":{"line":33,"column":3}},{"start":{"line":31,"column":9},"end":{"line":33,"column":3}}],"line":31},"4":{"loc":{"start":{"line":39,"column":6},"end":{"line":50,"column":7}},"type":"if","locations":[{"start":{"line":39,"column":6},"end":{"line":50,"column":7}},{"start":{"line":39,"column":6},"end":{"line":50,"column":7}}],"line":39},"5":{"loc":{"start":{"line":43,"column":8},"end":{"line":48,"column":9}},"type":"if","locations":[{"start":{"line":43,"column":8},"end":{"line":48,"column":9}},{"start":{"line":43,"column":8},"end":{"line":48,"column":9}}],"line":43},"6":{"loc":{"start":{"line":44,"column":10},"end":{"line":46,"column":11}},"type":"if","locations":[{"start":{"line":44,"column":10},"end":{"line":46,"column":11}},{"start":{"line":44,"column":10},"end":{"line":46,"column":11}}],"line":44},"7":{"loc":{"start":{"line":44,"column":14},"end":{"line":44,"column":44}},"type":"binary-expr","locations":[{"start":{"line":44,"column":14},"end":{"line":44,"column":27}},{"start":{"line":44,"column":31},"end":{"line":44,"column":44}}],"line":44},"8":{"loc":{"start":{"line":70,"column":4},"end":{"line":415,"column":5}},"type":"if","locations":[{"start":{"line":70,"column":4},"end":{"line":415,"column":5}},{"start":{"line":70,"column":4},"end":{"line":415,"column":5}}],"line":70},"9":{"loc":{"start":{"line":71,"column":6},"end":{"line":306,"column":7}},"type":"switch","locations":[{"start":{"line":72,"column":8},"end":{"line":99,"column":9}},{"start":{"line":100,"column":8},"end":{"line":114,"column":9}},{"start":{"line":115,"column":8},"end":{"line":129,"column":9}},{"start":{"line":130,"column":8},"end":{"line":144,"column":9}},{"start":{"line":145,"column":8},"end":{"line":159,"column":9}},{"start":{"line":160,"column":8},"end":{"line":174,"column":9}},{"start":{"line":175,"column":8},"end":{"line":189,"column":9}},{"start":{"line":190,"column":8},"end":{"line":204,"column":9}},{"start":{"line":205,"column":8},"end":{"line":219,"column":9}},{"start":{"line":220,"column":8},"end":{"line":281,"column":9}},{"start":{"line":282,"column":8},"end":{"line":305,"column":9}}],"line":71},"10":{"loc":{"start":{"line":78,"column":10},"end":{"line":97,"column":11}},"type":"if","locations":[{"start":{"line":78,"column":10},"end":{"line":97,"column":11}},{"start":{"line":78,"column":10},"end":{"line":97,"column":11}}],"line":78},"11":{"loc":{"start":{"line":79,"column":30},"end":{"line":79,"column":53}},"type":"cond-expr","locations":[{"start":{"line":79,"column":44},"end":{"line":79,"column":48}},{"start":{"line":79,"column":51},"end":{"line":79,"column":53}}],"line":79},"12":{"loc":{"start":{"line":83,"column":17},"end":{"line":97,"column":11}},"type":"if","locations":[{"start":{"line":83,"column":17},"end":{"line":97,"column":11}},{"start":{"line":83,"column":17},"end":{"line":97,"column":11}}],"line":83},"13":{"loc":{"start":{"line":83,"column":21},"end":{"line":83,"column":75}},"type":"binary-expr","locations":[{"start":{"line":83,"column":21},"end":{"line":83,"column":35}},{"start":{"line":83,"column":40},"end":{"line":83,"column":52}},{"start":{"line":83,"column":56},"end":{"line":83,"column":74}}],"line":83},"14":{"loc":{"start":{"line":84,"column":12},"end":{"line":86,"column":13}},"type":"if","locations":[{"start":{"line":84,"column":12},"end":{"line":86,"column":13}},{"start":{"line":84,"column":12},"end":{"line":86,"column":13}}],"line":84},"15":{"loc":{"start":{"line":89,"column":17},"end":{"line":97,"column":11}},"type":"if","locations":[{"start":{"line":89,"column":17},"end":{"line":97,"column":11}},{"start":{"line":89,"column":17},"end":{"line":97,"column":11}}],"line":89},"16":{"loc":{"start":{"line":89,"column":21},"end":{"line":89,"column":65}},"type":"binary-expr","locations":[{"start":{"line":89,"column":21},"end":{"line":89,"column":30}},{"start":{"line":89,"column":35},"end":{"line":89,"column":47}},{"start":{"line":89,"column":51},"end":{"line":89,"column":64}}],"line":89},"17":{"loc":{"start":{"line":90,"column":12},"end":{"line":92,"column":13}},"type":"if","locations":[{"start":{"line":90,"column":12},"end":{"line":92,"column":13}},{"start":{"line":90,"column":12},"end":{"line":92,"column":13}}],"line":90},"18":{"loc":{"start":{"line":90,"column":16},"end":{"line":90,"column":70}},"type":"binary-expr","locations":[{"start":{"line":90,"column":16},"end":{"line":90,"column":28}},{"start":{"line":90,"column":32},"end":{"line":90,"column":49}},{"start":{"line":90,"column":53},"end":{"line":90,"column":70}}],"line":90},"19":{"loc":{"start":{"line":104,"column":10},"end":{"line":112,"column":11}},"type":"if","locations":[{"start":{"line":104,"column":10},"end":{"line":112,"column":11}},{"start":{"line":104,"column":10},"end":{"line":112,"column":11}}],"line":104},"20":{"loc":{"start":{"line":104,"column":14},"end":{"line":104,"column":68}},"type":"binary-expr","locations":[{"start":{"line":104,"column":14},"end":{"line":104,"column":28}},{"start":{"line":104,"column":33},"end":{"line":104,"column":45}},{"start":{"line":104,"column":49},"end":{"line":104,"column":67}}],"line":104},"21":{"loc":{"start":{"line":105,"column":12},"end":{"line":107,"column":13}},"type":"if","locations":[{"start":{"line":105,"column":12},"end":{"line":107,"column":13}},{"start":{"line":105,"column":12},"end":{"line":107,"column":13}}],"line":105},"22":{"loc":{"start":{"line":119,"column":10},"end":{"line":127,"column":11}},"type":"if","locations":[{"start":{"line":119,"column":10},"end":{"line":127,"column":11}},{"start":{"line":119,"column":10},"end":{"line":127,"column":11}}],"line":119},"23":{"loc":{"start":{"line":119,"column":14},"end":{"line":119,"column":68}},"type":"binary-expr","locations":[{"start":{"line":119,"column":14},"end":{"line":119,"column":28}},{"start":{"line":119,"column":33},"end":{"line":119,"column":45}},{"start":{"line":119,"column":49},"end":{"line":119,"column":67}}],"line":119},"24":{"loc":{"start":{"line":120,"column":12},"end":{"line":122,"column":13}},"type":"if","locations":[{"start":{"line":120,"column":12},"end":{"line":122,"column":13}},{"start":{"line":120,"column":12},"end":{"line":122,"column":13}}],"line":120},"25":{"loc":{"start":{"line":134,"column":10},"end":{"line":142,"column":11}},"type":"if","locations":[{"start":{"line":134,"column":10},"end":{"line":142,"column":11}},{"start":{"line":134,"column":10},"end":{"line":142,"column":11}}],"line":134},"26":{"loc":{"start":{"line":134,"column":14},"end":{"line":134,"column":68}},"type":"binary-expr","locations":[{"start":{"line":134,"column":14},"end":{"line":134,"column":28}},{"start":{"line":134,"column":33},"end":{"line":134,"column":45}},{"start":{"line":134,"column":49},"end":{"line":134,"column":67}}],"line":134},"27":{"loc":{"start":{"line":135,"column":12},"end":{"line":137,"column":13}},"type":"if","locations":[{"start":{"line":135,"column":12},"end":{"line":137,"column":13}},{"start":{"line":135,"column":12},"end":{"line":137,"column":13}}],"line":135},"28":{"loc":{"start":{"line":149,"column":10},"end":{"line":157,"column":11}},"type":"if","locations":[{"start":{"line":149,"column":10},"end":{"line":157,"column":11}},{"start":{"line":149,"column":10},"end":{"line":157,"column":11}}],"line":149},"29":{"loc":{"start":{"line":149,"column":14},"end":{"line":149,"column":68}},"type":"binary-expr","locations":[{"start":{"line":149,"column":14},"end":{"line":149,"column":28}},{"start":{"line":149,"column":33},"end":{"line":149,"column":45}},{"start":{"line":149,"column":49},"end":{"line":149,"column":67}}],"line":149},"30":{"loc":{"start":{"line":150,"column":12},"end":{"line":152,"column":13}},"type":"if","locations":[{"start":{"line":150,"column":12},"end":{"line":152,"column":13}},{"start":{"line":150,"column":12},"end":{"line":152,"column":13}}],"line":150},"31":{"loc":{"start":{"line":164,"column":10},"end":{"line":172,"column":11}},"type":"if","locations":[{"start":{"line":164,"column":10},"end":{"line":172,"column":11}},{"start":{"line":164,"column":10},"end":{"line":172,"column":11}}],"line":164},"32":{"loc":{"start":{"line":164,"column":14},"end":{"line":164,"column":58}},"type":"binary-expr","locations":[{"start":{"line":164,"column":14},"end":{"line":164,"column":23}},{"start":{"line":164,"column":28},"end":{"line":164,"column":40}},{"start":{"line":164,"column":44},"end":{"line":164,"column":57}}],"line":164},"33":{"loc":{"start":{"line":165,"column":12},"end":{"line":167,"column":13}},"type":"if","locations":[{"start":{"line":165,"column":12},"end":{"line":167,"column":13}},{"start":{"line":165,"column":12},"end":{"line":167,"column":13}}],"line":165},"34":{"loc":{"start":{"line":165,"column":16},"end":{"line":165,"column":70}},"type":"binary-expr","locations":[{"start":{"line":165,"column":16},"end":{"line":165,"column":28}},{"start":{"line":165,"column":32},"end":{"line":165,"column":49}},{"start":{"line":165,"column":53},"end":{"line":165,"column":70}}],"line":165},"35":{"loc":{"start":{"line":179,"column":10},"end":{"line":187,"column":11}},"type":"if","locations":[{"start":{"line":179,"column":10},"end":{"line":187,"column":11}},{"start":{"line":179,"column":10},"end":{"line":187,"column":11}}],"line":179},"36":{"loc":{"start":{"line":179,"column":14},"end":{"line":179,"column":58}},"type":"binary-expr","locations":[{"start":{"line":179,"column":14},"end":{"line":179,"column":23}},{"start":{"line":179,"column":28},"end":{"line":179,"column":40}},{"start":{"line":179,"column":44},"end":{"line":179,"column":57}}],"line":179},"37":{"loc":{"start":{"line":180,"column":12},"end":{"line":182,"column":13}},"type":"if","locations":[{"start":{"line":180,"column":12},"end":{"line":182,"column":13}},{"start":{"line":180,"column":12},"end":{"line":182,"column":13}}],"line":180},"38":{"loc":{"start":{"line":194,"column":10},"end":{"line":202,"column":11}},"type":"if","locations":[{"start":{"line":194,"column":10},"end":{"line":202,"column":11}},{"start":{"line":194,"column":10},"end":{"line":202,"column":11}}],"line":194},"39":{"loc":{"start":{"line":194,"column":14},"end":{"line":194,"column":58}},"type":"binary-expr","locations":[{"start":{"line":194,"column":14},"end":{"line":194,"column":23}},{"start":{"line":194,"column":28},"end":{"line":194,"column":40}},{"start":{"line":194,"column":44},"end":{"line":194,"column":57}}],"line":194},"40":{"loc":{"start":{"line":195,"column":12},"end":{"line":197,"column":13}},"type":"if","locations":[{"start":{"line":195,"column":12},"end":{"line":197,"column":13}},{"start":{"line":195,"column":12},"end":{"line":197,"column":13}}],"line":195},"41":{"loc":{"start":{"line":209,"column":10},"end":{"line":217,"column":11}},"type":"if","locations":[{"start":{"line":209,"column":10},"end":{"line":217,"column":11}},{"start":{"line":209,"column":10},"end":{"line":217,"column":11}}],"line":209},"42":{"loc":{"start":{"line":209,"column":14},"end":{"line":209,"column":58}},"type":"binary-expr","locations":[{"start":{"line":209,"column":14},"end":{"line":209,"column":23}},{"start":{"line":209,"column":28},"end":{"line":209,"column":40}},{"start":{"line":209,"column":44},"end":{"line":209,"column":57}}],"line":209},"43":{"loc":{"start":{"line":210,"column":12},"end":{"line":212,"column":13}},"type":"if","locations":[{"start":{"line":210,"column":12},"end":{"line":212,"column":13}},{"start":{"line":210,"column":12},"end":{"line":212,"column":13}}],"line":210},"44":{"loc":{"start":{"line":227,"column":10},"end":{"line":279,"column":11}},"type":"if","locations":[{"start":{"line":227,"column":10},"end":{"line":279,"column":11}},{"start":{"line":227,"column":10},"end":{"line":279,"column":11}}],"line":227},"45":{"loc":{"start":{"line":227,"column":14},"end":{"line":227,"column":68}},"type":"binary-expr","locations":[{"start":{"line":227,"column":14},"end":{"line":227,"column":28}},{"start":{"line":227,"column":33},"end":{"line":227,"column":45}},{"start":{"line":227,"column":49},"end":{"line":227,"column":67}}],"line":227},"46":{"loc":{"start":{"line":228,"column":12},"end":{"line":276,"column":13}},"type":"if","locations":[{"start":{"line":228,"column":12},"end":{"line":276,"column":13}},{"start":{"line":228,"column":12},"end":{"line":276,"column":13}}],"line":228},"47":{"loc":{"start":{"line":234,"column":14},"end":{"line":238,"column":15}},"type":"if","locations":[{"start":{"line":234,"column":14},"end":{"line":238,"column":15}},{"start":{"line":234,"column":14},"end":{"line":238,"column":15}}],"line":234},"48":{"loc":{"start":{"line":234,"column":18},"end":{"line":234,"column":71}},"type":"binary-expr","locations":[{"start":{"line":234,"column":18},"end":{"line":234,"column":32}},{"start":{"line":234,"column":37},"end":{"line":234,"column":54}},{"start":{"line":234,"column":58},"end":{"line":234,"column":70}}],"line":234},"49":{"loc":{"start":{"line":240,"column":14},"end":{"line":251,"column":15}},"type":"if","locations":[{"start":{"line":240,"column":14},"end":{"line":251,"column":15}},{"start":{"line":240,"column":14},"end":{"line":251,"column":15}}],"line":240},"50":{"loc":{"start":{"line":241,"column":16},"end":{"line":242,"column":57}},"type":"binary-expr","locations":[{"start":{"line":241,"column":16},"end":{"line":241,"column":55}},{"start":{"line":242,"column":16},"end":{"line":242,"column":57}}],"line":241},"51":{"loc":{"start":{"line":244,"column":16},"end":{"line":250,"column":17}},"type":"if","locations":[{"start":{"line":244,"column":16},"end":{"line":250,"column":17}},{"start":{"line":244,"column":16},"end":{"line":250,"column":17}}],"line":244},"52":{"loc":{"start":{"line":257,"column":14},"end":{"line":261,"column":15}},"type":"if","locations":[{"start":{"line":257,"column":14},"end":{"line":261,"column":15}},{"start":{"line":257,"column":14},"end":{"line":261,"column":15}}],"line":257},"53":{"loc":{"start":{"line":257,"column":18},"end":{"line":257,"column":71}},"type":"binary-expr","locations":[{"start":{"line":257,"column":18},"end":{"line":257,"column":32}},{"start":{"line":257,"column":37},"end":{"line":257,"column":54}},{"start":{"line":257,"column":58},"end":{"line":257,"column":70}}],"line":257},"54":{"loc":{"start":{"line":263,"column":14},"end":{"line":271,"column":15}},"type":"if","locations":[{"start":{"line":263,"column":14},"end":{"line":271,"column":15}},{"start":{"line":263,"column":14},"end":{"line":271,"column":15}}],"line":263},"55":{"loc":{"start":{"line":263,"column":18},"end":{"line":263,"column":94}},"type":"binary-expr","locations":[{"start":{"line":263,"column":18},"end":{"line":263,"column":53}},{"start":{"line":263,"column":57},"end":{"line":263,"column":94}}],"line":263},"56":{"loc":{"start":{"line":264,"column":16},"end":{"line":270,"column":17}},"type":"if","locations":[{"start":{"line":264,"column":16},"end":{"line":270,"column":17}},{"start":{"line":264,"column":16},"end":{"line":270,"column":17}}],"line":264},"57":{"loc":{"start":{"line":283,"column":10},"end":{"line":301,"column":11}},"type":"if","locations":[{"start":{"line":283,"column":10},"end":{"line":301,"column":11}},{"start":{"line":283,"column":10},"end":{"line":301,"column":11}}],"line":283},"58":{"loc":{"start":{"line":284,"column":12},"end":{"line":286,"column":87}},"type":"binary-expr","locations":[{"start":{"line":284,"column":13},"end":{"line":284,"column":26}},{"start":{"line":284,"column":30},"end":{"line":284,"column":43}},{"start":{"line":285,"column":12},"end":{"line":285,"column":42}},{"start":{"line":286,"column":13},"end":{"line":286,"column":25}},{"start":{"line":286,"column":30},"end":{"line":286,"column":47}},{"start":{"line":286,"column":51},"end":{"line":286,"column":85}}],"line":284},"59":{"loc":{"start":{"line":290,"column":12},"end":{"line":296,"column":13}},"type":"if","locations":[{"start":{"line":290,"column":12},"end":{"line":296,"column":13}},{"start":{"line":290,"column":12},"end":{"line":296,"column":13}}],"line":290},"60":{"loc":{"start":{"line":291,"column":32},"end":{"line":291,"column":55}},"type":"cond-expr","locations":[{"start":{"line":291,"column":46},"end":{"line":291,"column":50}},{"start":{"line":291,"column":53},"end":{"line":291,"column":55}}],"line":291},"61":{"loc":{"start":{"line":294,"column":32},"end":{"line":294,"column":55}},"type":"cond-expr","locations":[{"start":{"line":294,"column":46},"end":{"line":294,"column":50}},{"start":{"line":294,"column":53},"end":{"line":294,"column":55}}],"line":294},"62":{"loc":{"start":{"line":308,"column":6},"end":{"line":414,"column":7}},"type":"switch","locations":[{"start":{"line":309,"column":8},"end":{"line":312,"column":9}},{"start":{"line":313,"column":8},"end":{"line":313,"column":27}},{"start":{"line":314,"column":8},"end":{"line":314,"column":29}},{"start":{"line":315,"column":8},"end":{"line":315,"column":31}},{"start":{"line":316,"column":8},"end":{"line":328,"column":9}},{"start":{"line":329,"column":8},"end":{"line":329,"column":32}},{"start":{"line":330,"column":8},"end":{"line":352,"column":9}},{"start":{"line":353,"column":8},"end":{"line":356,"column":9}},{"start":{"line":357,"column":8},"end":{"line":409,"column":9}},{"start":{"line":410,"column":8},"end":{"line":413,"column":9}}],"line":308},"63":{"loc":{"start":{"line":322,"column":10},"end":{"line":326,"column":11}},"type":"if","locations":[{"start":{"line":322,"column":10},"end":{"line":326,"column":11}},{"start":{"line":322,"column":10},"end":{"line":326,"column":11}}],"line":322},"64":{"loc":{"start":{"line":322,"column":14},"end":{"line":322,"column":67}},"type":"binary-expr","locations":[{"start":{"line":322,"column":14},"end":{"line":322,"column":28}},{"start":{"line":322,"column":33},"end":{"line":322,"column":50}},{"start":{"line":322,"column":54},"end":{"line":322,"column":66}}],"line":322},"65":{"loc":{"start":{"line":336,"column":10},"end":{"line":340,"column":11}},"type":"if","locations":[{"start":{"line":336,"column":10},"end":{"line":340,"column":11}},{"start":{"line":336,"column":10},"end":{"line":340,"column":11}}],"line":336},"66":{"loc":{"start":{"line":336,"column":14},"end":{"line":336,"column":67}},"type":"binary-expr","locations":[{"start":{"line":336,"column":14},"end":{"line":336,"column":28}},{"start":{"line":336,"column":33},"end":{"line":336,"column":50}},{"start":{"line":336,"column":54},"end":{"line":336,"column":66}}],"line":336},"67":{"loc":{"start":{"line":344,"column":10},"end":{"line":350,"column":11}},"type":"if","locations":[{"start":{"line":344,"column":10},"end":{"line":350,"column":11}},{"start":{"line":344,"column":10},"end":{"line":350,"column":11}}],"line":344},"68":{"loc":{"start":{"line":366,"column":10},"end":{"line":407,"column":11}},"type":"if","locations":[{"start":{"line":366,"column":10},"end":{"line":407,"column":11}},{"start":{"line":366,"column":10},"end":{"line":407,"column":11}}],"line":366},"69":{"loc":{"start":{"line":367,"column":12},"end":{"line":368,"column":92}},"type":"binary-expr","locations":[{"start":{"line":367,"column":12},"end":{"line":367,"column":29}},{"start":{"line":368,"column":13},"end":{"line":368,"column":26}},{"start":{"line":368,"column":30},"end":{"line":368,"column":47}},{"start":{"line":368,"column":52},"end":{"line":368,"column":69}},{"start":{"line":368,"column":73},"end":{"line":368,"column":90}}],"line":367},"70":{"loc":{"start":{"line":375,"column":17},"end":{"line":407,"column":11}},"type":"if","locations":[{"start":{"line":375,"column":17},"end":{"line":407,"column":11}},{"start":{"line":375,"column":17},"end":{"line":407,"column":11}}],"line":375},"71":{"loc":{"start":{"line":376,"column":12},"end":{"line":380,"column":63}},"type":"binary-expr","locations":[{"start":{"line":376,"column":12},"end":{"line":376,"column":29}},{"start":{"line":377,"column":12},"end":{"line":377,"column":28}},{"start":{"line":378,"column":13},"end":{"line":378,"column":30}},{"start":{"line":379,"column":14},"end":{"line":379,"column":35}},{"start":{"line":380,"column":15},"end":{"line":380,"column":36}},{"start":{"line":380,"column":40},"end":{"line":380,"column":61}}],"line":376},"72":{"loc":{"start":{"line":390,"column":17},"end":{"line":407,"column":11}},"type":"if","locations":[{"start":{"line":390,"column":17},"end":{"line":407,"column":11}},{"start":{"line":390,"column":17},"end":{"line":407,"column":11}}],"line":390},"73":{"loc":{"start":{"line":391,"column":12},"end":{"line":395,"column":63}},"type":"binary-expr","locations":[{"start":{"line":391,"column":12},"end":{"line":391,"column":33}},{"start":{"line":392,"column":12},"end":{"line":392,"column":24}},{"start":{"line":393,"column":13},"end":{"line":393,"column":30}},{"start":{"line":394,"column":14},"end":{"line":394,"column":35}},{"start":{"line":395,"column":15},"end":{"line":395,"column":36}},{"start":{"line":395,"column":40},"end":{"line":395,"column":61}}],"line":391},"74":{"loc":{"start":{"line":417,"column":4},"end":{"line":419,"column":5}},"type":"if","locations":[{"start":{"line":417,"column":4},"end":{"line":419,"column":5}},{"start":{"line":417,"column":4},"end":{"line":419,"column":5}}],"line":417},"75":{"loc":{"start":{"line":421,"column":4},"end":{"line":442,"column":5}},"type":"if","locations":[{"start":{"line":421,"column":4},"end":{"line":442,"column":5}},{"start":{"line":421,"column":4},"end":{"line":442,"column":5}}],"line":421},"76":{"loc":{"start":{"line":421,"column":8},"end":{"line":421,"column":65}},"type":"binary-expr","locations":[{"start":{"line":421,"column":8},"end":{"line":421,"column":23}},{"start":{"line":421,"column":28},"end":{"line":421,"column":40}},{"start":{"line":421,"column":44},"end":{"line":421,"column":64}}],"line":421},"77":{"loc":{"start":{"line":424,"column":6},"end":{"line":433,"column":7}},"type":"if","locations":[{"start":{"line":424,"column":6},"end":{"line":433,"column":7}},{"start":{"line":424,"column":6},"end":{"line":433,"column":7}}],"line":424},"78":{"loc":{"start":{"line":424,"column":10},"end":{"line":424,"column":37}},"type":"binary-expr","locations":[{"start":{"line":424,"column":10},"end":{"line":424,"column":21}},{"start":{"line":424,"column":25},"end":{"line":424,"column":37}}],"line":424},"79":{"loc":{"start":{"line":428,"column":13},"end":{"line":433,"column":7}},"type":"if","locations":[{"start":{"line":428,"column":13},"end":{"line":433,"column":7}},{"start":{"line":428,"column":13},"end":{"line":433,"column":7}}],"line":428},"80":{"loc":{"start":{"line":436,"column":6},"end":{"line":441,"column":7}},"type":"if","locations":[{"start":{"line":436,"column":6},"end":{"line":441,"column":7}},{"start":{"line":436,"column":6},"end":{"line":441,"column":7}}],"line":436}},"s":{"0":1,"1":36,"2":36,"3":36,"4":36,"5":36,"6":36,"7":36,"8":36,"9":36,"10":36,"11":36,"12":36,"13":36,"14":24,"15":12,"16":12,"17":36,"18":101,"19":101,"20":73,"21":73,"22":73,"23":13,"24":1,"25":12,"26":60,"27":28,"28":394,"29":36,"30":36,"31":36,"32":223,"33":223,"34":223,"35":223,"36":223,"37":223,"38":223,"39":223,"40":223,"41":223,"42":121,"43":45,"44":45,"45":45,"46":45,"47":45,"48":10,"49":10,"50":10,"51":35,"52":25,"53":9,"54":25,"55":10,"56":9,"57":1,"58":9,"59":1,"60":45,"61":23,"62":23,"63":23,"64":22,"65":8,"66":22,"67":1,"68":23,"69":5,"70":5,"71":5,"72":4,"73":1,"74":4,"75":1,"76":5,"77":3,"78":3,"79":3,"80":2,"81":1,"82":2,"83":1,"84":3,"85":2,"86":2,"87":2,"88":1,"89":1,"90":1,"91":1,"92":2,"93":10,"94":10,"95":10,"96":9,"97":3,"98":9,"99":1,"100":10,"101":2,"102":2,"103":2,"104":1,"105":1,"106":1,"107":1,"108":2,"109":6,"110":6,"111":6,"112":5,"113":1,"114":5,"115":1,"116":6,"117":6,"118":6,"119":6,"120":5,"121":1,"122":5,"123":1,"124":6,"125":7,"126":7,"127":7,"128":7,"129":7,"130":7,"131":6,"132":4,"133":4,"134":3,"135":1,"136":4,"137":1,"138":1,"139":1,"140":0,"141":0,"142":4,"143":2,"144":2,"145":2,"146":0,"147":2,"148":1,"149":0,"150":0,"151":1,"152":1,"153":2,"154":2,"155":1,"156":7,"157":12,"158":11,"159":11,"160":3,"161":3,"162":8,"163":8,"164":11,"165":1,"166":12,"167":12,"168":102,"169":59,"170":59,"171":2,"172":2,"173":2,"174":2,"175":2,"176":1,"177":1,"178":2,"179":11,"180":11,"181":11,"182":11,"183":11,"184":5,"185":6,"186":11,"187":11,"188":1,"189":1,"190":10,"191":10,"192":11,"193":11,"194":11,"195":14,"196":14,"197":14,"198":14,"199":14,"200":14,"201":14,"202":14,"203":10,"204":10,"205":10,"206":4,"207":1,"208":1,"209":1,"210":3,"211":1,"212":1,"213":1,"214":2,"215":14,"216":5,"217":5,"218":223,"219":190,"220":223,"221":22,"222":22,"223":9,"224":9,"225":13,"226":11,"227":22,"228":22,"229":2,"230":2,"231":20,"232":36,"233":36},"f":{"0":36,"1":101,"2":394},"b":{"0":[9,27],"1":[9,27],"2":[24,12],"3":[12,0],"4":[73,28],"5":[13,60],"6":[1,12],"7":[13,12],"8":[121,102],"9":[45,23,5,3,2,10,2,6,6,7,12],"10":[10,35],"11":[3,7],"12":[25,10],"13":[35,19,15],"14":[9,16],"15":[9,1],"16":[10,7,6],"17":[1,8],"18":[9,6,5],"19":[22,1],"20":[23,9,9],"21":[8,14],"22":[4,1],"23":[5,2,1],"24":[1,3],"25":[2,1],"26":[3,2,2],"27":[1,1],"28":[1,1],"29":[2,2,2],"30":[1,0],"31":[9,1],"32":[10,7,6],"33":[3,6],"34":[9,6,3],"35":[1,1],"36":[2,2,2],"37":[1,0],"38":[5,1],"39":[6,2,1],"40":[1,4],"41":[5,1],"42":[6,2,2],"43":[1,4],"44":[6,1],"45":[7,5,4],"46":[4,2],"47":[3,1],"48":[4,1,1],"49":[1,3],"50":[4,3],"51":[1,0],"52":[2,0],"53":[2,0,0],"54":[1,1],"55":[2,1],"56":[0,1],"57":[11,1],"58":[12,8,4,4,4,3],"59":[3,8],"60":[1,2],"61":[0,8],"62":[59,1,2,2,2,11,11,11,14,5],"63":[1,1],"64":[2,2,1],"65":[5,6],"66":[11,11,5],"67":[1,10],"68":[10,4],"69":[14,12,11,10,3],"70":[1,3],"71":[4,2,1,1,1,0],"72":[1,2],"73":[3,1,1,1,1,0],"74":[190,33],"75":[22,201],"76":[223,48,33],"77":[9,13],"78":[22,13],"79":[11,2],"80":[2,20]},"_coverageSchema":"332fd63041d2c1bcb487cc26dd0d5f7d97098a6c","hash":"8681653a0842528bfec0c7b70c81d9ab94082085"}
,"/home/tyler/Projects/styled-inline-additions/index.jsx": {"path":"/home/tyler/Projects/styled-inline-additions/index.jsx","statementMap":{"0":{"start":{"line":3,"column":24},"end":{"line":33,"column":1}},"1":{"start":{"line":4,"column":25},"end":{"line":4,"column":27}},"2":{"start":{"line":6,"column":2},"end":{"line":12,"column":3}},"3":{"start":{"line":7,"column":4},"end":{"line":11,"column":5}},"4":{"start":{"line":8,"column":6},"end":{"line":8,"column":45}},"5":{"start":{"line":10,"column":6},"end":{"line":10,"column":79}},"6":{"start":{"line":14,"column":2},"end":{"line":30,"column":3}},"7":{"start":{"line":15,"column":4},"end":{"line":29,"column":5}},"8":{"start":{"line":16,"column":44},"end":{"line":16,"column":68}},"9":{"start":{"line":17,"column":6},"end":{"line":17,"column":47}},"10":{"start":{"line":19,"column":6},"end":{"line":24,"column":7}},"11":{"start":{"line":20,"column":8},"end":{"line":23,"column":10}},"12":{"start":{"line":26,"column":6},"end":{"line":28,"column":8}},"13":{"start":{"line":32,"column":2},"end":{"line":32,"column":26}}},"fnMap":{"0":{"name":"(anonymous_0)","decl":{"start":{"line":3,"column":24},"end":{"line":3,"column":25}},"loc":{"start":{"line":3,"column":54},"end":{"line":33,"column":1}},"line":3}},"branchMap":{"0":{"loc":{"start":{"line":6,"column":2},"end":{"line":12,"column":3}},"type":"if","locations":[{"start":{"line":6,"column":2},"end":{"line":12,"column":3}},{"start":{"line":6,"column":2},"end":{"line":12,"column":3}}],"line":6},"1":{"loc":{"start":{"line":7,"column":4},"end":{"line":11,"column":5}},"type":"if","locations":[{"start":{"line":7,"column":4},"end":{"line":11,"column":5}},{"start":{"line":7,"column":4},"end":{"line":11,"column":5}}],"line":7},"2":{"loc":{"start":{"line":14,"column":2},"end":{"line":30,"column":3}},"type":"if","locations":[{"start":{"line":14,"column":2},"end":{"line":30,"column":3}},{"start":{"line":14,"column":2},"end":{"line":30,"column":3}}],"line":14},"3":{"loc":{"start":{"line":15,"column":4},"end":{"line":29,"column":5}},"type":"if","locations":[{"start":{"line":15,"column":4},"end":{"line":29,"column":5}},{"start":{"line":15,"column":4},"end":{"line":29,"column":5}}],"line":15},"4":{"loc":{"start":{"line":15,"column":8},"end":{"line":15,"column":72}},"type":"binary-expr","locations":[{"start":{"line":15,"column":8},"end":{"line":15,"column":37}},{"start":{"line":15,"column":41},"end":{"line":15,"column":72}}],"line":15},"5":{"loc":{"start":{"line":19,"column":6},"end":{"line":24,"column":7}},"type":"if","locations":[{"start":{"line":19,"column":6},"end":{"line":24,"column":7}},{"start":{"line":19,"column":6},"end":{"line":24,"column":7}}],"line":19}},"s":{"0":1,"1":4,"2":4,"3":2,"4":1,"5":1,"6":4,"7":3,"8":2,"9":2,"10":2,"11":1,"12":1,"13":4},"f":{"0":4},"b":{"0":[2,2],"1":[1,1],"2":[3,1],"3":[2,1],"4":[3,3],"5":[1,1]},"_coverageSchema":"332fd63041d2c1bcb487cc26dd0d5f7d97098a6c","hash":"30bc8aa54c4adbf4532c9ab2722fada99db8eea1"}
,"/home/tyler/Projects/styled-inline-additions/inlineConvert.js": {"path":"/home/tyler/Projects/styled-inline-additions/inlineConvert.js","statementMap":{"0":{"start":{"line":7,"column":22},"end":{"line":158,"column":1}},"1":{"start":{"line":8,"column":26},"end":{"line":8,"column":28}},"2":{"start":{"line":9,"column":31},"end":{"line":9,"column":33}},"3":{"start":{"line":10,"column":26},"end":{"line":10,"column":28}},"4":{"start":{"line":11,"column":27},"end":{"line":11,"column":29}},"5":{"start":{"line":12,"column":27},"end":{"line":12,"column":29}},"6":{"start":{"line":14,"column":2},"end":{"line":149,"column":3}},"7":{"start":{"line":15,"column":4},"end":{"line":148,"column":7}},"8":{"start":{"line":16,"column":20},"end":{"line":16,"column":31}},"9":{"start":{"line":17,"column":25},"end":{"line":17,"column":57}},"10":{"start":{"line":18,"column":23},"end":{"line":18,"column":48}},"11":{"start":{"line":20,"column":6},"end":{"line":147,"column":7}},"12":{"start":{"line":21,"column":8},"end":{"line":44,"column":9}},"13":{"start":{"line":22,"column":79},"end":{"line":25,"column":11}},"14":{"start":{"line":27,"column":10},"end":{"line":29,"column":11}},"15":{"start":{"line":28,"column":12},"end":{"line":28,"column":54}},"16":{"start":{"line":30,"column":10},"end":{"line":32,"column":11}},"17":{"start":{"line":31,"column":12},"end":{"line":31,"column":44}},"18":{"start":{"line":33,"column":10},"end":{"line":35,"column":11}},"19":{"start":{"line":34,"column":12},"end":{"line":34,"column":45}},"20":{"start":{"line":36,"column":10},"end":{"line":38,"column":11}},"21":{"start":{"line":37,"column":12},"end":{"line":37,"column":74}},"22":{"start":{"line":40,"column":31},"end":{"line":40,"column":83}},"23":{"start":{"line":41,"column":31},"end":{"line":41,"column":67}},"24":{"start":{"line":43,"column":10},"end":{"line":43,"column":69}},"25":{"start":{"line":45,"column":13},"end":{"line":147,"column":7}},"26":{"start":{"line":46,"column":8},"end":{"line":144,"column":9}},"27":{"start":{"line":47,"column":10},"end":{"line":123,"column":11}},"28":{"start":{"line":49,"column":70},"end":{"line":49,"column":90}},"29":{"start":{"line":51,"column":14},"end":{"line":57,"column":15}},"30":{"start":{"line":52,"column":16},"end":{"line":54,"column":59}},"31":{"start":{"line":56,"column":16},"end":{"line":56,"column":74}},"32":{"start":{"line":58,"column":14},"end":{"line":60,"column":15}},"33":{"start":{"line":59,"column":16},"end":{"line":59,"column":78}},"34":{"start":{"line":61,"column":14},"end":{"line":61,"column":20}},"35":{"start":{"line":67,"column":70},"end":{"line":67,"column":90}},"36":{"start":{"line":68,"column":35},"end":{"line":68,"column":87}},"37":{"start":{"line":70,"column":14},"end":{"line":76,"column":15}},"38":{"start":{"line":71,"column":16},"end":{"line":73,"column":59}},"39":{"start":{"line":75,"column":16},"end":{"line":75,"column":77}},"40":{"start":{"line":77,"column":14},"end":{"line":79,"column":15}},"41":{"start":{"line":78,"column":16},"end":{"line":78,"column":78}},"42":{"start":{"line":80,"column":14},"end":{"line":80,"column":20}},"43":{"start":{"line":84,"column":83},"end":{"line":87,"column":15}},"44":{"start":{"line":88,"column":33},"end":{"line":88,"column":85}},"45":{"start":{"line":90,"column":14},"end":{"line":92,"column":15}},"46":{"start":{"line":91,"column":16},"end":{"line":91,"column":51}},"47":{"start":{"line":93,"column":14},"end":{"line":101,"column":15}},"48":{"start":{"line":94,"column":16},"end":{"line":98,"column":40}},"49":{"start":{"line":100,"column":16},"end":{"line":100,"column":77}},"50":{"start":{"line":102,"column":14},"end":{"line":104,"column":15}},"51":{"start":{"line":103,"column":16},"end":{"line":103,"column":78}},"52":{"start":{"line":105,"column":14},"end":{"line":105,"column":20}},"53":{"start":{"line":108,"column":65},"end":{"line":108,"column":85}},"54":{"start":{"line":110,"column":14},"end":{"line":114,"column":15}},"55":{"start":{"line":111,"column":37},"end":{"line":111,"column":89}},"56":{"start":{"line":113,"column":16},"end":{"line":113,"column":91}},"57":{"start":{"line":115,"column":14},"end":{"line":117,"column":15}},"58":{"start":{"line":116,"column":16},"end":{"line":116,"column":78}},"59":{"start":{"line":118,"column":14},"end":{"line":118,"column":20}},"60":{"start":{"line":121,"column":14},"end":{"line":121,"column":50}},"61":{"start":{"line":122,"column":14},"end":{"line":122,"column":20}},"62":{"start":{"line":124,"column":15},"end":{"line":144,"column":9}},"63":{"start":{"line":125,"column":79},"end":{"line":128,"column":11}},"64":{"start":{"line":130,"column":10},"end":{"line":132,"column":11}},"65":{"start":{"line":131,"column":12},"end":{"line":131,"column":54}},"66":{"start":{"line":133,"column":10},"end":{"line":135,"column":11}},"67":{"start":{"line":134,"column":12},"end":{"line":134,"column":44}},"68":{"start":{"line":136,"column":10},"end":{"line":138,"column":11}},"69":{"start":{"line":137,"column":12},"end":{"line":137,"column":45}},"70":{"start":{"line":139,"column":10},"end":{"line":141,"column":11}},"71":{"start":{"line":140,"column":12},"end":{"line":140,"column":74}},"72":{"start":{"line":143,"column":10},"end":{"line":143,"column":46}},"73":{"start":{"line":146,"column":8},"end":{"line":146,"column":44}},"74":{"start":{"line":151,"column":2},"end":{"line":157,"column":4}}},"fnMap":{"0":{"name":"(anonymous_0)","decl":{"start":{"line":7,"column":22},"end":{"line":7,"column":23}},"loc":{"start":{"line":7,"column":47},"end":{"line":158,"column":1}},"line":7},"1":{"name":"(anonymous_1)","decl":{"start":{"line":15,"column":32},"end":{"line":15,"column":33}},"loc":{"start":{"line":15,"column":39},"end":{"line":148,"column":5}},"line":15}},"branchMap":{"0":{"loc":{"start":{"line":14,"column":2},"end":{"line":149,"column":3}},"type":"if","locations":[{"start":{"line":14,"column":2},"end":{"line":149,"column":3}},{"start":{"line":14,"column":2},"end":{"line":149,"column":3}}],"line":14},"1":{"loc":{"start":{"line":14,"column":6},"end":{"line":14,"column":74}},"type":"binary-expr","locations":[{"start":{"line":14,"column":6},"end":{"line":14,"column":12}},{"start":{"line":14,"column":16},"end":{"line":14,"column":42}},{"start":{"line":14,"column":46},"end":{"line":14,"column":74}}],"line":14},"2":{"loc":{"start":{"line":20,"column":6},"end":{"line":147,"column":7}},"type":"if","locations":[{"start":{"line":20,"column":6},"end":{"line":147,"column":7}},{"start":{"line":20,"column":6},"end":{"line":147,"column":7}}],"line":20},"3":{"loc":{"start":{"line":21,"column":8},"end":{"line":44,"column":9}},"type":"if","locations":[{"start":{"line":21,"column":8},"end":{"line":44,"column":9}},{"start":{"line":21,"column":8},"end":{"line":44,"column":9}}],"line":21},"4":{"loc":{"start":{"line":27,"column":10},"end":{"line":29,"column":11}},"type":"if","locations":[{"start":{"line":27,"column":10},"end":{"line":29,"column":11}},{"start":{"line":27,"column":10},"end":{"line":29,"column":11}}],"line":27},"5":{"loc":{"start":{"line":30,"column":10},"end":{"line":32,"column":11}},"type":"if","locations":[{"start":{"line":30,"column":10},"end":{"line":32,"column":11}},{"start":{"line":30,"column":10},"end":{"line":32,"column":11}}],"line":30},"6":{"loc":{"start":{"line":33,"column":10},"end":{"line":35,"column":11}},"type":"if","locations":[{"start":{"line":33,"column":10},"end":{"line":35,"column":11}},{"start":{"line":33,"column":10},"end":{"line":35,"column":11}}],"line":33},"7":{"loc":{"start":{"line":36,"column":10},"end":{"line":38,"column":11}},"type":"if","locations":[{"start":{"line":36,"column":10},"end":{"line":38,"column":11}},{"start":{"line":36,"column":10},"end":{"line":38,"column":11}}],"line":36},"8":{"loc":{"start":{"line":45,"column":13},"end":{"line":147,"column":7}},"type":"if","locations":[{"start":{"line":45,"column":13},"end":{"line":147,"column":7}},{"start":{"line":45,"column":13},"end":{"line":147,"column":7}}],"line":45},"9":{"loc":{"start":{"line":46,"column":8},"end":{"line":144,"column":9}},"type":"if","locations":[{"start":{"line":46,"column":8},"end":{"line":144,"column":9}},{"start":{"line":46,"column":8},"end":{"line":144,"column":9}}],"line":46},"10":{"loc":{"start":{"line":46,"column":12},"end":{"line":46,"column":48}},"type":"binary-expr","locations":[{"start":{"line":46,"column":12},"end":{"line":46,"column":17}},{"start":{"line":46,"column":21},"end":{"line":46,"column":48}}],"line":46},"11":{"loc":{"start":{"line":47,"column":10},"end":{"line":123,"column":11}},"type":"switch","locations":[{"start":{"line":48,"column":12},"end":{"line":62,"column":13}},{"start":{"line":63,"column":12},"end":{"line":63,"column":31}},{"start":{"line":64,"column":12},"end":{"line":64,"column":33}},{"start":{"line":65,"column":12},"end":{"line":65,"column":35}},{"start":{"line":66,"column":12},"end":{"line":81,"column":13}},{"start":{"line":82,"column":12},"end":{"line":82,"column":36}},{"start":{"line":83,"column":12},"end":{"line":106,"column":13}},{"start":{"line":107,"column":12},"end":{"line":119,"column":13}},{"start":{"line":120,"column":12},"end":{"line":122,"column":20}}],"line":47},"12":{"loc":{"start":{"line":51,"column":14},"end":{"line":57,"column":15}},"type":"if","locations":[{"start":{"line":51,"column":14},"end":{"line":57,"column":15}},{"start":{"line":51,"column":14},"end":{"line":57,"column":15}}],"line":51},"13":{"loc":{"start":{"line":53,"column":18},"end":{"line":53,"column":71}},"type":"cond-expr","locations":[{"start":{"line":53,"column":62},"end":{"line":53,"column":66}},{"start":{"line":53,"column":69},"end":{"line":53,"column":71}}],"line":53},"14":{"loc":{"start":{"line":58,"column":14},"end":{"line":60,"column":15}},"type":"if","locations":[{"start":{"line":58,"column":14},"end":{"line":60,"column":15}},{"start":{"line":58,"column":14},"end":{"line":60,"column":15}}],"line":58},"15":{"loc":{"start":{"line":70,"column":14},"end":{"line":76,"column":15}},"type":"if","locations":[{"start":{"line":70,"column":14},"end":{"line":76,"column":15}},{"start":{"line":70,"column":14},"end":{"line":76,"column":15}}],"line":70},"16":{"loc":{"start":{"line":72,"column":18},"end":{"line":72,"column":71}},"type":"cond-expr","locations":[{"start":{"line":72,"column":62},"end":{"line":72,"column":66}},{"start":{"line":72,"column":69},"end":{"line":72,"column":71}}],"line":72},"17":{"loc":{"start":{"line":77,"column":14},"end":{"line":79,"column":15}},"type":"if","locations":[{"start":{"line":77,"column":14},"end":{"line":79,"column":15}},{"start":{"line":77,"column":14},"end":{"line":79,"column":15}}],"line":77},"18":{"loc":{"start":{"line":90,"column":14},"end":{"line":92,"column":15}},"type":"if","locations":[{"start":{"line":90,"column":14},"end":{"line":92,"column":15}},{"start":{"line":90,"column":14},"end":{"line":92,"column":15}}],"line":90},"19":{"loc":{"start":{"line":93,"column":14},"end":{"line":101,"column":15}},"type":"if","locations":[{"start":{"line":93,"column":14},"end":{"line":101,"column":15}},{"start":{"line":93,"column":14},"end":{"line":101,"column":15}}],"line":93},"20":{"loc":{"start":{"line":95,"column":18},"end":{"line":95,"column":71}},"type":"cond-expr","locations":[{"start":{"line":95,"column":62},"end":{"line":95,"column":66}},{"start":{"line":95,"column":69},"end":{"line":95,"column":71}}],"line":95},"21":{"loc":{"start":{"line":97,"column":18},"end":{"line":97,"column":91}},"type":"cond-expr","locations":[{"start":{"line":97,"column":48},"end":{"line":97,"column":72}},{"start":{"line":97,"column":75},"end":{"line":97,"column":91}}],"line":97},"22":{"loc":{"start":{"line":102,"column":14},"end":{"line":104,"column":15}},"type":"if","locations":[{"start":{"line":102,"column":14},"end":{"line":104,"column":15}},{"start":{"line":102,"column":14},"end":{"line":104,"column":15}}],"line":102},"23":{"loc":{"start":{"line":110,"column":14},"end":{"line":114,"column":15}},"type":"if","locations":[{"start":{"line":110,"column":14},"end":{"line":114,"column":15}},{"start":{"line":110,"column":14},"end":{"line":114,"column":15}}],"line":110},"24":{"loc":{"start":{"line":115,"column":14},"end":{"line":117,"column":15}},"type":"if","locations":[{"start":{"line":115,"column":14},"end":{"line":117,"column":15}},{"start":{"line":115,"column":14},"end":{"line":117,"column":15}}],"line":115},"25":{"loc":{"start":{"line":124,"column":15},"end":{"line":144,"column":9}},"type":"if","locations":[{"start":{"line":124,"column":15},"end":{"line":144,"column":9}},{"start":{"line":124,"column":15},"end":{"line":144,"column":9}}],"line":124},"26":{"loc":{"start":{"line":130,"column":10},"end":{"line":132,"column":11}},"type":"if","locations":[{"start":{"line":130,"column":10},"end":{"line":132,"column":11}},{"start":{"line":130,"column":10},"end":{"line":132,"column":11}}],"line":130},"27":{"loc":{"start":{"line":133,"column":10},"end":{"line":135,"column":11}},"type":"if","locations":[{"start":{"line":133,"column":10},"end":{"line":135,"column":11}},{"start":{"line":133,"column":10},"end":{"line":135,"column":11}}],"line":133},"28":{"loc":{"start":{"line":136,"column":10},"end":{"line":138,"column":11}},"type":"if","locations":[{"start":{"line":136,"column":10},"end":{"line":138,"column":11}},{"start":{"line":136,"column":10},"end":{"line":138,"column":11}}],"line":136},"29":{"loc":{"start":{"line":139,"column":10},"end":{"line":141,"column":11}},"type":"if","locations":[{"start":{"line":139,"column":10},"end":{"line":141,"column":11}},{"start":{"line":139,"column":10},"end":{"line":141,"column":11}}],"line":139}},"s":{"0":1,"1":65,"2":65,"3":65,"4":65,"5":65,"6":65,"7":63,"8":188,"9":188,"10":188,"11":188,"12":131,"13":24,"14":24,"15":16,"16":24,"17":5,"18":24,"19":5,"20":24,"21":5,"22":107,"23":107,"24":107,"25":57,"26":55,"27":42,"28":20,"29":20,"30":19,"31":1,"32":20,"33":4,"34":20,"35":5,"36":5,"37":5,"38":2,"39":3,"40":5,"41":2,"42":5,"43":9,"44":9,"45":9,"46":6,"47":9,"48":5,"49":4,"50":9,"51":3,"52":9,"53":7,"54":7,"55":6,"56":6,"57":7,"58":2,"59":7,"60":1,"61":1,"62":13,"63":12,"64":12,"65":10,"66":12,"67":2,"68":12,"69":1,"70":12,"71":4,"72":1,"73":2,"74":65},"f":{"0":65,"1":188},"b":{"0":[63,2],"1":[65,64,64],"2":[131,57],"3":[24,107],"4":[16,8],"5":[5,19],"6":[5,19],"7":[5,19],"8":[55,2],"9":[42,13],"10":[55,54],"11":[20,2,3,3,5,8,9,7,1],"12":[19,1],"13":[11,8],"14":[4,16],"15":[2,3],"16":[0,2],"17":[2,3],"18":[6,3],"19":[5,4],"20":[2,3],"21":[1,4],"22":[3,6],"23":[6,1],"24":[2,5],"25":[12,1],"26":[10,2],"27":[2,10],"28":[1,11],"29":[4,8]},"_coverageSchema":"332fd63041d2c1bcb487cc26dd0d5f7d97098a6c","hash":"6da6c8dff813068b2160d70d99752c37f57beb6b"}
,"/home/tyler/Projects/styled-inline-additions/setupTests.js": {"path":"/home/tyler/Projects/styled-inline-additions/setupTests.js","statementMap":{"0":{"start":{"line":4,"column":0},"end":{"line":4,"column":45}}},"fnMap":{},"branchMap":{},"s":{"0":2},"f":{},"b":{},"_coverageSchema":"332fd63041d2c1bcb487cc26dd0d5f7d97098a6c","hash":"379d9a5400f87cf4824b554d204d6f3e233d4126"}
,"/home/tyler/Projects/styled-inline-additions/stringifyCategory.js": {"path":"/home/tyler/Projects/styled-inline-additions/stringifyCategory.js","statementMap":{"0":{"start":{"line":1,"column":26},"end":{"line":20,"column":1}},"1":{"start":{"line":2,"column":2},"end":{"line":19,"column":3}},"2":{"start":{"line":4,"column":6},"end":{"line":4,"column":17}},"3":{"start":{"line":7,"column":6},"end":{"line":7,"column":23}},"4":{"start":{"line":10,"column":6},"end":{"line":10,"column":24}},"5":{"start":{"line":14,"column":6},"end":{"line":14,"column":25}},"6":{"start":{"line":16,"column":6},"end":{"line":16,"column":23}},"7":{"start":{"line":18,"column":6},"end":{"line":18,"column":17}}},"fnMap":{"0":{"name":"(anonymous_0)","decl":{"start":{"line":1,"column":26},"end":{"line":1,"column":27}},"loc":{"start":{"line":1,"column":41},"end":{"line":20,"column":1}},"line":1}},"branchMap":{"0":{"loc":{"start":{"line":2,"column":2},"end":{"line":19,"column":3}},"type":"switch","locations":[{"start":{"line":3,"column":4},"end":{"line":4,"column":17}},{"start":{"line":5,"column":4},"end":{"line":5,"column":23}},{"start":{"line":6,"column":4},"end":{"line":7,"column":23}},{"start":{"line":8,"column":4},"end":{"line":8,"column":25}},{"start":{"line":9,"column":4},"end":{"line":10,"column":24}},{"start":{"line":13,"column":4},"end":{"line":14,"column":25}},{"start":{"line":15,"column":4},"end":{"line":16,"column":23}},{"start":{"line":17,"column":4},"end":{"line":18,"column":17}}],"line":2}},"s":{"0":1,"1":172,"2":8,"3":26,"4":5,"5":2,"6":6,"7":125},"f":{"0":172},"b":{"0":[8,5,26,4,5,2,6,125]},"_coverageSchema":"332fd63041d2c1bcb487cc26dd0d5f7d97098a6c","hash":"d71df7375dd936f837b8e3ea37b58e32b8558bd0"}
,"/home/tyler/Projects/styled-inline-additions/Categories/categories.js": {"path":"/home/tyler/Projects/styled-inline-additions/Categories/categories.js","statementMap":{"0":{"start":{"line":6,"column":22},"end":{"line":16,"column":1}}},"fnMap":{},"branchMap":{},"s":{"0":1},"f":{},"b":{},"_coverageSchema":"332fd63041d2c1bcb487cc26dd0d5f7d97098a6c","hash":"a3c5db3d0fbae146452f63aa32e5702175e9a283"}
,"/home/tyler/Projects/styled-inline-additions/Categories/htmlElements.js": {"path":"/home/tyler/Projects/styled-inline-additions/Categories/htmlElements.js","statementMap":{"0":{"start":{"line":1,"column":21},"end":{"line":142,"column":1}}},"fnMap":{},"branchMap":{},"s":{"0":1},"f":{},"b":{},"_coverageSchema":"332fd63041d2c1bcb487cc26dd0d5f7d97098a6c","hash":"487d591bf95b938229e4fdf81150e392f280abde"}
,"/home/tyler/Projects/styled-inline-additions/Categories/mediaTypesFeatures.js": {"path":"/home/tyler/Projects/styled-inline-additions/Categories/mediaTypesFeatures.js","statementMap":{"0":{"start":{"line":1,"column":26},"end":{"line":6,"column":1}},"1":{"start":{"line":8,"column":29},"end":{"line":42,"column":1}},"2":{"start":{"line":44,"column":39},"end":{"line":46,"column":1}}},"fnMap":{},"branchMap":{},"s":{"0":1,"1":1,"2":1},"f":{},"b":{},"_coverageSchema":"332fd63041d2c1bcb487cc26dd0d5f7d97098a6c","hash":"45bbbd6a919fd00ae24b2aae6fe5c8a5ac540064"}
,"/home/tyler/Projects/styled-inline-additions/Categories/pseudoClasses.js": {"path":"/home/tyler/Projects/styled-inline-additions/Categories/pseudoClasses.js","statementMap":{"0":{"start":{"line":1,"column":29},"end":{"line":40,"column":1}},"1":{"start":{"line":42,"column":34},"end":{"line":52,"column":1}}},"fnMap":{},"branchMap":{},"s":{"0":1,"1":1},"f":{},"b":{},"_coverageSchema":"332fd63041d2c1bcb487cc26dd0d5f7d97098a6c","hash":"8eb7b268dca39dfaf8b56b960fdd934e9dbee0b1"}
,"/home/tyler/Projects/styled-inline-additions/Categories/pseudoElements.js": {"path":"/home/tyler/Projects/styled-inline-additions/Categories/pseudoElements.js","statementMap":{"0":{"start":{"line":1,"column":30},"end":{"line":13,"column":1}},"1":{"start":{"line":15,"column":35},"end":{"line":17,"column":1}},"2":{"start":{"line":19,"column":34},"end":{"line":42,"column":1}}},"fnMap":{},"branchMap":{},"s":{"0":1,"1":1,"2":1},"f":{},"b":{},"_coverageSchema":"332fd63041d2c1bcb487cc26dd0d5f7d97098a6c","hash":"bbeb1f8e103af62c3a53c3384a9dac6da7c09d72"}
}
