TN:
SF:/home/tyler/Projects/styled-inline-additions/camelToDash.js
FN:1,(anonymous_0)
FN:6,(anonymous_1)
FNF:2
FNH:2
FNDA:172,(anonymous_0)
FNDA:78,(anonymous_1)
DA:1,1
DA:2,172
DA:4,172
DA:6,78
LF:4
LH:4
BRDA:2,0,0,8
BRDA:2,0,1,164
BRDA:5,1,0,172
BRDA:5,1,1,172
BRDA:6,2,0,70
BRDA:6,2,1,8
BRF:6
BRH:6
end_of_record
TN:
SF:/home/tyler/Projects/styled-inline-additions/handleAdd.js
FN:7,(anonymous_0)
FN:37,(anonymous_1)
FN:54,(anonymous_2)
FNF:3
FNH:3
FNDA:36,(anonymous_0)
FNDA:101,(anonymous_1)
FNDA:394,(anonymous_2)
DA:7,1
DA:8,36
DA:9,36
DA:10,36
DA:11,36
DA:12,36
DA:13,36
DA:14,36
DA:15,36
DA:24,36
DA:25,36
DA:26,36
DA:27,36
DA:29,36
DA:30,24
DA:31,12
DA:32,12
DA:35,36
DA:38,101
DA:39,101
DA:40,73
DA:41,73
DA:43,73
DA:44,13
DA:45,1
DA:47,12
DA:49,60
DA:51,28
DA:54,394
DA:56,36
DA:57,36
DA:59,36
DA:60,223
DA:61,223
DA:62,223
DA:63,223
DA:64,223
DA:65,223
DA:66,223
DA:67,223
DA:68,223
DA:70,223
DA:71,121
DA:73,45
DA:74,45
DA:75,45
DA:76,45
DA:78,45
DA:79,10
DA:80,10
DA:82,10
DA:83,35
DA:84,25
DA:85,9
DA:88,25
DA:89,10
DA:90,9
DA:91,1
DA:94,9
DA:96,1
DA:98,45
DA:101,23
DA:102,23
DA:104,23
DA:105,22
DA:106,8
DA:109,22
DA:111,1
DA:113,23
DA:116,5
DA:117,5
DA:119,5
DA:120,4
DA:121,1
DA:124,4
DA:126,1
DA:128,5
DA:131,3
DA:132,3
DA:134,3
DA:135,2
DA:136,1
DA:139,2
DA:141,1
DA:143,3
DA:146,2
DA:147,2
DA:149,2
DA:150,1
DA:151,1
DA:154,1
DA:156,1
DA:158,2
DA:161,10
DA:162,10
DA:164,10
DA:165,9
DA:166,3
DA:169,9
DA:171,1
DA:173,10
DA:176,2
DA:177,2
DA:179,2
DA:180,1
DA:181,1
DA:184,1
DA:186,1
DA:188,2
DA:191,6
DA:192,6
DA:194,6
DA:195,5
DA:196,1
DA:199,5
DA:201,1
DA:203,6
DA:206,6
DA:207,6
DA:209,6
DA:210,5
DA:211,1
DA:214,5
DA:216,1
DA:218,6
DA:221,7
DA:222,7
DA:223,7
DA:224,7
DA:225,7
DA:227,7
DA:228,6
DA:229,4
DA:234,4
DA:235,3
DA:237,1
DA:240,4
DA:244,1
DA:245,1
DA:246,1
DA:248,0
DA:249,0
DA:253,4
DA:255,2
DA:257,2
DA:258,2
DA:260,0
DA:263,2
DA:264,1
DA:265,0
DA:266,0
DA:268,1
DA:269,1
DA:273,2
DA:275,2
DA:278,1
DA:280,7
DA:283,12
DA:288,11
DA:290,11
DA:291,3
DA:292,3
DA:294,8
DA:295,8
DA:298,11
DA:300,1
DA:303,12
DA:304,12
DA:308,102
DA:310,59
DA:311,59
DA:317,2
DA:318,2
DA:319,2
DA:320,2
DA:322,2
DA:323,1
DA:325,1
DA:327,2
DA:331,11
DA:332,11
DA:333,11
DA:334,11
DA:336,11
DA:337,5
DA:339,6
DA:342,11
DA:344,11
DA:345,1
DA:346,1
DA:348,10
DA:349,10
DA:351,11
DA:354,11
DA:355,11
DA:358,14
DA:359,14
DA:360,14
DA:361,14
DA:362,14
DA:363,14
DA:364,14
DA:366,14
DA:370,10
DA:372,10
DA:374,10
DA:375,4
DA:382,1
DA:387,1
DA:389,1
DA:390,3
DA:397,1
DA:402,1
DA:404,1
DA:406,2
DA:408,14
DA:411,5
DA:412,5
DA:417,223
DA:418,190
DA:421,223
DA:422,22
DA:424,22
DA:425,9
DA:427,9
DA:428,13
DA:429,11
DA:435,22
DA:436,22
DA:437,2
DA:438,2
DA:440,20
DA:445,36
DA:447,36
LF:234
LH:229
BRDA:25,0,0,9
BRDA:25,0,1,27
BRDA:26,1,0,9
BRDA:26,1,1,27
BRDA:29,2,0,24
BRDA:29,2,1,12
BRDA:31,3,0,12
BRDA:31,3,1,0
BRDA:39,4,0,73
BRDA:39,4,1,28
BRDA:43,5,0,13
BRDA:43,5,1,60
BRDA:44,6,0,1
BRDA:44,6,1,12
BRDA:44,7,0,13
BRDA:44,7,1,12
BRDA:70,8,0,121
BRDA:70,8,1,102
BRDA:71,9,0,45
BRDA:71,9,1,23
BRDA:71,9,2,5
BRDA:71,9,3,3
BRDA:71,9,4,2
BRDA:71,9,5,10
BRDA:71,9,6,2
BRDA:71,9,7,6
BRDA:71,9,8,6
BRDA:71,9,9,7
BRDA:71,9,10,12
BRDA:78,10,0,10
BRDA:78,10,1,35
BRDA:79,11,0,3
BRDA:79,11,1,7
BRDA:83,12,0,25
BRDA:83,12,1,10
BRDA:83,13,0,35
BRDA:83,13,1,19
BRDA:83,13,2,15
BRDA:84,14,0,9
BRDA:84,14,1,16
BRDA:89,15,0,9
BRDA:89,15,1,1
BRDA:89,16,0,10
BRDA:89,16,1,7
BRDA:89,16,2,6
BRDA:90,17,0,1
BRDA:90,17,1,8
BRDA:90,18,0,9
BRDA:90,18,1,6
BRDA:90,18,2,5
BRDA:104,19,0,22
BRDA:104,19,1,1
BRDA:104,20,0,23
BRDA:104,20,1,9
BRDA:104,20,2,9
BRDA:105,21,0,8
BRDA:105,21,1,14
BRDA:119,22,0,4
BRDA:119,22,1,1
BRDA:119,23,0,5
BRDA:119,23,1,2
BRDA:119,23,2,1
BRDA:120,24,0,1
BRDA:120,24,1,3
BRDA:134,25,0,2
BRDA:134,25,1,1
BRDA:134,26,0,3
BRDA:134,26,1,2
BRDA:134,26,2,2
BRDA:135,27,0,1
BRDA:135,27,1,1
BRDA:149,28,0,1
BRDA:149,28,1,1
BRDA:149,29,0,2
BRDA:149,29,1,2
BRDA:149,29,2,2
BRDA:150,30,0,1
BRDA:150,30,1,0
BRDA:164,31,0,9
BRDA:164,31,1,1
BRDA:164,32,0,10
BRDA:164,32,1,7
BRDA:164,32,2,6
BRDA:165,33,0,3
BRDA:165,33,1,6
BRDA:165,34,0,9
BRDA:165,34,1,6
BRDA:165,34,2,3
BRDA:179,35,0,1
BRDA:179,35,1,1
BRDA:179,36,0,2
BRDA:179,36,1,2
BRDA:179,36,2,2
BRDA:180,37,0,1
BRDA:180,37,1,0
BRDA:194,38,0,5
BRDA:194,38,1,1
BRDA:194,39,0,6
BRDA:194,39,1,2
BRDA:194,39,2,1
BRDA:195,40,0,1
BRDA:195,40,1,4
BRDA:209,41,0,5
BRDA:209,41,1,1
BRDA:209,42,0,6
BRDA:209,42,1,2
BRDA:209,42,2,2
BRDA:210,43,0,1
BRDA:210,43,1,4
BRDA:227,44,0,6
BRDA:227,44,1,1
BRDA:227,45,0,7
BRDA:227,45,1,5
BRDA:227,45,2,4
BRDA:228,46,0,4
BRDA:228,46,1,2
BRDA:234,47,0,3
BRDA:234,47,1,1
BRDA:234,48,0,4
BRDA:234,48,1,1
BRDA:234,48,2,1
BRDA:240,49,0,1
BRDA:240,49,1,3
BRDA:241,50,0,4
BRDA:241,50,1,3
BRDA:244,51,0,1
BRDA:244,51,1,0
BRDA:257,52,0,2
BRDA:257,52,1,0
BRDA:257,53,0,2
BRDA:257,53,1,0
BRDA:257,53,2,0
BRDA:263,54,0,1
BRDA:263,54,1,1
BRDA:263,55,0,2
BRDA:263,55,1,1
BRDA:264,56,0,0
BRDA:264,56,1,1
BRDA:283,57,0,11
BRDA:283,57,1,1
BRDA:284,58,0,12
BRDA:284,58,1,8
BRDA:284,58,2,4
BRDA:284,58,3,4
BRDA:284,58,4,4
BRDA:284,58,5,3
BRDA:290,59,0,3
BRDA:290,59,1,8
BRDA:291,60,0,1
BRDA:291,60,1,2
BRDA:294,61,0,0
BRDA:294,61,1,8
BRDA:308,62,0,59
BRDA:308,62,1,1
BRDA:308,62,2,2
BRDA:308,62,3,2
BRDA:308,62,4,2
BRDA:308,62,5,11
BRDA:308,62,6,11
BRDA:308,62,7,11
BRDA:308,62,8,14
BRDA:308,62,9,5
BRDA:322,63,0,1
BRDA:322,63,1,1
BRDA:322,64,0,2
BRDA:322,64,1,2
BRDA:322,64,2,1
BRDA:336,65,0,5
BRDA:336,65,1,6
BRDA:336,66,0,11
BRDA:336,66,1,11
BRDA:336,66,2,5
BRDA:344,67,0,1
BRDA:344,67,1,10
BRDA:366,68,0,10
BRDA:366,68,1,4
BRDA:367,69,0,14
BRDA:367,69,1,12
BRDA:367,69,2,11
BRDA:367,69,3,10
BRDA:367,69,4,3
BRDA:375,70,0,1
BRDA:375,70,1,3
BRDA:376,71,0,4
BRDA:376,71,1,2
BRDA:376,71,2,1
BRDA:376,71,3,1
BRDA:376,71,4,1
BRDA:376,71,5,0
BRDA:390,72,0,1
BRDA:390,72,1,2
BRDA:391,73,0,3
BRDA:391,73,1,1
BRDA:391,73,2,1
BRDA:391,73,3,1
BRDA:391,73,4,1
BRDA:391,73,5,0
BRDA:417,74,0,190
BRDA:417,74,1,33
BRDA:421,75,0,22
BRDA:421,75,1,201
BRDA:421,76,0,223
BRDA:421,76,1,48
BRDA:421,76,2,33
BRDA:424,77,0,9
BRDA:424,77,1,13
BRDA:424,78,0,22
BRDA:424,78,1,13
BRDA:428,79,0,11
BRDA:428,79,1,2
BRDA:436,80,0,2
BRDA:436,80,1,20
BRF:212
BRH:201
end_of_record
TN:
SF:/home/tyler/Projects/styled-inline-additions/index.jsx
FN:3,(anonymous_0)
FNF:1
FNH:1
FNDA:4,(anonymous_0)
DA:3,1
DA:4,4
DA:6,4
DA:7,2
DA:8,1
DA:10,1
DA:14,4
DA:15,3
DA:16,2
DA:17,2
DA:19,2
DA:20,1
DA:26,1
DA:32,4
LF:14
LH:14
BRDA:6,0,0,2
BRDA:6,0,1,2
BRDA:7,1,0,1
BRDA:7,1,1,1
BRDA:14,2,0,3
BRDA:14,2,1,1
BRDA:15,3,0,2
BRDA:15,3,1,1
BRDA:15,4,0,3
BRDA:15,4,1,3
BRDA:19,5,0,1
BRDA:19,5,1,1
BRF:12
BRH:12
end_of_record
TN:
SF:/home/tyler/Projects/styled-inline-additions/inlineConvert.js
FN:7,(anonymous_0)
FN:15,(anonymous_1)
FNF:2
FNH:2
FNDA:65,(anonymous_0)
FNDA:188,(anonymous_1)
DA:7,1
DA:8,65
DA:9,65
DA:10,65
DA:11,65
DA:12,65
DA:14,65
DA:15,63
DA:16,188
DA:17,188
DA:18,188
DA:20,188
DA:21,131
DA:22,24
DA:27,24
DA:28,16
DA:30,24
DA:31,5
DA:33,24
DA:34,5
DA:36,24
DA:37,5
DA:40,107
DA:41,107
DA:43,107
DA:45,57
DA:46,55
DA:47,42
DA:49,20
DA:51,20
DA:52,19
DA:56,1
DA:58,20
DA:59,4
DA:61,20
DA:67,5
DA:68,5
DA:70,5
DA:71,2
DA:75,3
DA:77,5
DA:78,2
DA:80,5
DA:84,9
DA:88,9
DA:90,9
DA:91,6
DA:93,9
DA:94,5
DA:100,4
DA:102,9
DA:103,3
DA:105,9
DA:108,7
DA:110,7
DA:111,6
DA:113,6
DA:115,7
DA:116,2
DA:118,7
DA:121,1
DA:122,1
DA:124,13
DA:125,12
DA:130,12
DA:131,10
DA:133,12
DA:134,2
DA:136,12
DA:137,1
DA:139,12
DA:140,4
DA:143,1
DA:146,2
DA:151,65
LF:75
LH:75
BRDA:14,0,0,63
BRDA:14,0,1,2
BRDA:14,1,0,65
BRDA:14,1,1,64
BRDA:14,1,2,64
BRDA:20,2,0,131
BRDA:20,2,1,57
BRDA:21,3,0,24
BRDA:21,3,1,107
BRDA:27,4,0,16
BRDA:27,4,1,8
BRDA:30,5,0,5
BRDA:30,5,1,19
BRDA:33,6,0,5
BRDA:33,6,1,19
BRDA:36,7,0,5
BRDA:36,7,1,19
BRDA:45,8,0,55
BRDA:45,8,1,2
BRDA:46,9,0,42
BRDA:46,9,1,13
BRDA:46,10,0,55
BRDA:46,10,1,54
BRDA:47,11,0,20
BRDA:47,11,1,2
BRDA:47,11,2,3
BRDA:47,11,3,3
BRDA:47,11,4,5
BRDA:47,11,5,8
BRDA:47,11,6,9
BRDA:47,11,7,7
BRDA:47,11,8,1
BRDA:51,12,0,19
BRDA:51,12,1,1
BRDA:53,13,0,11
BRDA:53,13,1,8
BRDA:58,14,0,4
BRDA:58,14,1,16
BRDA:70,15,0,2
BRDA:70,15,1,3
BRDA:72,16,0,0
BRDA:72,16,1,2
BRDA:77,17,0,2
BRDA:77,17,1,3
BRDA:90,18,0,6
BRDA:90,18,1,3
BRDA:93,19,0,5
BRDA:93,19,1,4
BRDA:95,20,0,2
BRDA:95,20,1,3
BRDA:97,21,0,1
BRDA:97,21,1,4
BRDA:102,22,0,3
BRDA:102,22,1,6
BRDA:110,23,0,6
BRDA:110,23,1,1
BRDA:115,24,0,2
BRDA:115,24,1,5
BRDA:124,25,0,12
BRDA:124,25,1,1
BRDA:130,26,0,10
BRDA:130,26,1,2
BRDA:133,27,0,2
BRDA:133,27,1,10
BRDA:136,28,0,1
BRDA:136,28,1,11
BRDA:139,29,0,4
BRDA:139,29,1,8
BRF:68
BRH:67
end_of_record
TN:
SF:/home/tyler/Projects/styled-inline-additions/setupTests.js
FNF:0
FNH:0
DA:4,2
LF:1
LH:1
BRF:0
BRH:0
end_of_record
TN:
SF:/home/tyler/Projects/styled-inline-additions/stringifyCategory.js
FN:1,(anonymous_0)
FNF:1
FNH:1
FNDA:172,(anonymous_0)
DA:1,1
DA:2,172
DA:4,8
DA:7,26
DA:10,5
DA:14,2
DA:16,6
DA:18,125
LF:8
LH:8
BRDA:2,0,0,8
BRDA:2,0,1,5
BRDA:2,0,2,26
BRDA:2,0,3,4
BRDA:2,0,4,5
BRDA:2,0,5,2
BRDA:2,0,6,6
BRDA:2,0,7,125
BRF:8
BRH:8
end_of_record
TN:
SF:/home/tyler/Projects/styled-inline-additions/Categories/categories.js
FNF:0
FNH:0
DA:6,1
LF:1
LH:1
BRF:0
BRH:0
end_of_record
TN:
SF:/home/tyler/Projects/styled-inline-additions/Categories/htmlElements.js
FNF:0
FNH:0
DA:1,1
LF:1
LH:1
BRF:0
BRH:0
end_of_record
TN:
SF:/home/tyler/Projects/styled-inline-additions/Categories/mediaTypesFeatures.js
FNF:0
FNH:0
DA:1,1
DA:8,1
DA:44,1
LF:3
LH:3
BRF:0
BRH:0
end_of_record
TN:
SF:/home/tyler/Projects/styled-inline-additions/Categories/pseudoClasses.js
FNF:0
FNH:0
DA:1,1
DA:42,1
LF:2
LH:2
BRF:0
BRH:0
end_of_record
TN:
SF:/home/tyler/Projects/styled-inline-additions/Categories/pseudoElements.js
FNF:0
FNH:0
DA:1,1
DA:15,1
DA:19,1
LF:3
LH:3
BRF:0
BRH:0
end_of_record
