TN:
SF:/home/tyler/Projects/styled-inline-additions/src/camelToDash.js
FN:1,(anonymous_0)
FN:6,(anonymous_1)
FNF:2
FNH:2
FNDA:174,(anonymous_0)
FNDA:78,(anonymous_1)
DA:1,1
DA:2,174
DA:4,174
DA:6,78
LF:4
LH:4
BRDA:2,0,0,8
BRDA:2,0,1,166
BRDA:5,1,0,174
BRDA:5,1,1,174
BRDA:6,2,0,70
BRDA:6,2,1,8
BRF:6
BRH:6
end_of_record
TN:
SF:/home/tyler/Projects/styled-inline-additions/src/handleAdd.js
FN:7,(anonymous_0)
FN:37,(anonymous_1)
FN:54,(anonymous_2)
FNF:3
FNH:3
FNDA:37,(anonymous_0)
FNDA:101,(anonymous_1)
FNDA:397,(anonymous_2)
DA:7,1
DA:8,37
DA:9,37
DA:10,37
DA:11,37
DA:12,37
DA:13,37
DA:14,37
DA:15,37
DA:24,37
DA:25,37
DA:26,37
DA:27,37
DA:29,37
DA:30,25
DA:31,12
DA:32,12
DA:35,37
DA:38,101
DA:39,101
DA:40,73
DA:41,73
DA:43,73
DA:44,13
DA:45,1
DA:47,12
DA:49,60
DA:51,28
DA:54,397
DA:56,37
DA:58,37
DA:60,37
DA:61,224
DA:62,224
DA:63,224
DA:64,224
DA:65,224
DA:66,224
DA:67,224
DA:68,224
DA:69,224
DA:71,224
DA:72,122
DA:74,45
DA:75,45
DA:76,45
DA:77,45
DA:79,45
DA:80,10
DA:82,10
DA:84,10
DA:85,35
DA:86,25
DA:87,9
DA:90,25
DA:91,10
DA:92,9
DA:93,1
DA:96,9
DA:98,1
DA:100,45
DA:103,23
DA:104,23
DA:106,23
DA:107,22
DA:108,8
DA:111,22
DA:113,1
DA:115,23
DA:118,5
DA:119,5
DA:121,5
DA:122,4
DA:123,1
DA:126,4
DA:128,1
DA:130,5
DA:133,3
DA:134,3
DA:136,3
DA:137,2
DA:138,1
DA:141,2
DA:143,1
DA:145,3
DA:148,2
DA:149,2
DA:151,2
DA:152,1
DA:153,1
DA:156,1
DA:158,1
DA:160,2
DA:163,10
DA:164,10
DA:166,10
DA:167,9
DA:168,3
DA:171,9
DA:173,1
DA:175,10
DA:178,2
DA:179,2
DA:181,2
DA:182,1
DA:183,1
DA:186,1
DA:188,1
DA:190,2
DA:193,6
DA:194,6
DA:196,6
DA:197,5
DA:198,1
DA:201,5
DA:203,1
DA:205,6
DA:208,6
DA:209,6
DA:211,6
DA:212,5
DA:213,1
DA:216,5
DA:218,1
DA:220,6
DA:223,7
DA:224,7
DA:225,7
DA:226,7
DA:227,7
DA:229,7
DA:230,6
DA:231,4
DA:236,4
DA:237,3
DA:239,1
DA:242,4
DA:246,1
DA:247,1
DA:248,1
DA:250,0
DA:251,0
DA:255,4
DA:257,2
DA:259,2
DA:260,2
DA:262,0
DA:265,2
DA:266,1
DA:267,0
DA:268,0
DA:270,1
DA:271,1
DA:275,2
DA:278,1
DA:280,7
DA:283,13
DA:288,12
DA:289,3
DA:290,3
DA:292,9
DA:293,9
DA:296,1
DA:299,13
DA:300,13
DA:303,0
DA:304,0
DA:308,102
DA:310,59
DA:311,59
DA:317,2
DA:318,2
DA:319,2
DA:320,2
DA:322,2
DA:323,1
DA:325,1
DA:327,2
DA:331,11
DA:332,11
DA:333,11
DA:334,11
DA:336,11
DA:337,5
DA:339,6
DA:342,11
DA:343,1
DA:344,1
DA:346,10
DA:347,10
DA:349,11
DA:352,11
DA:353,11
DA:356,14
DA:357,14
DA:358,14
DA:359,14
DA:360,14
DA:361,14
DA:362,14
DA:364,14
DA:368,10
DA:370,10
DA:372,10
DA:373,4
DA:380,1
DA:385,1
DA:387,1
DA:388,3
DA:395,1
DA:400,1
DA:402,1
DA:404,2
DA:406,14
DA:409,5
DA:410,5
DA:415,224
DA:416,23
DA:418,23
DA:419,10
DA:421,10
DA:422,13
DA:423,11
DA:429,23
DA:430,2
DA:431,2
DA:433,21
DA:436,23
DA:440,37
DA:442,37
LF:230
LH:223
BRDA:26,0,0,10
BRDA:26,0,1,27
BRDA:29,1,0,25
BRDA:29,1,1,12
BRDA:31,2,0,12
BRDA:31,2,1,0
BRDA:39,3,0,73
BRDA:39,3,1,28
BRDA:43,4,0,13
BRDA:43,4,1,60
BRDA:44,5,0,1
BRDA:44,5,1,12
BRDA:44,6,0,13
BRDA:44,6,1,12
BRDA:71,7,0,122
BRDA:71,7,1,102
BRDA:72,8,0,45
BRDA:72,8,1,23
BRDA:72,8,2,5
BRDA:72,8,3,3
BRDA:72,8,4,2
BRDA:72,8,5,10
BRDA:72,8,6,2
BRDA:72,8,7,6
BRDA:72,8,8,6
BRDA:72,8,9,7
BRDA:72,8,10,13
BRDA:72,8,11,0
BRDA:79,9,0,10
BRDA:79,9,1,35
BRDA:80,10,0,3
BRDA:80,10,1,7
BRDA:85,11,0,25
BRDA:85,11,1,10
BRDA:85,12,0,35
BRDA:85,12,1,19
BRDA:85,12,2,15
BRDA:86,13,0,9
BRDA:86,13,1,16
BRDA:91,14,0,9
BRDA:91,14,1,1
BRDA:91,15,0,10
BRDA:91,15,1,7
BRDA:91,15,2,6
BRDA:92,16,0,1
BRDA:92,16,1,8
BRDA:92,17,0,9
BRDA:92,17,1,6
BRDA:92,17,2,5
BRDA:106,18,0,22
BRDA:106,18,1,1
BRDA:106,19,0,23
BRDA:106,19,1,9
BRDA:106,19,2,9
BRDA:107,20,0,8
BRDA:107,20,1,14
BRDA:121,21,0,4
BRDA:121,21,1,1
BRDA:121,22,0,5
BRDA:121,22,1,2
BRDA:121,22,2,1
BRDA:122,23,0,1
BRDA:122,23,1,3
BRDA:136,24,0,2
BRDA:136,24,1,1
BRDA:136,25,0,3
BRDA:136,25,1,2
BRDA:136,25,2,2
BRDA:137,26,0,1
BRDA:137,26,1,1
BRDA:151,27,0,1
BRDA:151,27,1,1
BRDA:151,28,0,2
BRDA:151,28,1,2
BRDA:151,28,2,2
BRDA:152,29,0,1
BRDA:152,29,1,0
BRDA:166,30,0,9
BRDA:166,30,1,1
BRDA:166,31,0,10
BRDA:166,31,1,7
BRDA:166,31,2,6
BRDA:167,32,0,3
BRDA:167,32,1,6
BRDA:167,33,0,9
BRDA:167,33,1,6
BRDA:167,33,2,3
BRDA:181,34,0,1
BRDA:181,34,1,1
BRDA:181,35,0,2
BRDA:181,35,1,2
BRDA:181,35,2,2
BRDA:182,36,0,1
BRDA:182,36,1,0
BRDA:196,37,0,5
BRDA:196,37,1,1
BRDA:196,38,0,6
BRDA:196,38,1,2
BRDA:196,38,2,1
BRDA:197,39,0,1
BRDA:197,39,1,4
BRDA:211,40,0,5
BRDA:211,40,1,1
BRDA:211,41,0,6
BRDA:211,41,1,2
BRDA:211,41,2,2
BRDA:212,42,0,1
BRDA:212,42,1,4
BRDA:229,43,0,6
BRDA:229,43,1,1
BRDA:229,44,0,7
BRDA:229,44,1,5
BRDA:229,44,2,4
BRDA:230,45,0,4
BRDA:230,45,1,2
BRDA:236,46,0,3
BRDA:236,46,1,1
BRDA:236,47,0,4
BRDA:236,47,1,1
BRDA:236,47,2,1
BRDA:242,48,0,1
BRDA:242,48,1,3
BRDA:243,49,0,4
BRDA:243,49,1,3
BRDA:246,50,0,1
BRDA:246,50,1,0
BRDA:259,51,0,2
BRDA:259,51,1,0
BRDA:259,52,0,2
BRDA:259,52,1,0
BRDA:259,52,2,0
BRDA:265,53,0,1
BRDA:265,53,1,1
BRDA:265,54,0,2
BRDA:265,54,1,1
BRDA:266,55,0,0
BRDA:266,55,1,1
BRDA:283,56,0,12
BRDA:283,56,1,1
BRDA:284,57,0,13
BRDA:284,57,1,9
BRDA:284,57,2,4
BRDA:284,57,3,4
BRDA:284,57,4,4
BRDA:284,57,5,3
BRDA:288,58,0,3
BRDA:288,58,1,9
BRDA:289,59,0,1
BRDA:289,59,1,2
BRDA:292,60,0,0
BRDA:292,60,1,9
BRDA:308,61,0,59
BRDA:308,61,1,1
BRDA:308,61,2,2
BRDA:308,61,3,2
BRDA:308,61,4,2
BRDA:308,61,5,11
BRDA:308,61,6,11
BRDA:308,61,7,11
BRDA:308,61,8,14
BRDA:308,61,9,5
BRDA:322,62,0,1
BRDA:322,62,1,1
BRDA:322,63,0,2
BRDA:322,63,1,2
BRDA:322,63,2,1
BRDA:336,64,0,5
BRDA:336,64,1,6
BRDA:336,65,0,11
BRDA:336,65,1,11
BRDA:336,65,2,5
BRDA:342,66,0,1
BRDA:342,66,1,10
BRDA:364,67,0,10
BRDA:364,67,1,4
BRDA:365,68,0,14
BRDA:365,68,1,12
BRDA:365,68,2,11
BRDA:365,68,3,10
BRDA:365,68,4,3
BRDA:373,69,0,1
BRDA:373,69,1,3
BRDA:374,70,0,4
BRDA:374,70,1,2
BRDA:374,70,2,1
BRDA:374,70,3,1
BRDA:374,70,4,1
BRDA:374,70,5,0
BRDA:388,71,0,1
BRDA:388,71,1,2
BRDA:389,72,0,3
BRDA:389,72,1,1
BRDA:389,72,2,1
BRDA:389,72,3,1
BRDA:389,72,4,1
BRDA:389,72,5,0
BRDA:415,73,0,23
BRDA:415,73,1,201
BRDA:415,74,0,224
BRDA:415,74,1,49
BRDA:415,74,2,34
BRDA:418,75,0,10
BRDA:418,75,1,13
BRDA:418,76,0,23
BRDA:418,76,1,14
BRDA:422,77,0,11
BRDA:422,77,1,2
BRDA:429,78,0,2
BRDA:429,78,1,21
BRF:209
BRH:197
end_of_record
TN:
SF:/home/tyler/Projects/styled-inline-additions/src/inlineAdditions.jsx
FN:3,(anonymous_0)
FNF:1
FNH:1
FNDA:4,(anonymous_0)
DA:3,1
DA:4,4
DA:6,4
DA:7,2
DA:8,1
DA:10,1
DA:14,4
DA:15,3
DA:16,2
DA:17,2
DA:19,2
DA:20,1
DA:26,1
DA:32,4
LF:14
LH:14
BRDA:6,0,0,2
BRDA:6,0,1,2
BRDA:7,1,0,1
BRDA:7,1,1,1
BRDA:14,2,0,3
BRDA:14,2,1,1
BRDA:15,3,0,2
BRDA:15,3,1,1
BRDA:15,4,0,3
BRDA:15,4,1,3
BRDA:19,5,0,1
BRDA:19,5,1,1
BRF:12
BRH:12
end_of_record
TN:
SF:/home/tyler/Projects/styled-inline-additions/src/inlineConvert.js
FN:7,(anonymous_0)
FN:15,(anonymous_1)
FNF:2
FNH:2
FNDA:66,(anonymous_0)
FNDA:191,(anonymous_1)
DA:7,1
DA:8,66
DA:9,66
DA:10,66
DA:11,66
DA:12,66
DA:14,66
DA:15,64
DA:16,191
DA:17,191
DA:18,191
DA:20,191
DA:21,133
DA:24,25
DA:29,25
DA:30,16
DA:32,25
DA:33,5
DA:35,25
DA:36,6
DA:38,25
DA:39,5
DA:42,108
DA:43,108
DA:45,108
DA:47,58
DA:48,56
DA:49,43
DA:51,20
DA:53,20
DA:54,19
DA:58,1
DA:60,20
DA:61,4
DA:63,20
DA:69,5
DA:70,5
DA:72,5
DA:73,2
DA:77,3
DA:79,5
DA:80,2
DA:82,5
DA:88,10
DA:92,10
DA:94,10
DA:95,7
DA:97,10
DA:98,5
DA:104,5
DA:106,10
DA:107,3
DA:109,10
DA:112,7
DA:114,7
DA:115,6
DA:117,6
DA:119,7
DA:120,2
DA:122,7
DA:125,1
DA:126,1
DA:128,13
DA:131,12
DA:136,12
DA:137,10
DA:139,12
DA:140,2
DA:142,12
DA:143,1
DA:145,12
DA:146,4
DA:149,1
DA:152,2
DA:157,66
LF:75
LH:75
BRDA:14,0,0,64
BRDA:14,0,1,2
BRDA:14,1,0,66
BRDA:14,1,1,65
BRDA:14,1,2,65
BRDA:20,2,0,133
BRDA:20,2,1,58
BRDA:21,3,0,25
BRDA:21,3,1,108
BRDA:29,4,0,16
BRDA:29,4,1,9
BRDA:32,5,0,5
BRDA:32,5,1,20
BRDA:35,6,0,6
BRDA:35,6,1,19
BRDA:38,7,0,5
BRDA:38,7,1,20
BRDA:47,8,0,56
BRDA:47,8,1,2
BRDA:48,9,0,43
BRDA:48,9,1,13
BRDA:48,10,0,56
BRDA:48,10,1,55
BRDA:49,11,0,20
BRDA:49,11,1,2
BRDA:49,11,2,3
BRDA:49,11,3,3
BRDA:49,11,4,5
BRDA:49,11,5,9
BRDA:49,11,6,10
BRDA:49,11,7,7
BRDA:49,11,8,1
BRDA:53,12,0,19
BRDA:53,12,1,1
BRDA:55,13,0,11
BRDA:55,13,1,8
BRDA:60,14,0,4
BRDA:60,14,1,16
BRDA:72,15,0,2
BRDA:72,15,1,3
BRDA:74,16,0,0
BRDA:74,16,1,2
BRDA:79,17,0,2
BRDA:79,17,1,3
BRDA:94,18,0,7
BRDA:94,18,1,3
BRDA:97,19,0,5
BRDA:97,19,1,5
BRDA:99,20,0,2
BRDA:99,20,1,3
BRDA:101,21,0,1
BRDA:101,21,1,4
BRDA:106,22,0,3
BRDA:106,22,1,7
BRDA:114,23,0,6
BRDA:114,23,1,1
BRDA:119,24,0,2
BRDA:119,24,1,5
BRDA:128,25,0,12
BRDA:128,25,1,1
BRDA:136,26,0,10
BRDA:136,26,1,2
BRDA:139,27,0,2
BRDA:139,27,1,10
BRDA:142,28,0,1
BRDA:142,28,1,11
BRDA:145,29,0,4
BRDA:145,29,1,8
BRF:68
BRH:67
end_of_record
TN:
SF:/home/tyler/Projects/styled-inline-additions/src/stringifyCategory.js
FN:1,(anonymous_0)
FNF:1
FNH:1
FNDA:174,(anonymous_0)
DA:1,1
DA:2,174
DA:4,8
DA:7,27
DA:10,5
DA:14,2
DA:16,6
DA:18,126
LF:8
LH:8
BRDA:2,0,0,8
BRDA:2,0,1,5
BRDA:2,0,2,27
BRDA:2,0,3,4
BRDA:2,0,4,5
BRDA:2,0,5,2
BRDA:2,0,6,6
BRDA:2,0,7,126
BRF:8
BRH:8
end_of_record
TN:
SF:/home/tyler/Projects/styled-inline-additions/src/Categories/categories.js
FNF:0
FNH:0
DA:6,1
LF:1
LH:1
BRF:0
BRH:0
end_of_record
TN:
SF:/home/tyler/Projects/styled-inline-additions/src/Categories/htmlElements.js
FNF:0
FNH:0
DA:1,1
LF:1
LH:1
BRF:0
BRH:0
end_of_record
TN:
SF:/home/tyler/Projects/styled-inline-additions/src/Categories/mediaTypesFeatures.js
FNF:0
FNH:0
DA:1,1
DA:8,1
DA:44,1
LF:3
LH:3
BRF:0
BRH:0
end_of_record
TN:
SF:/home/tyler/Projects/styled-inline-additions/src/Categories/pseudoClasses.js
FNF:0
FNH:0
DA:1,1
DA:42,1
LF:2
LH:2
BRF:0
BRH:0
end_of_record
TN:
SF:/home/tyler/Projects/styled-inline-additions/src/Categories/pseudoElements.js
FNF:0
FNH:0
DA:1,1
DA:15,1
DA:19,1
LF:3
LH:3
BRF:0
BRH:0
end_of_record
